-- The C compiler identification is GNU 11.4.0
-- The CXX compiler identification is GNU 11.4.0
-- Detecting C compiler ABI info
-- Detecting C compiler ABI info - done
-- Check for working C compiler: /usr/bin/cc - skipped
-- Detecting C compile features
-- Detecting C compile features - done
-- Detecting CXX compiler ABI info
-- Detecting CXX compiler ABI info - done
-- Check for working CXX compiler: /usr/bin/c++ - skipped
-- Detecting CXX compile features
-- Detecting CXX compile features - done
-- Found ament_cmake: 1.3.14 (/opt/ros/humble/share/ament_cmake/cmake)
-- Found Python3: /usr/bin/python3 (found version "3.10.12") found components: Interpreter
-- Found tf2: 0.25.19 (/opt/ros/humble/share/tf2/cmake)
-- Found rosidl_generator_c: 3.1.8 (/opt/ros/humble/share/rosidl_generator_c/cmake)
-- Found rosidl_adapter: 3.1.8 (/opt/ros/humble/share/rosidl_adapter/cmake)
-- Found rosidl_generator_cpp: 3.1.8 (/opt/ros/humble/share/rosidl_generator_cpp/cmake)
-- Using all available rosidl_typesupport_c: rosidl_typesupport_fastrtps_c;rosidl_typesupport_introspection_c
-- Using all available rosidl_typesupport_cpp: rosidl_typesupport_fastrtps_cpp;rosidl_typesupport_introspection_cpp
-- Found rclcpp: 16.0.18 (/opt/ros/humble/share/rclcpp/cmake)
-- Found rmw_implementation_cmake: 6.1.2 (/opt/ros/humble/share/rmw_implementation_cmake/cmake)
-- Found rmw_cyclonedds_cpp: 1.3.4 (/opt/ros/humble/share/rmw_cyclonedds_cpp/cmake)
-- Using RMW implementation 'rmw_cyclonedds_cpp' as default
-- Performing Test CMAKE_HAVE_LIBC_PTHREAD
-- Performing Test CMAKE_HAVE_LIBC_PTHREAD - Success
-- Found Threads: TRUE
-- Found nav_msgs: 4.9.1 (/opt/ros/humble/share/nav_msgs/cmake)
-- Found tf2_geometry_msgs: 0.25.19 (/opt/ros/humble/share/tf2_geometry_msgs/cmake)
-- Found eigen3_cmake_module: 0.1.1 (/opt/ros/humble/share/eigen3_cmake_module/cmake)
-- Found Eigen3: TRUE (found version "3.4.0")
-- Ensuring Eigen3 include directory is part of orocos-kdl CMake target
-- Found pcl_ros: 2.4.5 (/opt/ros/humble/share/pcl_ros/cmake)
-- Checking for module 'eigen3'
--   Found eigen3, version 3.4.0
-- Found Eigen: /usr/include/eigen3 (Required is at least version "3.1")
-- Eigen found (include: /usr/include/eigen3, version: 3.4.0)
-- Checking for module 'flann'
--   Found flann, version 1.9.1
-- Found FLANN: /usr/lib/x86_64-linux-gnu/libflann_cpp.so
-- FLANN found (include: /usr/include, lib: /usr/lib/x86_64-linux-gnu/libflann_cpp.so)
-- Checking for module 'libusb-1.0'
--   Found libusb-1.0, version 1.0.25
-- Found libusb: /usr/lib/x86_64-linux-gnu/libusb-1.0.so
-- OpenNI found (version: 1.5.4.0, include: /usr/include/ni, lib: /usr/lib/libOpenNI.so;libusb::libusb)
-- OpenNI2 found (version: 2.2.0.33, include: /usr/include/openni2, lib: /usr/lib/x86_64-linux-gnu/libOpenNI2.so;libusb::libusb)
-- Eigen found (include: /usr/include/eigen3, version: 3.4.0)
-- OpenNI found (version: 1.5.4.0, include: /usr/include/ni, lib: /usr/lib/libOpenNI.so;libusb::libusb)
-- OpenNI2 found (version: 2.2.0.33, include: /usr/include/openni2, lib: /usr/lib/x86_64-linux-gnu/libOpenNI2.so;libusb::libusb)
-- Found Qhull version 8.0.2
-- OpenNI found (version: 1.5.4.0, include: /usr/include/ni, lib: /usr/lib/libOpenNI.so;libusb::libusb)
-- Found PCL_COMMON: /usr/lib/x86_64-linux-gnu/libpcl_common.so
-- Found PCL_KDTREE: /usr/lib/x86_64-linux-gnu/libpcl_kdtree.so
-- Found PCL_OCTREE: /usr/lib/x86_64-linux-gnu/libpcl_octree.so
-- Found PCL_SEARCH: /usr/lib/x86_64-linux-gnu/libpcl_search.so
-- Found PCL_SAMPLE_CONSENSUS: /usr/lib/x86_64-linux-gnu/libpcl_sample_consensus.so
-- Found PCL_FILTERS: /usr/lib/x86_64-linux-gnu/libpcl_filters.so
-- Found PCL_2D: /usr/include/pcl-1.12
-- Found PCL_GEOMETRY: /usr/include/pcl-1.12
-- Found PCL_IO: /usr/lib/x86_64-linux-gnu/libpcl_io.so
-- Found PCL_FEATURES: /usr/lib/x86_64-linux-gnu/libpcl_features.so
-- Found PCL_ML: /usr/lib/x86_64-linux-gnu/libpcl_ml.so
-- Found PCL_SEGMENTATION: /usr/lib/x86_64-linux-gnu/libpcl_segmentation.so
-- Found PCL_VISUALIZATION: /usr/lib/x86_64-linux-gnu/libpcl_visualization.so
-- Found PCL_SURFACE: /usr/lib/x86_64-linux-gnu/libpcl_surface.so
-- Found PCL_REGISTRATION: /usr/lib/x86_64-linux-gnu/libpcl_registration.so
-- Found PCL_KEYPOINTS: /usr/lib/x86_64-linux-gnu/libpcl_keypoints.so
-- Found PCL_TRACKING: /usr/lib/x86_64-linux-gnu/libpcl_tracking.so
-- Found PCL_RECOGNITION: /usr/lib/x86_64-linux-gnu/libpcl_recognition.so
-- Found PCL_STEREO: /usr/lib/x86_64-linux-gnu/libpcl_stereo.so
-- Found PCL_APPS: /usr/lib/x86_64-linux-gnu/libpcl_apps.so
-- Found PCL_IN_HAND_SCANNER: /usr/include/pcl-1.12
-- Found PCL_MODELER: /usr/include/pcl-1.12
-- Found PCL_POINT_CLOUD_EDITOR: /usr/include/pcl-1.12
-- Found PCL_OUTOFCORE: /usr/lib/x86_64-linux-gnu/libpcl_outofcore.so
-- Found PCL_PEOPLE: /usr/lib/x86_64-linux-gnu/libpcl_people.so
-- Found std_srvs: 4.9.1 (/opt/ros/humble/share/std_srvs/cmake)
-- Found ament_lint_auto: 0.12.15 (/opt/ros/humble/share/ament_lint_auto/cmake)
-- Added test 'cppcheck' to perform static code analysis on C / C++ code
-- Configured cppcheck include dirs: $<BUILD_INTERFACE:/home/sb/pointlio_change/src/pointlio_bridge/include>
-- Configured cppcheck exclude dirs and/or files: 
-- Added test 'lint_cmake' to check CMake code style
-- Added test 'uncrustify' to check C / C++ code style
-- Configured uncrustify additional arguments: 
-- Added test 'xmllint' to check XML markup files
-- Configuring done (6.1s)
-- Generating done (0.2s)
-- Build files have been written to: /home/sb/pointlio_change/build/pointlio_bridge
[ 25%] [32mBuilding CXX object CMakeFiles/pointlio_lego.dir/src/pointlio_lego_processor.cpp.o[0m
[ 50%] [1m[32mLinking CXX shared library libpointlio_lego.so[0m
[ 50%] Built target pointlio_lego
[ 75%] [32mBuilding CXX object CMakeFiles/pointlio_bridge.dir/src/main.cpp.o[0m
[100%] [1m[32mLinking CXX executable pointlio_bridge[0m
[100%] Built target pointlio_bridge
-- Install configuration: ""
-- Installing: /home/sb/pointlio_change/install/pointlio_bridge/lib/pointlio_bridge/pointlio_bridge
-- Set non-toolchain portion of runtime path of "/home/sb/pointlio_change/install/pointlio_bridge/lib/pointlio_bridge/pointlio_bridge" to ""
-- Installing: /home/sb/pointlio_change/install/pointlio_bridge/lib/libpointlio_lego.so
-- Set non-toolchain portion of runtime path of "/home/sb/pointlio_change/install/pointlio_bridge/lib/libpointlio_lego.so" to ""
-- Installing: /home/sb/pointlio_change/install/pointlio_bridge/share/pointlio_bridge/launch
-- Installing: /home/sb/pointlio_change/install/pointlio_bridge/share/pointlio_bridge/config
-- Installing: /home/sb/pointlio_change/install/pointlio_bridge/share/pointlio_bridge/config/pointlio_bridge.yaml
-- Installing: /home/sb/pointlio_change/install/pointlio_bridge/share/ament_index/resource_index/package_run_dependencies/pointlio_bridge
-- Installing: /home/sb/pointlio_change/install/pointlio_bridge/share/ament_index/resource_index/parent_prefix_path/pointlio_bridge
-- Installing: /home/sb/pointlio_change/install/pointlio_bridge/share/pointlio_bridge/environment/ament_prefix_path.sh
-- Installing: /home/sb/pointlio_change/install/pointlio_bridge/share/pointlio_bridge/environment/ament_prefix_path.dsv
-- Installing: /home/sb/pointlio_change/install/pointlio_bridge/share/pointlio_bridge/environment/path.sh
-- Installing: /home/sb/pointlio_change/install/pointlio_bridge/share/pointlio_bridge/environment/path.dsv
-- Installing: /home/sb/pointlio_change/install/pointlio_bridge/share/pointlio_bridge/local_setup.bash
-- Installing: /home/sb/pointlio_change/install/pointlio_bridge/share/pointlio_bridge/local_setup.sh
-- Installing: /home/sb/pointlio_change/install/pointlio_bridge/share/pointlio_bridge/local_setup.zsh
-- Installing: /home/sb/pointlio_change/install/pointlio_bridge/share/pointlio_bridge/local_setup.dsv
-- Installing: /home/sb/pointlio_change/install/pointlio_bridge/share/pointlio_bridge/package.dsv
-- Installing: /home/sb/pointlio_change/install/pointlio_bridge/share/ament_index/resource_index/packages/pointlio_bridge
-- Installing: /home/sb/pointlio_change/install/pointlio_bridge/share/pointlio_bridge/cmake/pointlio_bridgeConfig.cmake
-- Installing: /home/sb/pointlio_change/install/pointlio_bridge/share/pointlio_bridge/cmake/pointlio_bridgeConfig-version.cmake
-- Installing: /home/sb/pointlio_change/install/pointlio_bridge/share/pointlio_bridge/package.xml
