[0.032s] Invoking command in '/home/sb/pointlio_change/build/pointlio_bridge': CMAKE_PREFIX_PATH=/opt/ros/humble _=/usr/bin/env /home/sb/.local/bin/cmake /home/sb/pointlio_change/src/pointlio_bridge -DCMAKE_INSTALL_PREFIX=/home/sb/pointlio_change/install/pointlio_bridge
[0.165s] [0mCMake Deprecation Warning at CMakeLists.txt:1 (cmake_minimum_required):
[0.165s]   Compatibility with CMake < 3.10 will be removed from a future version of
[0.165s]   CMake.
[0.165s] 
[0.166s]   Update the VERSION argument <min> value.  Or, use the <min>...<max> syntax
[0.166s]   to tell CMake that the project requires at least <min> but has been updated
[0.166s]   to work with policies introduced by <max> or earlier.
[0.166s] 
[0.166s] [0m
[0.287s] -- The C compiler identification is GNU 11.4.0
[0.426s] -- The CXX compiler identification is GNU 11.4.0
[0.447s] -- Detecting C compiler ABI info
[0.544s] -- Detecting C compiler ABI info - done
[0.571s] -- Check for working C compiler: /usr/bin/cc - skipped
[0.571s] -- Detecting C compile features
[0.572s] -- Detecting C compile features - done
[0.593s] -- Detecting CXX compiler ABI info
[0.705s] -- Detecting CXX compiler ABI info - done
[0.734s] -- Check for working CXX compiler: /usr/bin/c++ - skipped
[0.734s] -- Detecting CXX compile features
[0.735s] -- Detecting CXX compile features - done
[0.759s] -- Found ament_cmake: 1.3.14 (/opt/ros/humble/share/ament_cmake/cmake)
[0.990s] -- Found Python3: /usr/bin/python3 (found version "3.10.12") found components: Interpreter
[1.148s] -- Found tf2: 0.25.19 (/opt/ros/humble/share/tf2/cmake)
[1.267s] -- Found rosidl_generator_c: 3.1.8 (/opt/ros/humble/share/rosidl_generator_c/cmake)
[1.277s] -- Found rosidl_adapter: 3.1.8 (/opt/ros/humble/share/rosidl_adapter/cmake)
[1.299s] -- Found rosidl_generator_cpp: 3.1.8 (/opt/ros/humble/share/rosidl_generator_cpp/cmake)
[1.328s] -- Using all available rosidl_typesupport_c: rosidl_typesupport_fastrtps_c;rosidl_typesupport_introspection_c
[1.366s] -- Using all available rosidl_typesupport_cpp: rosidl_typesupport_fastrtps_cpp;rosidl_typesupport_introspection_cpp
[1.493s] -- Found rclcpp: 16.0.18 (/opt/ros/humble/share/rclcpp/cmake)
[1.568s] -- Found rmw_implementation_cmake: 6.1.2 (/opt/ros/humble/share/rmw_implementation_cmake/cmake)
[1.573s] -- Found rmw_cyclonedds_cpp: 1.3.4 (/opt/ros/humble/share/rmw_cyclonedds_cpp/cmake)
[1.618s] -- Using RMW implementation 'rmw_cyclonedds_cpp' as default
[1.638s] -- Performing Test CMAKE_HAVE_LIBC_PTHREAD
[1.735s] -- Performing Test CMAKE_HAVE_LIBC_PTHREAD - Success
[1.737s] -- Found Threads: TRUE
[1.835s] -- Found nav_msgs: 4.9.1 (/opt/ros/humble/share/nav_msgs/cmake)
[1.883s] -- Found tf2_geometry_msgs: 0.25.19 (/opt/ros/humble/share/tf2_geometry_msgs/cmake)
[1.917s] -- Found eigen3_cmake_module: 0.1.1 (/opt/ros/humble/share/eigen3_cmake_module/cmake)
[1.921s] -- Found Eigen3: TRUE (found version "3.4.0")
[1.922s] -- Ensuring Eigen3 include directory is part of orocos-kdl CMake target
[2.182s] -- Found pcl_ros: 2.4.5 (/opt/ros/humble/share/pcl_ros/cmake)
[2.308s] [33mCMake Warning (dev) at /usr/lib/x86_64-linux-gnu/cmake/pcl/PCLConfig.cmake:146 (find_package):
[2.308s]   Policy CMP0144 is not set: find_package uses upper-case <PACKAGENAME>_ROOT
[2.308s]   variables.  Run "cmake --help-policy CMP0144" for policy details.  Use the
[2.308s]   cmake_policy command to set the policy and suppress this warning.
[2.309s] 
[2.309s]   CMake variable EIGEN_ROOT is set to:
[2.309s] 
[2.309s]     /usr/include/eigen3
[2.309s] 
[2.309s]   For compatibility, find_package is ignoring the variable, but code in a
[2.309s]   .cmake module might still use it.
[2.309s] Call Stack (most recent call first):
[2.310s]   /usr/lib/x86_64-linux-gnu/cmake/pcl/PCLConfig.cmake:299 (find_eigen)
[2.310s]   /usr/lib/x86_64-linux-gnu/cmake/pcl/PCLConfig.cmake:543 (find_external_library)
[2.310s]   /opt/ros/humble/share/pcl_conversions/cmake/ament_cmake_export_dependencies-extras.cmake:21 (find_package)
[2.310s]   /opt/ros/humble/share/pcl_conversions/cmake/pcl_conversionsConfig.cmake:41 (include)
[2.310s]   /opt/ros/humble/share/pcl_ros/cmake/ament_cmake_export_dependencies-extras.cmake:21 (find_package)
[2.310s]   /opt/ros/humble/share/pcl_ros/cmake/pcl_rosConfig.cmake:41 (include)
[2.310s]   CMakeLists.txt:16 (find_package)
[2.310s] This warning is for project developers.  Use -Wno-dev to suppress it.
[2.310s] [0m
[2.317s] -- Checking for module 'eigen3'
[2.336s] --   Found eigen3, version 3.4.0
[2.383s] -- Found Eigen: /usr/include/eigen3 (Required is at least version "3.1")
[2.383s] -- Eigen found (include: /usr/include/eigen3, version: 3.4.0)
[2.384s] [33mCMake Warning (dev) at /usr/lib/x86_64-linux-gnu/cmake/pcl/PCLConfig.cmake:128 (find_package):
[2.384s]   Policy CMP0167 is not set: The FindBoost module is removed.  Run "cmake
[2.384s]   --help-policy CMP0167" for policy details.  Use the cmake_policy command to
[2.384s]   set the policy and suppress this warning.
[2.384s] 
[2.384s] Call Stack (most recent call first):
[2.384s]   /usr/lib/x86_64-linux-gnu/cmake/pcl/PCLConfig.cmake:297 (find_boost)
[2.384s]   /usr/lib/x86_64-linux-gnu/cmake/pcl/PCLConfig.cmake:543 (find_external_library)
[2.384s]   /opt/ros/humble/share/pcl_conversions/cmake/ament_cmake_export_dependencies-extras.cmake:21 (find_package)
[2.384s]   /opt/ros/humble/share/pcl_conversions/cmake/pcl_conversionsConfig.cmake:41 (include)
[2.384s]   /opt/ros/humble/share/pcl_ros/cmake/ament_cmake_export_dependencies-extras.cmake:21 (find_package)
[2.385s]   /opt/ros/humble/share/pcl_ros/cmake/pcl_rosConfig.cmake:41 (include)
[2.385s]   CMakeLists.txt:16 (find_package)
[2.385s] This warning is for project developers.  Use -Wno-dev to suppress it.
[2.385s] [0m
[2.437s] [33mCMake Warning (dev) at /usr/lib/x86_64-linux-gnu/cmake/pcl/Modules/FindFLANN.cmake:44 (find_package):
[2.437s]   Policy CMP0144 is not set: find_package uses upper-case <PACKAGENAME>_ROOT
[2.437s]   variables.  Run "cmake --help-policy CMP0144" for policy details.  Use the
[2.437s]   cmake_policy command to set the policy and suppress this warning.
[2.437s] 
[2.438s]   CMake variable FLANN_ROOT is set to:
[2.438s] 
[2.438s]     /usr
[2.438s] 
[2.438s]   For compatibility, find_package is ignoring the variable, but code in a
[2.438s]   .cmake module might still use it.
[2.438s] Call Stack (most recent call first):
[2.438s]   /usr/lib/x86_64-linux-gnu/cmake/pcl/PCLConfig.cmake:256 (find_package)
[2.439s]   /usr/lib/x86_64-linux-gnu/cmake/pcl/PCLConfig.cmake:301 (find_flann)
[2.439s]   /usr/lib/x86_64-linux-gnu/cmake/pcl/PCLConfig.cmake:543 (find_external_library)
[2.439s]   /opt/ros/humble/share/pcl_conversions/cmake/ament_cmake_export_dependencies-extras.cmake:21 (find_package)
[2.439s]   /opt/ros/humble/share/pcl_conversions/cmake/pcl_conversionsConfig.cmake:41 (include)
[2.439s]   /opt/ros/humble/share/pcl_ros/cmake/ament_cmake_export_dependencies-extras.cmake:21 (find_package)
[2.439s]   /opt/ros/humble/share/pcl_ros/cmake/pcl_rosConfig.cmake:41 (include)
[2.439s]   CMakeLists.txt:16 (find_package)
[2.439s] This warning is for project developers.  Use -Wno-dev to suppress it.
[2.439s] [0m
[2.473s] -- Checking for module 'flann'
[2.494s] --   Found flann, version 1.9.1
[2.572s] -- Found FLANN: /usr/lib/x86_64-linux-gnu/libflann_cpp.so
[2.572s] -- FLANN found (include: /usr/include, lib: /usr/lib/x86_64-linux-gnu/libflann_cpp.so)
[4.262s] -- Checking for module 'libusb-1.0'
[4.283s] --   Found libusb-1.0, version 1.0.25
[4.339s] -- Found libusb: /usr/lib/x86_64-linux-gnu/libusb-1.0.so
[4.341s] -- OpenNI found (version: 1.5.4.0, include: /usr/include/ni, lib: /usr/lib/libOpenNI.so;libusb::libusb)
[4.433s] -- OpenNI2 found (version: 2.2.0.33, include: /usr/include/openni2, lib: /usr/lib/x86_64-linux-gnu/libOpenNI2.so;libusb::libusb)
[4.778s] [33mCMake Warning (dev) at /usr/lib/x86_64-linux-gnu/cmake/pcl/PCLConfig.cmake:128 (find_package):
[4.778s]   Policy CMP0167 is not set: The FindBoost module is removed.  Run "cmake
[4.778s]   --help-policy CMP0167" for policy details.  Use the cmake_policy command to
[4.778s]   set the policy and suppress this warning.
[4.778s] 
[4.778s] Call Stack (most recent call first):
[4.779s]   /usr/lib/x86_64-linux-gnu/cmake/pcl/PCLConfig.cmake:297 (find_boost)
[4.779s]   /usr/lib/x86_64-linux-gnu/cmake/pcl/PCLConfig.cmake:543 (find_external_library)
[4.779s]   /opt/ros/humble/share/pcl_conversions/cmake/ament_cmake_export_dependencies-extras.cmake:21 (find_package)
[4.779s]   /opt/ros/humble/share/pcl_conversions/cmake/pcl_conversionsConfig.cmake:41 (include)
[4.779s]   /opt/ros/humble/share/pcl_ros/cmake/ament_cmake_export_dependencies-extras.cmake:21 (find_package)
[4.779s]   /opt/ros/humble/share/pcl_ros/cmake/pcl_rosConfig.cmake:41 (include)
[4.779s]   CMakeLists.txt:16 (find_package)
[4.779s] This warning is for project developers.  Use -Wno-dev to suppress it.
[4.779s] [0m
[4.803s] -- Eigen found (include: /usr/include/eigen3, version: 3.4.0)
[4.816s] -- OpenNI found (version: 1.5.4.0, include: /usr/include/ni, lib: /usr/lib/libOpenNI.so;libusb::libusb)
[4.830s] -- OpenNI2 found (version: 2.2.0.33, include: /usr/include/openni2, lib: /usr/lib/x86_64-linux-gnu/libOpenNI2.so;libusb::libusb)
[5.200s] -- Found Qhull version 8.0.2
[5.574s] -- OpenNI found (version: 1.5.4.0, include: /usr/include/ni, lib: /usr/lib/libOpenNI.so;libusb::libusb)
[5.941s] -- Found PCL_COMMON: /usr/lib/x86_64-linux-gnu/libpcl_common.so
[5.944s] -- Found PCL_KDTREE: /usr/lib/x86_64-linux-gnu/libpcl_kdtree.so
[5.947s] -- Found PCL_OCTREE: /usr/lib/x86_64-linux-gnu/libpcl_octree.so
[5.950s] -- Found PCL_SEARCH: /usr/lib/x86_64-linux-gnu/libpcl_search.so
[5.953s] -- Found PCL_SAMPLE_CONSENSUS: /usr/lib/x86_64-linux-gnu/libpcl_sample_consensus.so
[5.956s] -- Found PCL_FILTERS: /usr/lib/x86_64-linux-gnu/libpcl_filters.so
[5.957s] -- Found PCL_2D: /usr/include/pcl-1.12
[5.957s] -- Found PCL_GEOMETRY: /usr/include/pcl-1.12
[5.960s] -- Found PCL_IO: /usr/lib/x86_64-linux-gnu/libpcl_io.so
[5.963s] -- Found PCL_FEATURES: /usr/lib/x86_64-linux-gnu/libpcl_features.so
[5.967s] -- Found PCL_ML: /usr/lib/x86_64-linux-gnu/libpcl_ml.so
[5.970s] -- Found PCL_SEGMENTATION: /usr/lib/x86_64-linux-gnu/libpcl_segmentation.so
[5.973s] -- Found PCL_VISUALIZATION: /usr/lib/x86_64-linux-gnu/libpcl_visualization.so
[5.976s] -- Found PCL_SURFACE: /usr/lib/x86_64-linux-gnu/libpcl_surface.so
[5.979s] -- Found PCL_REGISTRATION: /usr/lib/x86_64-linux-gnu/libpcl_registration.so
[5.983s] -- Found PCL_KEYPOINTS: /usr/lib/x86_64-linux-gnu/libpcl_keypoints.so
[5.986s] -- Found PCL_TRACKING: /usr/lib/x86_64-linux-gnu/libpcl_tracking.so
[5.989s] -- Found PCL_RECOGNITION: /usr/lib/x86_64-linux-gnu/libpcl_recognition.so
[5.992s] -- Found PCL_STEREO: /usr/lib/x86_64-linux-gnu/libpcl_stereo.so
[5.995s] -- Found PCL_APPS: /usr/lib/x86_64-linux-gnu/libpcl_apps.so
[5.997s] -- Found PCL_IN_HAND_SCANNER: /usr/include/pcl-1.12
[5.998s] -- Found PCL_MODELER: /usr/include/pcl-1.12
[5.999s] -- Found PCL_POINT_CLOUD_EDITOR: /usr/include/pcl-1.12
[6.003s] -- Found PCL_OUTOFCORE: /usr/lib/x86_64-linux-gnu/libpcl_outofcore.so
[6.006s] -- Found PCL_PEOPLE: /usr/lib/x86_64-linux-gnu/libpcl_people.so
[6.037s] -- Found std_srvs: 4.9.1 (/opt/ros/humble/share/std_srvs/cmake)
[6.102s] -- Found ament_lint_auto: 0.12.15 (/opt/ros/humble/share/ament_lint_auto/cmake)
[6.249s] -- Added test 'cppcheck' to perform static code analysis on C / C++ code
[6.250s] -- Configured cppcheck include dirs: $<BUILD_INTERFACE:/home/sb/pointlio_change/src/pointlio_bridge/include>
[6.250s] -- Configured cppcheck exclude dirs and/or files: 
[6.252s] -- Added test 'lint_cmake' to check CMake code style
[6.254s] -- Added test 'uncrustify' to check C / C++ code style
[6.254s] -- Configured uncrustify additional arguments: 
[6.255s] -- Added test 'xmllint' to check XML markup files
[6.258s] -- Configuring done (6.1s)
[6.474s] -- Generating done (0.2s)
[6.657s] -- Build files have been written to: /home/sb/pointlio_change/build/pointlio_bridge
[6.686s] Invoked command in '/home/sb/pointlio_change/build/pointlio_bridge' returned '0': CMAKE_PREFIX_PATH=/opt/ros/humble _=/usr/bin/env /home/sb/.local/bin/cmake /home/sb/pointlio_change/src/pointlio_bridge -DCMAKE_INSTALL_PREFIX=/home/sb/pointlio_change/install/pointlio_bridge
[6.688s] Invoking command in '/home/sb/pointlio_change/build/pointlio_bridge': CMAKE_PREFIX_PATH=/opt/ros/humble _=/usr/bin/env /home/sb/.local/bin/cmake --build /home/sb/pointlio_change/build/pointlio_bridge -- -j24 -l24
[6.858s] [ 25%] [32mBuilding CXX object CMakeFiles/pointlio_lego.dir/src/pointlio_lego_processor.cpp.o[0m
[32.180s] [ 50%] [1m[32mLinking CXX shared library libpointlio_lego.so[0m
[35.881s] [ 50%] Built target pointlio_lego
[35.907s] [ 75%] [32mBuilding CXX object CMakeFiles/pointlio_bridge.dir/src/main.cpp.o[0m
[48.564s] [100%] [1m[32mLinking CXX executable pointlio_bridge[0m
[50.191s] [100%] Built target pointlio_bridge
[50.201s] Invoked command in '/home/sb/pointlio_change/build/pointlio_bridge' returned '0': CMAKE_PREFIX_PATH=/opt/ros/humble _=/usr/bin/env /home/sb/.local/bin/cmake --build /home/sb/pointlio_change/build/pointlio_bridge -- -j24 -l24
[50.208s] Invoking command in '/home/sb/pointlio_change/build/pointlio_bridge': CMAKE_PREFIX_PATH=/opt/ros/humble _=/usr/bin/env /home/sb/.local/bin/cmake --install /home/sb/pointlio_change/build/pointlio_bridge
[50.331s] -- Install configuration: ""
[50.331s] -- Installing: /home/sb/pointlio_change/install/pointlio_bridge/lib/pointlio_bridge/pointlio_bridge
[50.332s] -- Set non-toolchain portion of runtime path of "/home/sb/pointlio_change/install/pointlio_bridge/lib/pointlio_bridge/pointlio_bridge" to ""
[50.332s] -- Installing: /home/sb/pointlio_change/install/pointlio_bridge/lib/libpointlio_lego.so
[50.343s] -- Set non-toolchain portion of runtime path of "/home/sb/pointlio_change/install/pointlio_bridge/lib/libpointlio_lego.so" to ""
[50.343s] -- Installing: /home/sb/pointlio_change/install/pointlio_bridge/share/pointlio_bridge/launch
[50.343s] -- Installing: /home/sb/pointlio_change/install/pointlio_bridge/share/pointlio_bridge/config
[50.344s] -- Installing: /home/sb/pointlio_change/install/pointlio_bridge/share/pointlio_bridge/config/pointlio_bridge.yaml
[50.344s] -- Installing: /home/sb/pointlio_change/install/pointlio_bridge/share/ament_index/resource_index/package_run_dependencies/pointlio_bridge
[50.345s] -- Installing: /home/sb/pointlio_change/install/pointlio_bridge/share/ament_index/resource_index/parent_prefix_path/pointlio_bridge
[50.345s] -- Installing: /home/sb/pointlio_change/install/pointlio_bridge/share/pointlio_bridge/environment/ament_prefix_path.sh
[50.345s] -- Installing: /home/sb/pointlio_change/install/pointlio_bridge/share/pointlio_bridge/environment/ament_prefix_path.dsv
[50.345s] -- Installing: /home/sb/pointlio_change/install/pointlio_bridge/share/pointlio_bridge/environment/path.sh
[50.346s] -- Installing: /home/sb/pointlio_change/install/pointlio_bridge/share/pointlio_bridge/environment/path.dsv
[50.346s] -- Installing: /home/sb/pointlio_change/install/pointlio_bridge/share/pointlio_bridge/local_setup.bash
[50.346s] -- Installing: /home/sb/pointlio_change/install/pointlio_bridge/share/pointlio_bridge/local_setup.sh
[50.346s] -- Installing: /home/sb/pointlio_change/install/pointlio_bridge/share/pointlio_bridge/local_setup.zsh
[50.346s] -- Installing: /home/sb/pointlio_change/install/pointlio_bridge/share/pointlio_bridge/local_setup.dsv
[50.346s] -- Installing: /home/sb/pointlio_change/install/pointlio_bridge/share/pointlio_bridge/package.dsv
[50.347s] -- Installing: /home/sb/pointlio_change/install/pointlio_bridge/share/ament_index/resource_index/packages/pointlio_bridge
[50.347s] -- Installing: /home/sb/pointlio_change/install/pointlio_bridge/share/pointlio_bridge/cmake/pointlio_bridgeConfig.cmake
[50.347s] -- Installing: /home/sb/pointlio_change/install/pointlio_bridge/share/pointlio_bridge/cmake/pointlio_bridgeConfig-version.cmake
[50.347s] -- Installing: /home/sb/pointlio_change/install/pointlio_bridge/share/pointlio_bridge/package.xml
[50.350s] Invoked command in '/home/sb/pointlio_change/build/pointlio_bridge' returned '0': CMAKE_PREFIX_PATH=/opt/ros/humble _=/usr/bin/env /home/sb/.local/bin/cmake --install /home/sb/pointlio_change/build/pointlio_bridge
