[0.019s] Invoking command in '/home/sb/pointlio_change/build/point_lio': AMENT_PREFIX_PATH=/home/sb/pointlio_change/install/livox_ros_driver2:${AMENT_PREFIX_PATH} CMAKE_PREFIX_PATH=/home/sb/pointlio_change/install/livox_ros_driver2:/opt/ros/humble LD_LIBRARY_PATH=/home/sb/pointlio_change/install/livox_ros_driver2/lib:/lib/x86_64-linux-gnu:/usr/local/cuda-12.4/lib64:/usr/local/cuda/lib64:/usr/local/cuda/lib64:/usr/local/cuda/lib64:/usr/local/cuda-12.4/lib64:/opt/ros/humble/opt/rviz_ogre_vendor/lib:/opt/ros/humble/lib/x86_64-linux-gnu:/opt/ros/humble/lib:/usr/local/cuda-12.6/lib64:/usr/local/lib:/opt/TensorRT-8.6.1.6/lib:/opt/MVS/lib/64:/opt/MVS/lib/32:/opt/MVS/lib/64:/opt/MVS/lib/32:/usr/local/cuda-12.4/lib64:/opt/TensorRT-8.6.1.6/lib:/opt/TensorRT-8.6.1.6/lib:/opt/MVS/lib/64:/opt/MVS/lib/32:/opt/MVS/lib/64:/opt/MVS/lib/32:/usr/local/cuda-12.4/lib64 PYTHONPATH=/home/sb/pointlio_change/install/livox_ros_driver2/local/lib/python3.10/dist-packages:${PYTHONPATH} _=/usr/bin/env /home/sb/.local/bin/cmake /home/sb/pointlio_change/src/point_lio -DCMAKE_INSTALL_PREFIX=/home/sb/pointlio_change/install/point_lio
[0.142s] [0mCMake Deprecation Warning at CMakeLists.txt:1 (cmake_minimum_required):
[0.142s]   Compatibility with CMake < 3.10 will be removed from a future version of
[0.142s]   CMake.
[0.143s] 
[0.143s]   Update the VERSION argument <min> value.  Or, use the <min>...<max> syntax
[0.143s]   to tell CMake that the project requires at least <min> but has been updated
[0.143s]   to work with policies introduced by <max> or earlier.
[0.143s] 
[0.143s] [0m
[0.216s] -- The C compiler identification is GNU 11.4.0
[0.315s] -- The CXX compiler identification is GNU 11.4.0
[0.328s] -- Detecting C compiler ABI info
[0.414s] -- Detecting C compiler ABI info - done
[0.439s] -- Check for working C compiler: /usr/bin/cc - skipped
[0.440s] -- Detecting C compile features
[0.440s] -- Detecting C compile features - done
[0.459s] -- Detecting CXX compiler ABI info
[0.584s] -- Detecting CXX compiler ABI info - done
[0.611s] -- Check for working CXX compiler: /usr/bin/c++ - skipped
[0.612s] -- Detecting CXX compile features
[0.613s] -- Detecting CXX compile features - done
[0.634s] -- Processor number:  24
[0.634s] -- core for MP:  3
[0.639s] -- Found ament_cmake: 1.3.14 (/opt/ros/humble/share/ament_cmake/cmake)
[0.862s] -- Found Python3: /usr/bin/python3 (found version "3.10.12") found components: Interpreter
[1.008s] -- Found rclcpp: 16.0.18 (/opt/ros/humble/share/rclcpp/cmake)
[1.105s] -- Found rosidl_generator_c: 3.1.8 (/opt/ros/humble/share/rosidl_generator_c/cmake)
[1.115s] -- Found rosidl_adapter: 3.1.8 (/opt/ros/humble/share/rosidl_adapter/cmake)
[1.133s] -- Found rosidl_generator_cpp: 3.1.8 (/opt/ros/humble/share/rosidl_generator_cpp/cmake)
[1.159s] -- Using all available rosidl_typesupport_c: rosidl_typesupport_fastrtps_c;rosidl_typesupport_introspection_c
[1.192s] -- Using all available rosidl_typesupport_cpp: rosidl_typesupport_fastrtps_cpp;rosidl_typesupport_introspection_cpp
[1.290s] -- Found rmw_implementation_cmake: 6.1.2 (/opt/ros/humble/share/rmw_implementation_cmake/cmake)
[1.295s] -- Found rmw_cyclonedds_cpp: 1.3.4 (/opt/ros/humble/share/rmw_cyclonedds_cpp/cmake)
[1.343s] -- Using RMW implementation 'rmw_cyclonedds_cpp' as default
[1.366s] -- Performing Test CMAKE_HAVE_LIBC_PTHREAD
[1.465s] -- Performing Test CMAKE_HAVE_LIBC_PTHREAD - Success
[1.467s] -- Found Threads: TRUE
[1.578s] -- Found rclpy: 3.3.21 (/opt/ros/humble/share/rclpy/cmake)
[1.581s] -- Found geometry_msgs: 4.9.1 (/opt/ros/humble/share/geometry_msgs/cmake)
[1.608s] -- Found nav_msgs: 4.9.1 (/opt/ros/humble/share/nav_msgs/cmake)
[1.649s] -- Found sensor_msgs: 4.9.1 (/opt/ros/humble/share/sensor_msgs/cmake)
[1.690s] -- Found visualization_msgs: 4.9.1 (/opt/ros/humble/share/visualization_msgs/cmake)
[1.737s] -- Found pcl_ros: 2.4.5 (/opt/ros/humble/share/pcl_ros/cmake)
[1.821s] [33mCMake Warning (dev) at /usr/lib/x86_64-linux-gnu/cmake/pcl/PCLConfig.cmake:146 (find_package):
[1.821s]   Policy CMP0144 is not set: find_package uses upper-case <PACKAGENAME>_ROOT
[1.821s]   variables.  Run "cmake --help-policy CMP0144" for policy details.  Use the
[1.821s]   cmake_policy command to set the policy and suppress this warning.
[1.821s] 
[1.822s]   CMake variable EIGEN_ROOT is set to:
[1.822s] 
[1.822s]     /usr/include/eigen3
[1.822s] 
[1.822s]   For compatibility, find_package is ignoring the variable, but code in a
[1.822s]   .cmake module might still use it.
[1.822s] Call Stack (most recent call first):
[1.822s]   /usr/lib/x86_64-linux-gnu/cmake/pcl/PCLConfig.cmake:299 (find_eigen)
[1.822s]   /usr/lib/x86_64-linux-gnu/cmake/pcl/PCLConfig.cmake:543 (find_external_library)
[1.822s]   /opt/ros/humble/share/pcl_conversions/cmake/ament_cmake_export_dependencies-extras.cmake:21 (find_package)
[1.822s]   /opt/ros/humble/share/pcl_conversions/cmake/pcl_conversionsConfig.cmake:41 (include)
[1.822s]   /opt/ros/humble/share/pcl_ros/cmake/ament_cmake_export_dependencies-extras.cmake:21 (find_package)
[1.822s]   /opt/ros/humble/share/pcl_ros/cmake/pcl_rosConfig.cmake:41 (include)
[1.822s]   CMakeLists.txt:49 (find_package)
[1.822s] This warning is for project developers.  Use -Wno-dev to suppress it.
[1.822s] [0m
[1.829s] -- Checking for module 'eigen3'
[1.846s] --   Found eigen3, version 3.4.0
[1.890s] -- Found Eigen: /usr/include/eigen3 (Required is at least version "3.1")
[1.890s] -- Eigen found (include: /usr/include/eigen3, version: 3.4.0)
[1.891s] [33mCMake Warning (dev) at /usr/lib/x86_64-linux-gnu/cmake/pcl/PCLConfig.cmake:128 (find_package):
[1.891s]   Policy CMP0167 is not set: The FindBoost module is removed.  Run "cmake
[1.891s]   --help-policy CMP0167" for policy details.  Use the cmake_policy command to
[1.891s]   set the policy and suppress this warning.
[1.891s] 
[1.891s] Call Stack (most recent call first):
[1.891s]   /usr/lib/x86_64-linux-gnu/cmake/pcl/PCLConfig.cmake:297 (find_boost)
[1.891s]   /usr/lib/x86_64-linux-gnu/cmake/pcl/PCLConfig.cmake:543 (find_external_library)
[1.891s]   /opt/ros/humble/share/pcl_conversions/cmake/ament_cmake_export_dependencies-extras.cmake:21 (find_package)
[1.891s]   /opt/ros/humble/share/pcl_conversions/cmake/pcl_conversionsConfig.cmake:41 (include)
[1.891s]   /opt/ros/humble/share/pcl_ros/cmake/ament_cmake_export_dependencies-extras.cmake:21 (find_package)
[1.891s]   /opt/ros/humble/share/pcl_ros/cmake/pcl_rosConfig.cmake:41 (include)
[1.891s]   CMakeLists.txt:49 (find_package)
[1.892s] This warning is for project developers.  Use -Wno-dev to suppress it.
[1.892s] [0m
[1.951s] [33mCMake Warning (dev) at /usr/lib/x86_64-linux-gnu/cmake/pcl/Modules/FindFLANN.cmake:44 (find_package):
[1.951s]   Policy CMP0144 is not set: find_package uses upper-case <PACKAGENAME>_ROOT
[1.951s]   variables.  Run "cmake --help-policy CMP0144" for policy details.  Use the
[1.951s]   cmake_policy command to set the policy and suppress this warning.
[1.952s] 
[1.952s]   CMake variable FLANN_ROOT is set to:
[1.952s] 
[1.952s]     /usr
[1.952s] 
[1.952s]   For compatibility, find_package is ignoring the variable, but code in a
[1.952s]   .cmake module might still use it.
[1.952s] Call Stack (most recent call first):
[1.952s]   /usr/lib/x86_64-linux-gnu/cmake/pcl/PCLConfig.cmake:256 (find_package)
[1.952s]   /usr/lib/x86_64-linux-gnu/cmake/pcl/PCLConfig.cmake:301 (find_flann)
[1.952s]   /usr/lib/x86_64-linux-gnu/cmake/pcl/PCLConfig.cmake:543 (find_external_library)
[1.952s]   /opt/ros/humble/share/pcl_conversions/cmake/ament_cmake_export_dependencies-extras.cmake:21 (find_package)
[1.952s]   /opt/ros/humble/share/pcl_conversions/cmake/pcl_conversionsConfig.cmake:41 (include)
[1.952s]   /opt/ros/humble/share/pcl_ros/cmake/ament_cmake_export_dependencies-extras.cmake:21 (find_package)
[1.952s]   /opt/ros/humble/share/pcl_ros/cmake/pcl_rosConfig.cmake:41 (include)
[1.952s]   CMakeLists.txt:49 (find_package)
[1.952s] This warning is for project developers.  Use -Wno-dev to suppress it.
[1.952s] [0m
[1.986s] -- Checking for module 'flann'
[2.006s] --   Found flann, version 1.9.1
[2.085s] -- Found FLANN: /usr/lib/x86_64-linux-gnu/libflann_cpp.so
[2.085s] -- FLANN found (include: /usr/include, lib: /usr/lib/x86_64-linux-gnu/libflann_cpp.so)
[3.745s] -- Checking for module 'libusb-1.0'
[3.765s] --   Found libusb-1.0, version 1.0.25
[3.818s] -- Found libusb: /usr/lib/x86_64-linux-gnu/libusb-1.0.so
[3.820s] -- OpenNI found (version: 1.5.4.0, include: /usr/include/ni, lib: /usr/lib/libOpenNI.so;libusb::libusb)
[3.907s] -- OpenNI2 found (version: 2.2.0.33, include: /usr/include/openni2, lib: /usr/lib/x86_64-linux-gnu/libOpenNI2.so;libusb::libusb)
[4.231s] [33mCMake Warning (dev) at /usr/lib/x86_64-linux-gnu/cmake/pcl/PCLConfig.cmake:128 (find_package):
[4.231s]   Policy CMP0167 is not set: The FindBoost module is removed.  Run "cmake
[4.231s]   --help-policy CMP0167" for policy details.  Use the cmake_policy command to
[4.231s]   set the policy and suppress this warning.
[4.231s] 
[4.231s] Call Stack (most recent call first):
[4.231s]   /usr/lib/x86_64-linux-gnu/cmake/pcl/PCLConfig.cmake:297 (find_boost)
[4.231s]   /usr/lib/x86_64-linux-gnu/cmake/pcl/PCLConfig.cmake:543 (find_external_library)
[4.231s]   /opt/ros/humble/share/pcl_conversions/cmake/ament_cmake_export_dependencies-extras.cmake:21 (find_package)
[4.231s]   /opt/ros/humble/share/pcl_conversions/cmake/pcl_conversionsConfig.cmake:41 (include)
[4.231s]   /opt/ros/humble/share/pcl_ros/cmake/ament_cmake_export_dependencies-extras.cmake:21 (find_package)
[4.231s]   /opt/ros/humble/share/pcl_ros/cmake/pcl_rosConfig.cmake:41 (include)
[4.231s]   CMakeLists.txt:49 (find_package)
[4.231s] This warning is for project developers.  Use -Wno-dev to suppress it.
[4.232s] [0m
[4.254s] -- Eigen found (include: /usr/include/eigen3, version: 3.4.0)
[4.264s] -- OpenNI found (version: 1.5.4.0, include: /usr/include/ni, lib: /usr/lib/libOpenNI.so;libusb::libusb)
[4.275s] -- OpenNI2 found (version: 2.2.0.33, include: /usr/include/openni2, lib: /usr/lib/x86_64-linux-gnu/libOpenNI2.so;libusb::libusb)
[4.606s] -- Found Qhull version 8.0.2
[4.937s] -- OpenNI found (version: 1.5.4.0, include: /usr/include/ni, lib: /usr/lib/libOpenNI.so;libusb::libusb)
[5.261s] -- Found PCL_COMMON: /usr/lib/x86_64-linux-gnu/libpcl_common.so
[5.263s] -- Found PCL_KDTREE: /usr/lib/x86_64-linux-gnu/libpcl_kdtree.so
[5.266s] -- Found PCL_OCTREE: /usr/lib/x86_64-linux-gnu/libpcl_octree.so
[5.268s] -- Found PCL_SEARCH: /usr/lib/x86_64-linux-gnu/libpcl_search.so
[5.271s] -- Found PCL_SAMPLE_CONSENSUS: /usr/lib/x86_64-linux-gnu/libpcl_sample_consensus.so
[5.274s] -- Found PCL_FILTERS: /usr/lib/x86_64-linux-gnu/libpcl_filters.so
[5.275s] -- Found PCL_2D: /usr/include/pcl-1.12
[5.276s] -- Found PCL_GEOMETRY: /usr/include/pcl-1.12
[5.278s] -- Found PCL_IO: /usr/lib/x86_64-linux-gnu/libpcl_io.so
[5.281s] -- Found PCL_FEATURES: /usr/lib/x86_64-linux-gnu/libpcl_features.so
[5.284s] -- Found PCL_ML: /usr/lib/x86_64-linux-gnu/libpcl_ml.so
[5.286s] -- Found PCL_SEGMENTATION: /usr/lib/x86_64-linux-gnu/libpcl_segmentation.so
[5.289s] -- Found PCL_VISUALIZATION: /usr/lib/x86_64-linux-gnu/libpcl_visualization.so
[5.292s] -- Found PCL_SURFACE: /usr/lib/x86_64-linux-gnu/libpcl_surface.so
[5.295s] -- Found PCL_REGISTRATION: /usr/lib/x86_64-linux-gnu/libpcl_registration.so
[5.298s] -- Found PCL_KEYPOINTS: /usr/lib/x86_64-linux-gnu/libpcl_keypoints.so
[5.301s] -- Found PCL_TRACKING: /usr/lib/x86_64-linux-gnu/libpcl_tracking.so
[5.303s] -- Found PCL_RECOGNITION: /usr/lib/x86_64-linux-gnu/libpcl_recognition.so
[5.306s] -- Found PCL_STEREO: /usr/lib/x86_64-linux-gnu/libpcl_stereo.so
[5.309s] -- Found PCL_APPS: /usr/lib/x86_64-linux-gnu/libpcl_apps.so
[5.311s] -- Found PCL_IN_HAND_SCANNER: /usr/include/pcl-1.12
[5.312s] -- Found PCL_MODELER: /usr/include/pcl-1.12
[5.313s] -- Found PCL_POINT_CLOUD_EDITOR: /usr/include/pcl-1.12
[5.315s] -- Found PCL_OUTOFCORE: /usr/lib/x86_64-linux-gnu/libpcl_outofcore.so
[5.318s] -- Found PCL_PEOPLE: /usr/lib/x86_64-linux-gnu/libpcl_people.so
[5.393s] -- Found eigen3_cmake_module: 0.1.1 (/opt/ros/humble/share/eigen3_cmake_module/cmake)
[5.396s] -- Found Eigen3: TRUE (found version "3.4.0")
[5.396s] -- Ensuring Eigen3 include directory is part of orocos-kdl CMake target
[5.605s] -- Found livox_ros_driver2: 1.0.0 (/home/sb/pointlio_change/install/livox_ros_driver2/share/livox_ros_driver2/cmake)
[6.134s] [33mCMake Warning (dev) at CMakeLists.txt:56 (find_package):
[6.134s]   Policy CMP0148 is not set: The FindPythonInterp and FindPythonLibs modules
[6.134s]   are removed.  Run "cmake --help-policy CMP0148" for policy details.  Use
[6.134s]   the cmake_policy command to set the policy and suppress this warning.
[6.134s] 
[6.134s] This warning is for project developers.  Use -Wno-dev to suppress it.
[6.134s] [0m
[6.249s] -- Found PythonLibs: /usr/lib/x86_64-linux-gnu/libpython3.10.so (found version "3.10.12")
[6.250s] [33mCMake Warning (dev) at CMakeLists.txt:58 (find_package):
[6.250s]   Policy CMP0167 is not set: The FindBoost module is removed.  Run "cmake
[6.250s]   --help-policy CMP0167" for policy details.  Use the cmake_policy command to
[6.250s]   set the policy and suppress this warning.
[6.250s] 
[6.250s] This warning is for project developers.  Use -Wno-dev to suppress it.
[6.251s] [0m
[6.257s] -- Found Boost: /usr/lib/x86_64-linux-gnu/cmake/Boost-1.74.0/BoostConfig.cmake (found version "1.74.0") found components: date_time
[6.379s] -- Configuring done (6.2s)
[6.457s] -- Generating done (0.1s)
[6.644s] -- Build files have been written to: /home/sb/pointlio_change/build/point_lio
[6.681s] Invoked command in '/home/sb/pointlio_change/build/point_lio' returned '0': AMENT_PREFIX_PATH=/home/sb/pointlio_change/install/livox_ros_driver2:${AMENT_PREFIX_PATH} CMAKE_PREFIX_PATH=/home/sb/pointlio_change/install/livox_ros_driver2:/opt/ros/humble LD_LIBRARY_PATH=/home/sb/pointlio_change/install/livox_ros_driver2/lib:/lib/x86_64-linux-gnu:/usr/local/cuda-12.4/lib64:/usr/local/cuda/lib64:/usr/local/cuda/lib64:/usr/local/cuda/lib64:/usr/local/cuda-12.4/lib64:/opt/ros/humble/opt/rviz_ogre_vendor/lib:/opt/ros/humble/lib/x86_64-linux-gnu:/opt/ros/humble/lib:/usr/local/cuda-12.6/lib64:/usr/local/lib:/opt/TensorRT-8.6.1.6/lib:/opt/MVS/lib/64:/opt/MVS/lib/32:/opt/MVS/lib/64:/opt/MVS/lib/32:/usr/local/cuda-12.4/lib64:/opt/TensorRT-8.6.1.6/lib:/opt/TensorRT-8.6.1.6/lib:/opt/MVS/lib/64:/opt/MVS/lib/32:/opt/MVS/lib/64:/opt/MVS/lib/32:/usr/local/cuda-12.4/lib64 PYTHONPATH=/home/sb/pointlio_change/install/livox_ros_driver2/local/lib/python3.10/dist-packages:${PYTHONPATH} _=/usr/bin/env /home/sb/.local/bin/cmake /home/sb/pointlio_change/src/point_lio -DCMAKE_INSTALL_PREFIX=/home/sb/pointlio_change/install/point_lio
[6.684s] Invoking command in '/home/sb/pointlio_change/build/point_lio': AMENT_PREFIX_PATH=/home/sb/pointlio_change/install/livox_ros_driver2:${AMENT_PREFIX_PATH} CMAKE_PREFIX_PATH=/home/sb/pointlio_change/install/livox_ros_driver2:/opt/ros/humble LD_LIBRARY_PATH=/home/sb/pointlio_change/install/livox_ros_driver2/lib:/lib/x86_64-linux-gnu:/usr/local/cuda-12.4/lib64:/usr/local/cuda/lib64:/usr/local/cuda/lib64:/usr/local/cuda/lib64:/usr/local/cuda-12.4/lib64:/opt/ros/humble/opt/rviz_ogre_vendor/lib:/opt/ros/humble/lib/x86_64-linux-gnu:/opt/ros/humble/lib:/usr/local/cuda-12.6/lib64:/usr/local/lib:/opt/TensorRT-8.6.1.6/lib:/opt/MVS/lib/64:/opt/MVS/lib/32:/opt/MVS/lib/64:/opt/MVS/lib/32:/usr/local/cuda-12.4/lib64:/opt/TensorRT-8.6.1.6/lib:/opt/TensorRT-8.6.1.6/lib:/opt/MVS/lib/64:/opt/MVS/lib/32:/opt/MVS/lib/64:/opt/MVS/lib/32:/usr/local/cuda-12.4/lib64 PYTHONPATH=/home/sb/pointlio_change/install/livox_ros_driver2/local/lib/python3.10/dist-packages:${PYTHONPATH} _=/usr/bin/env /home/sb/.local/bin/cmake --build /home/sb/pointlio_change/build/point_lio -- -j24 -l24
[6.857s] [ 28%] [32mBuilding CXX object CMakeFiles/pointlio_mapping.dir/src/Estimator.cpp.o[0m
[6.857s] [ 14%] [32mBuilding CXX object CMakeFiles/pointlio_mapping.dir/src/laserMapping.cpp.o[0m
[6.858s] [ 71%] [32mBuilding CXX object CMakeFiles/pointlio_mapping.dir/src/li_initialization.cpp.o[0m
[6.858s] [ 71%] [32mBuilding CXX object CMakeFiles/pointlio_mapping.dir/src/parameters.cpp.o[0m
[6.858s] [ 71%] [32mBuilding CXX object CMakeFiles/pointlio_mapping.dir/src/IMU_Processing.cpp.o[0m
[6.858s] [ 85%] [32mBuilding CXX object CMakeFiles/pointlio_mapping.dir/src/preprocess.cpp.o[0m
[72.587s] [100%] [1m[32mLinking CXX executable pointlio_mapping[0m
[73.711s] [100%] Built target pointlio_mapping
[73.719s] Invoked command in '/home/sb/pointlio_change/build/point_lio' returned '0': AMENT_PREFIX_PATH=/home/sb/pointlio_change/install/livox_ros_driver2:${AMENT_PREFIX_PATH} CMAKE_PREFIX_PATH=/home/sb/pointlio_change/install/livox_ros_driver2:/opt/ros/humble LD_LIBRARY_PATH=/home/sb/pointlio_change/install/livox_ros_driver2/lib:/lib/x86_64-linux-gnu:/usr/local/cuda-12.4/lib64:/usr/local/cuda/lib64:/usr/local/cuda/lib64:/usr/local/cuda/lib64:/usr/local/cuda-12.4/lib64:/opt/ros/humble/opt/rviz_ogre_vendor/lib:/opt/ros/humble/lib/x86_64-linux-gnu:/opt/ros/humble/lib:/usr/local/cuda-12.6/lib64:/usr/local/lib:/opt/TensorRT-8.6.1.6/lib:/opt/MVS/lib/64:/opt/MVS/lib/32:/opt/MVS/lib/64:/opt/MVS/lib/32:/usr/local/cuda-12.4/lib64:/opt/TensorRT-8.6.1.6/lib:/opt/TensorRT-8.6.1.6/lib:/opt/MVS/lib/64:/opt/MVS/lib/32:/opt/MVS/lib/64:/opt/MVS/lib/32:/usr/local/cuda-12.4/lib64 PYTHONPATH=/home/sb/pointlio_change/install/livox_ros_driver2/local/lib/python3.10/dist-packages:${PYTHONPATH} _=/usr/bin/env /home/sb/.local/bin/cmake --build /home/sb/pointlio_change/build/point_lio -- -j24 -l24
[73.724s] Invoking command in '/home/sb/pointlio_change/build/point_lio': AMENT_PREFIX_PATH=/home/sb/pointlio_change/install/livox_ros_driver2:${AMENT_PREFIX_PATH} CMAKE_PREFIX_PATH=/home/sb/pointlio_change/install/livox_ros_driver2:/opt/ros/humble LD_LIBRARY_PATH=/home/sb/pointlio_change/install/livox_ros_driver2/lib:/lib/x86_64-linux-gnu:/usr/local/cuda-12.4/lib64:/usr/local/cuda/lib64:/usr/local/cuda/lib64:/usr/local/cuda/lib64:/usr/local/cuda-12.4/lib64:/opt/ros/humble/opt/rviz_ogre_vendor/lib:/opt/ros/humble/lib/x86_64-linux-gnu:/opt/ros/humble/lib:/usr/local/cuda-12.6/lib64:/usr/local/lib:/opt/TensorRT-8.6.1.6/lib:/opt/MVS/lib/64:/opt/MVS/lib/32:/opt/MVS/lib/64:/opt/MVS/lib/32:/usr/local/cuda-12.4/lib64:/opt/TensorRT-8.6.1.6/lib:/opt/TensorRT-8.6.1.6/lib:/opt/MVS/lib/64:/opt/MVS/lib/32:/opt/MVS/lib/64:/opt/MVS/lib/32:/usr/local/cuda-12.4/lib64 PYTHONPATH=/home/sb/pointlio_change/install/livox_ros_driver2/local/lib/python3.10/dist-packages:${PYTHONPATH} _=/usr/bin/env /home/sb/.local/bin/cmake --install /home/sb/pointlio_change/build/point_lio
[73.826s] -- Install configuration: "Release"
[73.826s] -- Installing: /home/sb/pointlio_change/install/point_lio/lib/point_lio/pointlio_mapping
[73.828s] -- Set non-toolchain portion of runtime path of "/home/sb/pointlio_change/install/point_lio/lib/point_lio/pointlio_mapping" to ""
[73.828s] -- Installing: /home/sb/pointlio_change/install/point_lio/share/point_lio/config
[73.829s] -- Installing: /home/sb/pointlio_change/install/point_lio/share/point_lio/config/avia.yaml
[73.829s] -- Installing: /home/sb/pointlio_change/install/point_lio/share/point_lio/config/horizon.yaml
[73.829s] -- Installing: /home/sb/pointlio_change/install/point_lio/share/point_lio/config/mid360.yaml
[73.829s] -- Installing: /home/sb/pointlio_change/install/point_lio/share/point_lio/config/velody16.yaml
[73.830s] -- Installing: /home/sb/pointlio_change/install/point_lio/share/point_lio/config/ouster64.yaml
[73.830s] -- Installing: /home/sb/pointlio_change/install/point_lio/share/point_lio/launch
[73.830s] -- Installing: /home/sb/pointlio_change/install/point_lio/share/point_lio/launch/point_lio.launch.py
[73.830s] -- Installing: /home/sb/pointlio_change/install/point_lio/share/point_lio/rviz_cfg
[73.830s] -- Installing: /home/sb/pointlio_change/install/point_lio/share/point_lio/rviz_cfg/.gitignore
[73.831s] -- Installing: /home/sb/pointlio_change/install/point_lio/share/point_lio/rviz_cfg/loam_livox.rviz
[73.831s] -- Installing: /home/sb/pointlio_change/install/point_lio/share/ament_index/resource_index/package_run_dependencies/point_lio
[73.831s] -- Installing: /home/sb/pointlio_change/install/point_lio/share/ament_index/resource_index/parent_prefix_path/point_lio
[73.831s] -- Installing: /home/sb/pointlio_change/install/point_lio/share/point_lio/environment/ament_prefix_path.sh
[73.832s] -- Installing: /home/sb/pointlio_change/install/point_lio/share/point_lio/environment/ament_prefix_path.dsv
[73.832s] -- Installing: /home/sb/pointlio_change/install/point_lio/share/point_lio/environment/path.sh
[73.832s] -- Installing: /home/sb/pointlio_change/install/point_lio/share/point_lio/environment/path.dsv
[73.832s] -- Installing: /home/sb/pointlio_change/install/point_lio/share/point_lio/local_setup.bash
[73.832s] -- Installing: /home/sb/pointlio_change/install/point_lio/share/point_lio/local_setup.sh
[73.832s] -- Installing: /home/sb/pointlio_change/install/point_lio/share/point_lio/local_setup.zsh
[73.832s] -- Installing: /home/sb/pointlio_change/install/point_lio/share/point_lio/local_setup.dsv
[73.832s] -- Installing: /home/sb/pointlio_change/install/point_lio/share/point_lio/package.dsv
[73.833s] -- Installing: /home/sb/pointlio_change/install/point_lio/share/ament_index/resource_index/packages/point_lio
[73.833s] -- Installing: /home/sb/pointlio_change/install/point_lio/share/point_lio/cmake/ament_cmake_export_dependencies-extras.cmake
[73.833s] -- Installing: /home/sb/pointlio_change/install/point_lio/share/point_lio/cmake/point_lioConfig.cmake
[73.833s] -- Installing: /home/sb/pointlio_change/install/point_lio/share/point_lio/cmake/point_lioConfig-version.cmake
[73.833s] -- Installing: /home/sb/pointlio_change/install/point_lio/share/point_lio/package.xml
[73.835s] Invoked command in '/home/sb/pointlio_change/build/point_lio' returned '0': AMENT_PREFIX_PATH=/home/sb/pointlio_change/install/livox_ros_driver2:${AMENT_PREFIX_PATH} CMAKE_PREFIX_PATH=/home/sb/pointlio_change/install/livox_ros_driver2:/opt/ros/humble LD_LIBRARY_PATH=/home/sb/pointlio_change/install/livox_ros_driver2/lib:/lib/x86_64-linux-gnu:/usr/local/cuda-12.4/lib64:/usr/local/cuda/lib64:/usr/local/cuda/lib64:/usr/local/cuda/lib64:/usr/local/cuda-12.4/lib64:/opt/ros/humble/opt/rviz_ogre_vendor/lib:/opt/ros/humble/lib/x86_64-linux-gnu:/opt/ros/humble/lib:/usr/local/cuda-12.6/lib64:/usr/local/lib:/opt/TensorRT-8.6.1.6/lib:/opt/MVS/lib/64:/opt/MVS/lib/32:/opt/MVS/lib/64:/opt/MVS/lib/32:/usr/local/cuda-12.4/lib64:/opt/TensorRT-8.6.1.6/lib:/opt/TensorRT-8.6.1.6/lib:/opt/MVS/lib/64:/opt/MVS/lib/32:/opt/MVS/lib/64:/opt/MVS/lib/32:/usr/local/cuda-12.4/lib64 PYTHONPATH=/home/sb/pointlio_change/install/livox_ros_driver2/local/lib/python3.10/dist-packages:${PYTHONPATH} _=/usr/bin/env /home/sb/.local/bin/cmake --install /home/sb/pointlio_change/build/point_lio
