-- The C compiler identification is GNU 11.4.0
-- The CXX compiler identification is GNU 11.4.0
-- Detecting C compiler ABI info
-- Detecting C compiler ABI info - done
-- Check for working C compiler: /usr/bin/cc - skipped
-- Detecting C compile features
-- Detecting C compile features - done
-- Detecting CXX compiler ABI info
-- Detecting CXX compiler ABI info - done
-- Check for working CXX compiler: /usr/bin/c++ - skipped
-- Detecting CXX compile features
-- Detecting CXX compile features - done
-- Found ament_cmake: 1.3.14 (/opt/ros/humble/share/ament_cmake/cmake)
-- Found Python3: /usr/bin/python3 (found version "3.10.12") found components: Interpreter
-- Found rclcpp: 16.0.18 (/opt/ros/humble/share/rclcpp/cmake)
-- Found rosidl_generator_c: 3.1.8 (/opt/ros/humble/share/rosidl_generator_c/cmake)
-- Found rosidl_adapter: 3.1.8 (/opt/ros/humble/share/rosidl_adapter/cmake)
-- Found rosidl_generator_cpp: 3.1.8 (/opt/ros/humble/share/rosidl_generator_cpp/cmake)
-- Using all available rosidl_typesupport_c: rosidl_typesupport_fastrtps_c;rosidl_typesupport_introspection_c
-- Using all available rosidl_typesupport_cpp: rosidl_typesupport_fastrtps_cpp;rosidl_typesupport_introspection_cpp
-- Found rmw_implementation_cmake: 6.1.2 (/opt/ros/humble/share/rmw_implementation_cmake/cmake)
-- Found rmw_cyclonedds_cpp: 1.3.4 (/opt/ros/humble/share/rmw_cyclonedds_cpp/cmake)
-- Using RMW implementation 'rmw_cyclonedds_cpp' as default
-- Performing Test CMAKE_HAVE_LIBC_PTHREAD
-- Performing Test CMAKE_HAVE_LIBC_PTHREAD - Success
-- Found Threads: TRUE
-- Found nav_msgs: 4.9.1 (/opt/ros/humble/share/nav_msgs/cmake)
-- Found tf2: 0.25.19 (/opt/ros/humble/share/tf2/cmake)
-- Found tf2_ros: 0.25.19 (/opt/ros/humble/share/tf2_ros/cmake)
-- Found tf2_geometry_msgs: 0.25.19 (/opt/ros/humble/share/tf2_geometry_msgs/cmake)
-- Found eigen3_cmake_module: 0.1.1 (/opt/ros/humble/share/eigen3_cmake_module/cmake)
-- Found Eigen3: TRUE (found version "3.4.0")
-- Ensuring Eigen3 include directory is part of orocos-kdl CMake target
-- Configuring done (2.2s)
-- Generating done (0.0s)
-- Build files have been written to: /home/sb/pointlio_change/build/odom_pointlio_wheel
[ 25%] [32mBuilding CXX object CMakeFiles/odom_fusion.dir/src/odom_fusion.cpp.o[0m
[ 50%] [1m[32mLinking CXX shared library libodom_fusion.so[0m
[ 50%] Built target odom_fusion
[ 75%] [32mBuilding CXX object CMakeFiles/odom_pointlio_wheel_node.dir/src/main.cpp.o[0m
[100%] [1m[32mLinking CXX executable odom_pointlio_wheel_node[0m
[100%] Built target odom_pointlio_wheel_node
-- Install configuration: ""
-- Installing: /home/sb/pointlio_change/install/odom_pointlio_wheel/lib/odom_pointlio_wheel/odom_pointlio_wheel_node
-- Set non-toolchain portion of runtime path of "/home/sb/pointlio_change/install/odom_pointlio_wheel/lib/odom_pointlio_wheel/odom_pointlio_wheel_node" to ""
-- Installing: /home/sb/pointlio_change/install/odom_pointlio_wheel/lib/libodom_fusion.so
-- Set non-toolchain portion of runtime path of "/home/sb/pointlio_change/install/odom_pointlio_wheel/lib/libodom_fusion.so" to ""
-- Installing: /home/sb/pointlio_change/install/odom_pointlio_wheel/share/odom_pointlio_wheel/launch
-- Installing: /home/sb/pointlio_change/install/odom_pointlio_wheel/share/odom_pointlio_wheel/launch/odom_fusion.launch.py
-- Installing: /home/sb/pointlio_change/install/odom_pointlio_wheel/share/odom_pointlio_wheel/config
-- Installing: /home/sb/pointlio_change/install/odom_pointlio_wheel/share/odom_pointlio_wheel/config/fusion_params.yaml
-- Installing: /home/sb/pointlio_change/install/odom_pointlio_wheel/share/ament_index/resource_index/package_run_dependencies/odom_pointlio_wheel
-- Installing: /home/sb/pointlio_change/install/odom_pointlio_wheel/share/ament_index/resource_index/parent_prefix_path/odom_pointlio_wheel
-- Installing: /home/sb/pointlio_change/install/odom_pointlio_wheel/share/odom_pointlio_wheel/environment/ament_prefix_path.sh
-- Installing: /home/sb/pointlio_change/install/odom_pointlio_wheel/share/odom_pointlio_wheel/environment/ament_prefix_path.dsv
-- Installing: /home/sb/pointlio_change/install/odom_pointlio_wheel/share/odom_pointlio_wheel/environment/path.sh
-- Installing: /home/sb/pointlio_change/install/odom_pointlio_wheel/share/odom_pointlio_wheel/environment/path.dsv
-- Installing: /home/sb/pointlio_change/install/odom_pointlio_wheel/share/odom_pointlio_wheel/local_setup.bash
-- Installing: /home/sb/pointlio_change/install/odom_pointlio_wheel/share/odom_pointlio_wheel/local_setup.sh
-- Installing: /home/sb/pointlio_change/install/odom_pointlio_wheel/share/odom_pointlio_wheel/local_setup.zsh
-- Installing: /home/sb/pointlio_change/install/odom_pointlio_wheel/share/odom_pointlio_wheel/local_setup.dsv
-- Installing: /home/sb/pointlio_change/install/odom_pointlio_wheel/share/odom_pointlio_wheel/package.dsv
-- Installing: /home/sb/pointlio_change/install/odom_pointlio_wheel/share/ament_index/resource_index/packages/odom_pointlio_wheel
-- Installing: /home/sb/pointlio_change/install/odom_pointlio_wheel/share/odom_pointlio_wheel/cmake/odom_pointlio_wheelConfig.cmake
-- Installing: /home/sb/pointlio_change/install/odom_pointlio_wheel/share/odom_pointlio_wheel/cmake/odom_pointlio_wheelConfig-version.cmake
-- Installing: /home/sb/pointlio_change/install/odom_pointlio_wheel/share/odom_pointlio_wheel/package.xml
