[0.032s] Invoking command in '/home/sb/pointlio_change/build/odom_pointlio_wheel': CMAKE_PREFIX_PATH=/opt/ros/humble _=/usr/bin/env /home/sb/.local/bin/cmake /home/sb/pointlio_change/src/odom_pointlio_wheel -DCMAKE_INSTALL_PREFIX=/home/sb/pointlio_change/install/odom_pointlio_wheel
[0.294s] -- The C compiler identification is GNU 11.4.0
[0.431s] -- The CXX compiler identification is GNU 11.4.0
[0.451s] -- Detecting C compiler ABI info
[0.547s] -- Detecting C compiler ABI info - done
[0.574s] -- Check for working C compiler: /usr/bin/cc - skipped
[0.574s] -- Detecting C compile features
[0.576s] -- Detecting C compile features - done
[0.597s] -- Detecting CXX compiler ABI info
[0.709s] -- Detecting CXX compiler ABI info - done
[0.735s] -- Check for working CXX compiler: /usr/bin/c++ - skipped
[0.736s] -- Detecting CXX compile features
[0.737s] -- Detecting CXX compile features - done
[0.763s] -- Found ament_cmake: 1.3.14 (/opt/ros/humble/share/ament_cmake/cmake)
[0.981s] -- Found Python3: /usr/bin/python3 (found version "3.10.12") found components: Interpreter
[1.151s] -- Found rclcpp: 16.0.18 (/opt/ros/humble/share/rclcpp/cmake)
[1.271s] -- Found rosidl_generator_c: 3.1.8 (/opt/ros/humble/share/rosidl_generator_c/cmake)
[1.281s] -- Found rosidl_adapter: 3.1.8 (/opt/ros/humble/share/rosidl_adapter/cmake)
[1.303s] -- Found rosidl_generator_cpp: 3.1.8 (/opt/ros/humble/share/rosidl_generator_cpp/cmake)
[1.333s] -- Using all available rosidl_typesupport_c: rosidl_typesupport_fastrtps_c;rosidl_typesupport_introspection_c
[1.371s] -- Using all available rosidl_typesupport_cpp: rosidl_typesupport_fastrtps_cpp;rosidl_typesupport_introspection_cpp
[1.503s] -- Found rmw_implementation_cmake: 6.1.2 (/opt/ros/humble/share/rmw_implementation_cmake/cmake)
[1.512s] -- Found rmw_cyclonedds_cpp: 1.3.4 (/opt/ros/humble/share/rmw_cyclonedds_cpp/cmake)
[1.575s] -- Using RMW implementation 'rmw_cyclonedds_cpp' as default
[1.599s] -- Performing Test CMAKE_HAVE_LIBC_PTHREAD
[1.703s] -- Performing Test CMAKE_HAVE_LIBC_PTHREAD - Success
[1.705s] -- Found Threads: TRUE
[1.839s] -- Found nav_msgs: 4.9.1 (/opt/ros/humble/share/nav_msgs/cmake)
[1.908s] -- Found tf2: 0.25.19 (/opt/ros/humble/share/tf2/cmake)
[1.936s] -- Found tf2_ros: 0.25.19 (/opt/ros/humble/share/tf2_ros/cmake)
[2.183s] -- Found tf2_geometry_msgs: 0.25.19 (/opt/ros/humble/share/tf2_geometry_msgs/cmake)
[2.209s] -- Found eigen3_cmake_module: 0.1.1 (/opt/ros/humble/share/eigen3_cmake_module/cmake)
[2.212s] -- Found Eigen3: TRUE (found version "3.4.0")
[2.212s] -- Ensuring Eigen3 include directory is part of orocos-kdl CMake target
[2.322s] -- Configuring done (2.2s)
[2.352s] -- Generating done (0.0s)
[2.403s] -- Build files have been written to: /home/sb/pointlio_change/build/odom_pointlio_wheel
[2.416s] Invoked command in '/home/sb/pointlio_change/build/odom_pointlio_wheel' returned '0': CMAKE_PREFIX_PATH=/opt/ros/humble _=/usr/bin/env /home/sb/.local/bin/cmake /home/sb/pointlio_change/src/odom_pointlio_wheel -DCMAKE_INSTALL_PREFIX=/home/sb/pointlio_change/install/odom_pointlio_wheel
[2.419s] Invoking command in '/home/sb/pointlio_change/build/odom_pointlio_wheel': CMAKE_PREFIX_PATH=/opt/ros/humble _=/usr/bin/env /home/sb/.local/bin/cmake --build /home/sb/pointlio_change/build/odom_pointlio_wheel -- -j24 -l24
[2.587s] [ 25%] [32mBuilding CXX object CMakeFiles/odom_fusion.dir/src/odom_fusion.cpp.o[0m
[31.306s] [ 50%] [1m[32mLinking CXX shared library libodom_fusion.so[0m
[31.621s] [ 50%] Built target odom_fusion
[31.643s] [ 75%] [32mBuilding CXX object CMakeFiles/odom_pointlio_wheel_node.dir/src/main.cpp.o[0m
[37.636s] [100%] [1m[32mLinking CXX executable odom_pointlio_wheel_node[0m
[37.843s] [100%] Built target odom_pointlio_wheel_node
[37.853s] Invoked command in '/home/sb/pointlio_change/build/odom_pointlio_wheel' returned '0': CMAKE_PREFIX_PATH=/opt/ros/humble _=/usr/bin/env /home/sb/.local/bin/cmake --build /home/sb/pointlio_change/build/odom_pointlio_wheel -- -j24 -l24
[37.857s] Invoking command in '/home/sb/pointlio_change/build/odom_pointlio_wheel': CMAKE_PREFIX_PATH=/opt/ros/humble _=/usr/bin/env /home/sb/.local/bin/cmake --install /home/sb/pointlio_change/build/odom_pointlio_wheel
[37.993s] -- Install configuration: ""
[37.993s] -- Installing: /home/sb/pointlio_change/install/odom_pointlio_wheel/lib/odom_pointlio_wheel/odom_pointlio_wheel_node
[37.994s] -- Set non-toolchain portion of runtime path of "/home/sb/pointlio_change/install/odom_pointlio_wheel/lib/odom_pointlio_wheel/odom_pointlio_wheel_node" to ""
[37.994s] -- Installing: /home/sb/pointlio_change/install/odom_pointlio_wheel/lib/libodom_fusion.so
[37.996s] -- Set non-toolchain portion of runtime path of "/home/sb/pointlio_change/install/odom_pointlio_wheel/lib/libodom_fusion.so" to ""
[37.996s] -- Installing: /home/sb/pointlio_change/install/odom_pointlio_wheel/share/odom_pointlio_wheel/launch
[37.996s] -- Installing: /home/sb/pointlio_change/install/odom_pointlio_wheel/share/odom_pointlio_wheel/launch/odom_fusion.launch.py
[37.996s] -- Installing: /home/sb/pointlio_change/install/odom_pointlio_wheel/share/odom_pointlio_wheel/config
[37.997s] -- Installing: /home/sb/pointlio_change/install/odom_pointlio_wheel/share/odom_pointlio_wheel/config/fusion_params.yaml
[37.997s] -- Installing: /home/sb/pointlio_change/install/odom_pointlio_wheel/share/ament_index/resource_index/package_run_dependencies/odom_pointlio_wheel
[37.997s] -- Installing: /home/sb/pointlio_change/install/odom_pointlio_wheel/share/ament_index/resource_index/parent_prefix_path/odom_pointlio_wheel
[37.998s] -- Installing: /home/sb/pointlio_change/install/odom_pointlio_wheel/share/odom_pointlio_wheel/environment/ament_prefix_path.sh
[37.998s] -- Installing: /home/sb/pointlio_change/install/odom_pointlio_wheel/share/odom_pointlio_wheel/environment/ament_prefix_path.dsv
[37.998s] -- Installing: /home/sb/pointlio_change/install/odom_pointlio_wheel/share/odom_pointlio_wheel/environment/path.sh
[37.999s] -- Installing: /home/sb/pointlio_change/install/odom_pointlio_wheel/share/odom_pointlio_wheel/environment/path.dsv
[37.999s] -- Installing: /home/sb/pointlio_change/install/odom_pointlio_wheel/share/odom_pointlio_wheel/local_setup.bash
[37.999s] -- Installing: /home/sb/pointlio_change/install/odom_pointlio_wheel/share/odom_pointlio_wheel/local_setup.sh
[37.999s] -- Installing: /home/sb/pointlio_change/install/odom_pointlio_wheel/share/odom_pointlio_wheel/local_setup.zsh
[38.000s] -- Installing: /home/sb/pointlio_change/install/odom_pointlio_wheel/share/odom_pointlio_wheel/local_setup.dsv
[38.000s] -- Installing: /home/sb/pointlio_change/install/odom_pointlio_wheel/share/odom_pointlio_wheel/package.dsv
[38.000s] -- Installing: /home/sb/pointlio_change/install/odom_pointlio_wheel/share/ament_index/resource_index/packages/odom_pointlio_wheel
[38.000s] -- Installing: /home/sb/pointlio_change/install/odom_pointlio_wheel/share/odom_pointlio_wheel/cmake/odom_pointlio_wheelConfig.cmake
[38.000s] -- Installing: /home/sb/pointlio_change/install/odom_pointlio_wheel/share/odom_pointlio_wheel/cmake/odom_pointlio_wheelConfig-version.cmake
[38.000s] -- Installing: /home/sb/pointlio_change/install/odom_pointlio_wheel/share/odom_pointlio_wheel/package.xml
[38.004s] Invoked command in '/home/sb/pointlio_change/build/odom_pointlio_wheel' returned '0': CMAKE_PREFIX_PATH=/opt/ros/humble _=/usr/bin/env /home/sb/.local/bin/cmake --install /home/sb/pointlio_change/build/odom_pointlio_wheel
