[0.510s] DEBUG:colcon:Command line arguments: ['/usr/bin/colcon', 'build']
[0.510s] DEBUG:colcon:Parsed command line arguments: Namespace(log_base=None, log_level=None, verb_name='build', build_base='build', install_base='install', merge_install=False, symlink_install=False, test_result_base=None, continue_on_error=False, executor='parallel', parallel_workers=24, event_handlers=None, ignore_user_meta=False, metas=['./colcon.meta'], base_paths=['.'], packages_ignore=None, packages_ignore_regex=None, paths=None, packages_up_to=None, packages_up_to_regex=None, packages_above=None, packages_above_and_dependencies=None, packages_above_depth=None, packages_select_by_dep=None, packages_skip_by_dep=None, packages_skip_up_to=None, packages_select_build_failed=False, packages_skip_build_finished=False, packages_select_test_failures=False, packages_skip_test_passed=False, packages_select=None, packages_skip=None, packages_select_regex=None, packages_skip_regex=None, packages_start=None, packages_end=None, allow_overriding=[], cmake_args=None, cmake_target=None, cmake_target_skip_unavailable=False, cmake_clean_cache=False, cmake_clean_first=False, cmake_force_configure=False, ament_cmake_args=None, catkin_cmake_args=None, catkin_skip_building_tests=False, verb_parser=<colcon_defaults.argument_parser.defaults.DefaultArgumentsDecorator object at 0x70e391a73880>, verb_extension=<colcon_core.verb.build.BuildVerb object at 0x70e391a24c70>, main=<bound method BuildVerb.main of <colcon_core.verb.build.BuildVerb object at 0x70e391a24c70>>)
[1.182s] Level 1:colcon.colcon_core.package_discovery:discover_packages(colcon_meta) check parameters
[1.182s] Level 1:colcon.colcon_core.package_discovery:discover_packages(recursive) check parameters
[1.182s] Level 1:colcon.colcon_core.package_discovery:discover_packages(ignore) check parameters
[1.182s] Level 1:colcon.colcon_core.package_discovery:discover_packages(path) check parameters
[1.182s] Level 1:colcon.colcon_core.package_discovery:discover_packages(colcon_meta) discover
[1.182s] Level 1:colcon.colcon_core.package_discovery:discover_packages(recursive) discover
[1.182s] INFO:colcon.colcon_core.package_discovery:Crawling recursively for packages in '/home/sb/pointlio_change'
[1.182s] Level 1:colcon.colcon_core.package_identification:_identify(.) by extensions ['ignore', 'ignore_ament_install']
[1.182s] Level 1:colcon.colcon_core.package_identification:_identify(.) by extension 'ignore'
[1.182s] Level 1:colcon.colcon_core.package_identification:_identify(.) by extension 'ignore_ament_install'
[1.183s] Level 1:colcon.colcon_core.package_identification:_identify(.) by extensions ['colcon_pkg']
[1.183s] Level 1:colcon.colcon_core.package_identification:_identify(.) by extension 'colcon_pkg'
[1.183s] Level 1:colcon.colcon_core.package_identification:_identify(.) by extensions ['colcon_meta']
[1.183s] Level 1:colcon.colcon_core.package_identification:_identify(.) by extension 'colcon_meta'
[1.183s] Level 1:colcon.colcon_core.package_identification:_identify(.) by extensions ['ros']
[1.183s] Level 1:colcon.colcon_core.package_identification:_identify(.) by extension 'ros'
[1.212s] Level 1:colcon.colcon_core.package_identification:_identify(.) by extensions ['cmake', 'python']
[1.212s] Level 1:colcon.colcon_core.package_identification:_identify(.) by extension 'cmake'
[1.212s] Level 1:colcon.colcon_core.package_identification:_identify(.) by extension 'python'
[1.212s] Level 1:colcon.colcon_core.package_identification:_identify(.) by extensions ['python_setup_py']
[1.212s] Level 1:colcon.colcon_core.package_identification:_identify(.) by extension 'python_setup_py'
[1.212s] Level 1:colcon.colcon_core.package_identification:_identify(build) by extensions ['ignore', 'ignore_ament_install']
[1.212s] Level 1:colcon.colcon_core.package_identification:_identify(build) by extension 'ignore'
[1.212s] Level 1:colcon.colcon_core.package_identification:_identify(build) ignored
[1.212s] Level 1:colcon.colcon_core.package_identification:_identify(install) by extensions ['ignore', 'ignore_ament_install']
[1.213s] Level 1:colcon.colcon_core.package_identification:_identify(install) by extension 'ignore'
[1.213s] Level 1:colcon.colcon_core.package_identification:_identify(install) ignored
[1.213s] Level 1:colcon.colcon_core.package_identification:_identify(log) by extensions ['ignore', 'ignore_ament_install']
[1.213s] Level 1:colcon.colcon_core.package_identification:_identify(log) by extension 'ignore'
[1.213s] Level 1:colcon.colcon_core.package_identification:_identify(log) ignored
[1.213s] Level 1:colcon.colcon_core.package_identification:_identify(src) by extensions ['ignore', 'ignore_ament_install']
[1.213s] Level 1:colcon.colcon_core.package_identification:_identify(src) by extension 'ignore'
[1.213s] Level 1:colcon.colcon_core.package_identification:_identify(src) by extension 'ignore_ament_install'
[1.213s] Level 1:colcon.colcon_core.package_identification:_identify(src) by extensions ['colcon_pkg']
[1.213s] Level 1:colcon.colcon_core.package_identification:_identify(src) by extension 'colcon_pkg'
[1.213s] Level 1:colcon.colcon_core.package_identification:_identify(src) by extensions ['colcon_meta']
[1.213s] Level 1:colcon.colcon_core.package_identification:_identify(src) by extension 'colcon_meta'
[1.213s] Level 1:colcon.colcon_core.package_identification:_identify(src) by extensions ['ros']
[1.213s] Level 1:colcon.colcon_core.package_identification:_identify(src) by extension 'ros'
[1.214s] Level 1:colcon.colcon_core.package_identification:_identify(src) by extensions ['cmake', 'python']
[1.214s] Level 1:colcon.colcon_core.package_identification:_identify(src) by extension 'cmake'
[1.214s] Level 1:colcon.colcon_core.package_identification:_identify(src) by extension 'python'
[1.214s] Level 1:colcon.colcon_core.package_identification:_identify(src) by extensions ['python_setup_py']
[1.214s] Level 1:colcon.colcon_core.package_identification:_identify(src) by extension 'python_setup_py'
[1.214s] Level 1:colcon.colcon_core.package_identification:_identify(src/livox_ros_driver2) by extensions ['ignore', 'ignore_ament_install']
[1.214s] Level 1:colcon.colcon_core.package_identification:_identify(src/livox_ros_driver2) by extension 'ignore'
[1.214s] Level 1:colcon.colcon_core.package_identification:_identify(src/livox_ros_driver2) by extension 'ignore_ament_install'
[1.214s] Level 1:colcon.colcon_core.package_identification:_identify(src/livox_ros_driver2) by extensions ['colcon_pkg']
[1.214s] Level 1:colcon.colcon_core.package_identification:_identify(src/livox_ros_driver2) by extension 'colcon_pkg'
[1.214s] Level 1:colcon.colcon_core.package_identification:_identify(src/livox_ros_driver2) by extensions ['colcon_meta']
[1.214s] Level 1:colcon.colcon_core.package_identification:_identify(src/livox_ros_driver2) by extension 'colcon_meta'
[1.214s] Level 1:colcon.colcon_core.package_identification:_identify(src/livox_ros_driver2) by extensions ['ros']
[1.214s] Level 1:colcon.colcon_core.package_identification:_identify(src/livox_ros_driver2) by extension 'ros'
[1.227s] DEBUG:colcon.colcon_core.package_identification:Package 'src/livox_ros_driver2' with type 'ros.ament_cmake' and name 'livox_ros_driver2'
[1.228s] Level 1:colcon.colcon_core.package_identification:_identify(src/odom_pointlio_wheel) by extensions ['ignore', 'ignore_ament_install']
[1.228s] Level 1:colcon.colcon_core.package_identification:_identify(src/odom_pointlio_wheel) by extension 'ignore'
[1.228s] Level 1:colcon.colcon_core.package_identification:_identify(src/odom_pointlio_wheel) by extension 'ignore_ament_install'
[1.228s] Level 1:colcon.colcon_core.package_identification:_identify(src/odom_pointlio_wheel) by extensions ['colcon_pkg']
[1.228s] Level 1:colcon.colcon_core.package_identification:_identify(src/odom_pointlio_wheel) by extension 'colcon_pkg'
[1.228s] Level 1:colcon.colcon_core.package_identification:_identify(src/odom_pointlio_wheel) by extensions ['colcon_meta']
[1.228s] Level 1:colcon.colcon_core.package_identification:_identify(src/odom_pointlio_wheel) by extension 'colcon_meta'
[1.228s] Level 1:colcon.colcon_core.package_identification:_identify(src/odom_pointlio_wheel) by extensions ['ros']
[1.228s] Level 1:colcon.colcon_core.package_identification:_identify(src/odom_pointlio_wheel) by extension 'ros'
[1.230s] DEBUG:colcon.colcon_core.package_identification:Package 'src/odom_pointlio_wheel' with type 'ros.ament_cmake' and name 'odom_pointlio_wheel'
[1.230s] Level 1:colcon.colcon_core.package_identification:_identify(src/point_lio) by extensions ['ignore', 'ignore_ament_install']
[1.230s] Level 1:colcon.colcon_core.package_identification:_identify(src/point_lio) by extension 'ignore'
[1.230s] Level 1:colcon.colcon_core.package_identification:_identify(src/point_lio) by extension 'ignore_ament_install'
[1.231s] Level 1:colcon.colcon_core.package_identification:_identify(src/point_lio) by extensions ['colcon_pkg']
[1.231s] Level 1:colcon.colcon_core.package_identification:_identify(src/point_lio) by extension 'colcon_pkg'
[1.231s] Level 1:colcon.colcon_core.package_identification:_identify(src/point_lio) by extensions ['colcon_meta']
[1.231s] Level 1:colcon.colcon_core.package_identification:_identify(src/point_lio) by extension 'colcon_meta'
[1.231s] Level 1:colcon.colcon_core.package_identification:_identify(src/point_lio) by extensions ['ros']
[1.231s] Level 1:colcon.colcon_core.package_identification:_identify(src/point_lio) by extension 'ros'
[1.233s] DEBUG:colcon.colcon_core.package_identification:Package 'src/point_lio' with type 'ros.ament_cmake' and name 'point_lio'
[1.234s] Level 1:colcon.colcon_core.package_identification:_identify(src/pointlio_bridge) by extensions ['ignore', 'ignore_ament_install']
[1.234s] Level 1:colcon.colcon_core.package_identification:_identify(src/pointlio_bridge) by extension 'ignore'
[1.234s] Level 1:colcon.colcon_core.package_identification:_identify(src/pointlio_bridge) by extension 'ignore_ament_install'
[1.234s] Level 1:colcon.colcon_core.package_identification:_identify(src/pointlio_bridge) by extensions ['colcon_pkg']
[1.234s] Level 1:colcon.colcon_core.package_identification:_identify(src/pointlio_bridge) by extension 'colcon_pkg'
[1.234s] Level 1:colcon.colcon_core.package_identification:_identify(src/pointlio_bridge) by extensions ['colcon_meta']
[1.234s] Level 1:colcon.colcon_core.package_identification:_identify(src/pointlio_bridge) by extension 'colcon_meta'
[1.234s] Level 1:colcon.colcon_core.package_identification:_identify(src/pointlio_bridge) by extensions ['ros']
[1.234s] Level 1:colcon.colcon_core.package_identification:_identify(src/pointlio_bridge) by extension 'ros'
[1.239s] DEBUG:colcon.colcon_core.package_identification:Package 'src/pointlio_bridge' with type 'ros.ament_cmake' and name 'pointlio_bridge'
[1.240s] Level 1:colcon.colcon_core.package_discovery:discover_packages(recursive) using defaults
[1.240s] Level 1:colcon.colcon_core.package_discovery:discover_packages(ignore) discover
[1.240s] Level 1:colcon.colcon_core.package_discovery:discover_packages(ignore) using defaults
[1.240s] Level 1:colcon.colcon_core.package_discovery:discover_packages(path) discover
[1.240s] Level 1:colcon.colcon_core.package_discovery:discover_packages(path) using defaults
[1.293s] Level 1:colcon.colcon_core.package_discovery:discover_packages(prefix_path) check parameters
[1.293s] Level 1:colcon.colcon_core.package_discovery:discover_packages(prefix_path) discover
[1.300s] DEBUG:colcon.colcon_installed_package_information.package_discovery:Found 409 installed packages in /opt/ros/humble
[1.303s] Level 1:colcon.colcon_core.package_discovery:discover_packages(prefix_path) using defaults
[1.371s] Level 5:colcon.colcon_core.verb:set package 'livox_ros_driver2' build argument 'cmake_args' from command line to 'None'
[1.371s] Level 5:colcon.colcon_core.verb:set package 'livox_ros_driver2' build argument 'cmake_target' from command line to 'None'
[1.371s] Level 5:colcon.colcon_core.verb:set package 'livox_ros_driver2' build argument 'cmake_target_skip_unavailable' from command line to 'False'
[1.371s] Level 5:colcon.colcon_core.verb:set package 'livox_ros_driver2' build argument 'cmake_clean_cache' from command line to 'False'
[1.371s] Level 5:colcon.colcon_core.verb:set package 'livox_ros_driver2' build argument 'cmake_clean_first' from command line to 'False'
[1.371s] Level 5:colcon.colcon_core.verb:set package 'livox_ros_driver2' build argument 'cmake_force_configure' from command line to 'False'
[1.371s] Level 5:colcon.colcon_core.verb:set package 'livox_ros_driver2' build argument 'ament_cmake_args' from command line to 'None'
[1.371s] Level 5:colcon.colcon_core.verb:set package 'livox_ros_driver2' build argument 'catkin_cmake_args' from command line to 'None'
[1.371s] Level 5:colcon.colcon_core.verb:set package 'livox_ros_driver2' build argument 'catkin_skip_building_tests' from command line to 'False'
[1.371s] DEBUG:colcon.colcon_core.verb:Building package 'livox_ros_driver2' with the following arguments: {'ament_cmake_args': None, 'build_base': '/home/sb/pointlio_change/build/livox_ros_driver2', 'catkin_cmake_args': None, 'catkin_skip_building_tests': False, 'cmake_args': None, 'cmake_clean_cache': False, 'cmake_clean_first': False, 'cmake_force_configure': False, 'cmake_target': None, 'cmake_target_skip_unavailable': False, 'install_base': '/home/sb/pointlio_change/install/livox_ros_driver2', 'merge_install': False, 'path': '/home/sb/pointlio_change/src/livox_ros_driver2', 'symlink_install': False, 'test_result_base': None}
[1.372s] Level 5:colcon.colcon_core.verb:set package 'odom_pointlio_wheel' build argument 'cmake_args' from command line to 'None'
[1.372s] Level 5:colcon.colcon_core.verb:set package 'odom_pointlio_wheel' build argument 'cmake_target' from command line to 'None'
[1.372s] Level 5:colcon.colcon_core.verb:set package 'odom_pointlio_wheel' build argument 'cmake_target_skip_unavailable' from command line to 'False'
[1.372s] Level 5:colcon.colcon_core.verb:set package 'odom_pointlio_wheel' build argument 'cmake_clean_cache' from command line to 'False'
[1.372s] Level 5:colcon.colcon_core.verb:set package 'odom_pointlio_wheel' build argument 'cmake_clean_first' from command line to 'False'
[1.372s] Level 5:colcon.colcon_core.verb:set package 'odom_pointlio_wheel' build argument 'cmake_force_configure' from command line to 'False'
[1.372s] Level 5:colcon.colcon_core.verb:set package 'odom_pointlio_wheel' build argument 'ament_cmake_args' from command line to 'None'
[1.372s] Level 5:colcon.colcon_core.verb:set package 'odom_pointlio_wheel' build argument 'catkin_cmake_args' from command line to 'None'
[1.372s] Level 5:colcon.colcon_core.verb:set package 'odom_pointlio_wheel' build argument 'catkin_skip_building_tests' from command line to 'False'
[1.372s] DEBUG:colcon.colcon_core.verb:Building package 'odom_pointlio_wheel' with the following arguments: {'ament_cmake_args': None, 'build_base': '/home/sb/pointlio_change/build/odom_pointlio_wheel', 'catkin_cmake_args': None, 'catkin_skip_building_tests': False, 'cmake_args': None, 'cmake_clean_cache': False, 'cmake_clean_first': False, 'cmake_force_configure': False, 'cmake_target': None, 'cmake_target_skip_unavailable': False, 'install_base': '/home/sb/pointlio_change/install/odom_pointlio_wheel', 'merge_install': False, 'path': '/home/sb/pointlio_change/src/odom_pointlio_wheel', 'symlink_install': False, 'test_result_base': None}
[1.372s] Level 5:colcon.colcon_core.verb:set package 'pointlio_bridge' build argument 'cmake_args' from command line to 'None'
[1.372s] Level 5:colcon.colcon_core.verb:set package 'pointlio_bridge' build argument 'cmake_target' from command line to 'None'
[1.372s] Level 5:colcon.colcon_core.verb:set package 'pointlio_bridge' build argument 'cmake_target_skip_unavailable' from command line to 'False'
[1.373s] Level 5:colcon.colcon_core.verb:set package 'pointlio_bridge' build argument 'cmake_clean_cache' from command line to 'False'
[1.373s] Level 5:colcon.colcon_core.verb:set package 'pointlio_bridge' build argument 'cmake_clean_first' from command line to 'False'
[1.373s] Level 5:colcon.colcon_core.verb:set package 'pointlio_bridge' build argument 'cmake_force_configure' from command line to 'False'
[1.373s] Level 5:colcon.colcon_core.verb:set package 'pointlio_bridge' build argument 'ament_cmake_args' from command line to 'None'
[1.373s] Level 5:colcon.colcon_core.verb:set package 'pointlio_bridge' build argument 'catkin_cmake_args' from command line to 'None'
[1.373s] Level 5:colcon.colcon_core.verb:set package 'pointlio_bridge' build argument 'catkin_skip_building_tests' from command line to 'False'
[1.373s] DEBUG:colcon.colcon_core.verb:Building package 'pointlio_bridge' with the following arguments: {'ament_cmake_args': None, 'build_base': '/home/sb/pointlio_change/build/pointlio_bridge', 'catkin_cmake_args': None, 'catkin_skip_building_tests': False, 'cmake_args': None, 'cmake_clean_cache': False, 'cmake_clean_first': False, 'cmake_force_configure': False, 'cmake_target': None, 'cmake_target_skip_unavailable': False, 'install_base': '/home/sb/pointlio_change/install/pointlio_bridge', 'merge_install': False, 'path': '/home/sb/pointlio_change/src/pointlio_bridge', 'symlink_install': False, 'test_result_base': None}
[1.373s] Level 5:colcon.colcon_core.verb:set package 'point_lio' build argument 'cmake_args' from command line to 'None'
[1.373s] Level 5:colcon.colcon_core.verb:set package 'point_lio' build argument 'cmake_target' from command line to 'None'
[1.373s] Level 5:colcon.colcon_core.verb:set package 'point_lio' build argument 'cmake_target_skip_unavailable' from command line to 'False'
[1.373s] Level 5:colcon.colcon_core.verb:set package 'point_lio' build argument 'cmake_clean_cache' from command line to 'False'
[1.373s] Level 5:colcon.colcon_core.verb:set package 'point_lio' build argument 'cmake_clean_first' from command line to 'False'
[1.373s] Level 5:colcon.colcon_core.verb:set package 'point_lio' build argument 'cmake_force_configure' from command line to 'False'
[1.373s] Level 5:colcon.colcon_core.verb:set package 'point_lio' build argument 'ament_cmake_args' from command line to 'None'
[1.373s] Level 5:colcon.colcon_core.verb:set package 'point_lio' build argument 'catkin_cmake_args' from command line to 'None'
[1.373s] Level 5:colcon.colcon_core.verb:set package 'point_lio' build argument 'catkin_skip_building_tests' from command line to 'False'
[1.373s] DEBUG:colcon.colcon_core.verb:Building package 'point_lio' with the following arguments: {'ament_cmake_args': None, 'build_base': '/home/sb/pointlio_change/build/point_lio', 'catkin_cmake_args': None, 'catkin_skip_building_tests': False, 'cmake_args': None, 'cmake_clean_cache': False, 'cmake_clean_first': False, 'cmake_force_configure': False, 'cmake_target': None, 'cmake_target_skip_unavailable': False, 'install_base': '/home/sb/pointlio_change/install/point_lio', 'merge_install': False, 'path': '/home/sb/pointlio_change/src/point_lio', 'symlink_install': False, 'test_result_base': None}
[1.374s] INFO:colcon.colcon_core.executor:Executing jobs using 'parallel' executor
[1.375s] DEBUG:colcon.colcon_parallel_executor.executor.parallel:run_until_complete
[1.376s] INFO:colcon.colcon_ros.task.ament_cmake.build:Building ROS package in '/home/sb/pointlio_change/src/livox_ros_driver2' with build type 'ament_cmake'
[1.376s] INFO:colcon.colcon_cmake.task.cmake.build:Building CMake package in '/home/sb/pointlio_change/src/livox_ros_driver2'
[1.822s] INFO:colcon.colcon_core.plugin_system:Skipping extension 'colcon_core.shell.bat': Not used on non-Windows systems
[1.822s] INFO:colcon.colcon_core.shell:Skip shell extension 'powershell' for command environment: Not usable outside of PowerShell
[1.822s] DEBUG:colcon.colcon_core.shell:Skip shell extension 'dsv' for command environment
[1.834s] INFO:colcon.colcon_ros.task.ament_cmake.build:Building ROS package in '/home/sb/pointlio_change/src/odom_pointlio_wheel' with build type 'ament_cmake'
[1.834s] INFO:colcon.colcon_cmake.task.cmake.build:Building CMake package in '/home/sb/pointlio_change/src/odom_pointlio_wheel'
[1.834s] INFO:colcon.colcon_core.shell:Skip shell extension 'powershell' for command environment: Not usable outside of PowerShell
[1.834s] DEBUG:colcon.colcon_core.shell:Skip shell extension 'dsv' for command environment
[1.838s] INFO:colcon.colcon_ros.task.ament_cmake.build:Building ROS package in '/home/sb/pointlio_change/src/pointlio_bridge' with build type 'ament_cmake'
[1.839s] INFO:colcon.colcon_cmake.task.cmake.build:Building CMake package in '/home/sb/pointlio_change/src/pointlio_bridge'
[1.839s] INFO:colcon.colcon_core.shell:Skip shell extension 'powershell' for command environment: Not usable outside of PowerShell
[1.839s] DEBUG:colcon.colcon_core.shell:Skip shell extension 'dsv' for command environment
[1.849s] DEBUG:colcon.colcon_core.event_handler.log_command:Invoking command in '/home/sb/pointlio_change/build/livox_ros_driver2': CMAKE_PREFIX_PATH=/opt/ros/humble _=/usr/bin/env /home/sb/.local/bin/cmake /home/sb/pointlio_change/src/livox_ros_driver2 -DCMAKE_INSTALL_PREFIX=/home/sb/pointlio_change/install/livox_ros_driver2
[1.867s] DEBUG:colcon.colcon_core.event_handler.log_command:Invoking command in '/home/sb/pointlio_change/build/odom_pointlio_wheel': CMAKE_PREFIX_PATH=/opt/ros/humble _=/usr/bin/env /home/sb/.local/bin/cmake /home/sb/pointlio_change/src/odom_pointlio_wheel -DCMAKE_INSTALL_PREFIX=/home/sb/pointlio_change/install/odom_pointlio_wheel
[1.871s] DEBUG:colcon.colcon_core.event_handler.log_command:Invoking command in '/home/sb/pointlio_change/build/pointlio_bridge': CMAKE_PREFIX_PATH=/opt/ros/humble _=/usr/bin/env /home/sb/.local/bin/cmake /home/sb/pointlio_change/src/pointlio_bridge -DCMAKE_INSTALL_PREFIX=/home/sb/pointlio_change/install/pointlio_bridge
[4.251s] DEBUG:colcon.colcon_core.event_handler.log_command:Invoked command in '/home/sb/pointlio_change/build/odom_pointlio_wheel' returned '0': CMAKE_PREFIX_PATH=/opt/ros/humble _=/usr/bin/env /home/sb/.local/bin/cmake /home/sb/pointlio_change/src/odom_pointlio_wheel -DCMAKE_INSTALL_PREFIX=/home/sb/pointlio_change/install/odom_pointlio_wheel
[4.254s] DEBUG:colcon.colcon_core.event_handler.log_command:Invoking command in '/home/sb/pointlio_change/build/odom_pointlio_wheel': CMAKE_PREFIX_PATH=/opt/ros/humble _=/usr/bin/env /home/sb/.local/bin/cmake --build /home/sb/pointlio_change/build/odom_pointlio_wheel -- -j24 -l24
[8.525s] DEBUG:colcon.colcon_core.event_handler.log_command:Invoked command in '/home/sb/pointlio_change/build/pointlio_bridge' returned '0': CMAKE_PREFIX_PATH=/opt/ros/humble _=/usr/bin/env /home/sb/.local/bin/cmake /home/sb/pointlio_change/src/pointlio_bridge -DCMAKE_INSTALL_PREFIX=/home/sb/pointlio_change/install/pointlio_bridge
[8.527s] DEBUG:colcon.colcon_core.event_handler.log_command:Invoking command in '/home/sb/pointlio_change/build/pointlio_bridge': CMAKE_PREFIX_PATH=/opt/ros/humble _=/usr/bin/env /home/sb/.local/bin/cmake --build /home/sb/pointlio_change/build/pointlio_bridge -- -j24 -l24
[11.247s] DEBUG:colcon.colcon_core.event_handler.log_command:Invoked command in '/home/sb/pointlio_change/build/livox_ros_driver2' returned '0': CMAKE_PREFIX_PATH=/opt/ros/humble _=/usr/bin/env /home/sb/.local/bin/cmake /home/sb/pointlio_change/src/livox_ros_driver2 -DCMAKE_INSTALL_PREFIX=/home/sb/pointlio_change/install/livox_ros_driver2
[11.251s] DEBUG:colcon.colcon_core.event_handler.log_command:Invoking command in '/home/sb/pointlio_change/build/livox_ros_driver2': CMAKE_PREFIX_PATH=/opt/ros/humble _=/usr/bin/env /home/sb/.local/bin/cmake --build /home/sb/pointlio_change/build/livox_ros_driver2 -- -j24 -l24
[25.805s] DEBUG:colcon.colcon_core.event_handler.log_command:Invoked command in '/home/sb/pointlio_change/build/livox_ros_driver2' returned '0': CMAKE_PREFIX_PATH=/opt/ros/humble _=/usr/bin/env /home/sb/.local/bin/cmake --build /home/sb/pointlio_change/build/livox_ros_driver2 -- -j24 -l24
[25.929s] DEBUG:colcon.colcon_core.event_handler.log_command:Invoking command in '/home/sb/pointlio_change/build/livox_ros_driver2': CMAKE_PREFIX_PATH=/opt/ros/humble _=/usr/bin/env /home/sb/.local/bin/cmake --install /home/sb/pointlio_change/build/livox_ros_driver2
[26.136s] Level 1:colcon.colcon_core.environment:create_environment_scripts_only(livox_ros_driver2)
[26.137s] DEBUG:colcon.colcon_core.event_handler.log_command:Invoked command in '/home/sb/pointlio_change/build/livox_ros_driver2' returned '0': CMAKE_PREFIX_PATH=/opt/ros/humble _=/usr/bin/env /home/sb/.local/bin/cmake --install /home/sb/pointlio_change/build/livox_ros_driver2
[26.145s] Level 1:colcon.colcon_core.environment:checking '/home/sb/pointlio_change/install/livox_ros_driver2' for CMake module files
[26.146s] Level 1:colcon.colcon_core.environment:checking '/home/sb/pointlio_change/install/livox_ros_driver2' for CMake config files
[26.146s] Level 1:colcon.colcon_core.shell:create_environment_hook('livox_ros_driver2', 'cmake_prefix_path')
[26.146s] INFO:colcon.colcon_core.shell:Creating environment hook '/home/sb/pointlio_change/install/livox_ros_driver2/share/livox_ros_driver2/hook/cmake_prefix_path.ps1'
[26.148s] INFO:colcon.colcon_core.shell:Creating environment descriptor '/home/sb/pointlio_change/install/livox_ros_driver2/share/livox_ros_driver2/hook/cmake_prefix_path.dsv'
[26.148s] INFO:colcon.colcon_core.shell:Creating environment hook '/home/sb/pointlio_change/install/livox_ros_driver2/share/livox_ros_driver2/hook/cmake_prefix_path.sh'
[26.150s] Level 1:colcon.colcon_core.environment:checking '/home/sb/pointlio_change/install/livox_ros_driver2/lib'
[26.150s] Level 1:colcon.colcon_core.shell:create_environment_hook('livox_ros_driver2', 'ld_library_path_lib')
[26.150s] INFO:colcon.colcon_core.shell:Creating environment hook '/home/sb/pointlio_change/install/livox_ros_driver2/share/livox_ros_driver2/hook/ld_library_path_lib.ps1'
[26.151s] INFO:colcon.colcon_core.shell:Creating environment descriptor '/home/sb/pointlio_change/install/livox_ros_driver2/share/livox_ros_driver2/hook/ld_library_path_lib.dsv'
[26.151s] INFO:colcon.colcon_core.shell:Creating environment hook '/home/sb/pointlio_change/install/livox_ros_driver2/share/livox_ros_driver2/hook/ld_library_path_lib.sh'
[26.151s] Level 1:colcon.colcon_core.environment:checking '/home/sb/pointlio_change/install/livox_ros_driver2/bin'
[26.151s] Level 1:colcon.colcon_core.environment:checking '/home/sb/pointlio_change/install/livox_ros_driver2/lib/pkgconfig/livox_ros_driver2.pc'
[26.152s] Level 1:colcon.colcon_core.environment:checking '/home/sb/pointlio_change/install/livox_ros_driver2/lib/python3.10/site-packages'
[26.152s] Level 1:colcon.colcon_core.environment:checking '/home/sb/pointlio_change/install/livox_ros_driver2/bin'
[26.153s] INFO:colcon.colcon_core.shell:Creating package script '/home/sb/pointlio_change/install/livox_ros_driver2/share/livox_ros_driver2/package.ps1'
[26.154s] INFO:colcon.colcon_core.shell:Creating package descriptor '/home/sb/pointlio_change/install/livox_ros_driver2/share/livox_ros_driver2/package.dsv'
[26.155s] INFO:colcon.colcon_core.shell:Creating package script '/home/sb/pointlio_change/install/livox_ros_driver2/share/livox_ros_driver2/package.sh'
[26.156s] INFO:colcon.colcon_core.shell:Creating package script '/home/sb/pointlio_change/install/livox_ros_driver2/share/livox_ros_driver2/package.bash'
[26.158s] INFO:colcon.colcon_core.shell:Creating package script '/home/sb/pointlio_change/install/livox_ros_driver2/share/livox_ros_driver2/package.zsh'
[26.159s] Level 1:colcon.colcon_core.environment:create_file_with_runtime_dependencies(/home/sb/pointlio_change/install/livox_ros_driver2/share/colcon-core/packages/livox_ros_driver2)
[26.162s] Level 1:colcon.colcon_core.environment:create_environment_scripts_only(livox_ros_driver2)
[26.162s] Level 1:colcon.colcon_core.environment:checking '/home/sb/pointlio_change/install/livox_ros_driver2' for CMake module files
[26.163s] Level 1:colcon.colcon_core.environment:checking '/home/sb/pointlio_change/install/livox_ros_driver2' for CMake config files
[26.163s] Level 1:colcon.colcon_core.shell:create_environment_hook('livox_ros_driver2', 'cmake_prefix_path')
[26.164s] INFO:colcon.colcon_core.shell:Creating environment hook '/home/sb/pointlio_change/install/livox_ros_driver2/share/livox_ros_driver2/hook/cmake_prefix_path.ps1'
[26.164s] INFO:colcon.colcon_core.shell:Creating environment descriptor '/home/sb/pointlio_change/install/livox_ros_driver2/share/livox_ros_driver2/hook/cmake_prefix_path.dsv'
[26.165s] INFO:colcon.colcon_core.shell:Creating environment hook '/home/sb/pointlio_change/install/livox_ros_driver2/share/livox_ros_driver2/hook/cmake_prefix_path.sh'
[26.165s] Level 1:colcon.colcon_core.environment:checking '/home/sb/pointlio_change/install/livox_ros_driver2/lib'
[26.165s] Level 1:colcon.colcon_core.shell:create_environment_hook('livox_ros_driver2', 'ld_library_path_lib')
[26.166s] INFO:colcon.colcon_core.shell:Creating environment hook '/home/sb/pointlio_change/install/livox_ros_driver2/share/livox_ros_driver2/hook/ld_library_path_lib.ps1'
[26.166s] INFO:colcon.colcon_core.shell:Creating environment descriptor '/home/sb/pointlio_change/install/livox_ros_driver2/share/livox_ros_driver2/hook/ld_library_path_lib.dsv'
[26.166s] INFO:colcon.colcon_core.shell:Creating environment hook '/home/sb/pointlio_change/install/livox_ros_driver2/share/livox_ros_driver2/hook/ld_library_path_lib.sh'
[26.167s] Level 1:colcon.colcon_core.environment:checking '/home/sb/pointlio_change/install/livox_ros_driver2/bin'
[26.167s] Level 1:colcon.colcon_core.environment:checking '/home/sb/pointlio_change/install/livox_ros_driver2/lib/pkgconfig/livox_ros_driver2.pc'
[26.167s] Level 1:colcon.colcon_core.environment:checking '/home/sb/pointlio_change/install/livox_ros_driver2/lib/python3.10/site-packages'
[26.168s] Level 1:colcon.colcon_core.environment:checking '/home/sb/pointlio_change/install/livox_ros_driver2/bin'
[26.168s] INFO:colcon.colcon_core.shell:Creating package script '/home/sb/pointlio_change/install/livox_ros_driver2/share/livox_ros_driver2/package.ps1'
[26.169s] INFO:colcon.colcon_core.shell:Creating package descriptor '/home/sb/pointlio_change/install/livox_ros_driver2/share/livox_ros_driver2/package.dsv'
[26.170s] INFO:colcon.colcon_core.shell:Creating package script '/home/sb/pointlio_change/install/livox_ros_driver2/share/livox_ros_driver2/package.sh'
[26.170s] INFO:colcon.colcon_core.shell:Creating package script '/home/sb/pointlio_change/install/livox_ros_driver2/share/livox_ros_driver2/package.bash'
[26.171s] INFO:colcon.colcon_core.shell:Creating package script '/home/sb/pointlio_change/install/livox_ros_driver2/share/livox_ros_driver2/package.zsh'
[26.171s] Level 1:colcon.colcon_core.environment:create_file_with_runtime_dependencies(/home/sb/pointlio_change/install/livox_ros_driver2/share/colcon-core/packages/livox_ros_driver2)
[26.171s] INFO:colcon.colcon_ros.task.ament_cmake.build:Building ROS package in '/home/sb/pointlio_change/src/point_lio' with build type 'ament_cmake'
[26.172s] INFO:colcon.colcon_cmake.task.cmake.build:Building CMake package in '/home/sb/pointlio_change/src/point_lio'
[26.172s] INFO:colcon.colcon_core.shell:Skip shell extension 'powershell' for command environment: Not usable outside of PowerShell
[26.172s] DEBUG:colcon.colcon_core.shell:Skip shell extension 'dsv' for command environment
[26.193s] DEBUG:colcon.colcon_core.event_handler.log_command:Invoking command in '/home/sb/pointlio_change/build/point_lio': AMENT_PREFIX_PATH=/home/sb/pointlio_change/install/livox_ros_driver2:${AMENT_PREFIX_PATH} CMAKE_PREFIX_PATH=/home/sb/pointlio_change/install/livox_ros_driver2:/opt/ros/humble LD_LIBRARY_PATH=/home/sb/pointlio_change/install/livox_ros_driver2/lib:/lib/x86_64-linux-gnu:/usr/local/cuda-12.4/lib64:/usr/local/cuda/lib64:/usr/local/cuda/lib64:/usr/local/cuda/lib64:/usr/local/cuda-12.4/lib64:/opt/ros/humble/opt/rviz_ogre_vendor/lib:/opt/ros/humble/lib/x86_64-linux-gnu:/opt/ros/humble/lib:/usr/local/cuda-12.6/lib64:/usr/local/lib:/opt/TensorRT-8.6.1.6/lib:/opt/MVS/lib/64:/opt/MVS/lib/32:/opt/MVS/lib/64:/opt/MVS/lib/32:/usr/local/cuda-12.4/lib64:/opt/TensorRT-8.6.1.6/lib:/opt/TensorRT-8.6.1.6/lib:/opt/MVS/lib/64:/opt/MVS/lib/32:/opt/MVS/lib/64:/opt/MVS/lib/32:/usr/local/cuda-12.4/lib64 PYTHONPATH=/home/sb/pointlio_change/install/livox_ros_driver2/local/lib/python3.10/dist-packages:${PYTHONPATH} _=/usr/bin/env /home/sb/.local/bin/cmake /home/sb/pointlio_change/src/point_lio -DCMAKE_INSTALL_PREFIX=/home/sb/pointlio_change/install/point_lio
[32.855s] DEBUG:colcon.colcon_core.event_handler.log_command:Invoked command in '/home/sb/pointlio_change/build/point_lio' returned '0': AMENT_PREFIX_PATH=/home/sb/pointlio_change/install/livox_ros_driver2:${AMENT_PREFIX_PATH} CMAKE_PREFIX_PATH=/home/sb/pointlio_change/install/livox_ros_driver2:/opt/ros/humble LD_LIBRARY_PATH=/home/sb/pointlio_change/install/livox_ros_driver2/lib:/lib/x86_64-linux-gnu:/usr/local/cuda-12.4/lib64:/usr/local/cuda/lib64:/usr/local/cuda/lib64:/usr/local/cuda/lib64:/usr/local/cuda-12.4/lib64:/opt/ros/humble/opt/rviz_ogre_vendor/lib:/opt/ros/humble/lib/x86_64-linux-gnu:/opt/ros/humble/lib:/usr/local/cuda-12.6/lib64:/usr/local/lib:/opt/TensorRT-8.6.1.6/lib:/opt/MVS/lib/64:/opt/MVS/lib/32:/opt/MVS/lib/64:/opt/MVS/lib/32:/usr/local/cuda-12.4/lib64:/opt/TensorRT-8.6.1.6/lib:/opt/TensorRT-8.6.1.6/lib:/opt/MVS/lib/64:/opt/MVS/lib/32:/opt/MVS/lib/64:/opt/MVS/lib/32:/usr/local/cuda-12.4/lib64 PYTHONPATH=/home/sb/pointlio_change/install/livox_ros_driver2/local/lib/python3.10/dist-packages:${PYTHONPATH} _=/usr/bin/env /home/sb/.local/bin/cmake /home/sb/pointlio_change/src/point_lio -DCMAKE_INSTALL_PREFIX=/home/sb/pointlio_change/install/point_lio
[32.858s] DEBUG:colcon.colcon_core.event_handler.log_command:Invoking command in '/home/sb/pointlio_change/build/point_lio': AMENT_PREFIX_PATH=/home/sb/pointlio_change/install/livox_ros_driver2:${AMENT_PREFIX_PATH} CMAKE_PREFIX_PATH=/home/sb/pointlio_change/install/livox_ros_driver2:/opt/ros/humble LD_LIBRARY_PATH=/home/sb/pointlio_change/install/livox_ros_driver2/lib:/lib/x86_64-linux-gnu:/usr/local/cuda-12.4/lib64:/usr/local/cuda/lib64:/usr/local/cuda/lib64:/usr/local/cuda/lib64:/usr/local/cuda-12.4/lib64:/opt/ros/humble/opt/rviz_ogre_vendor/lib:/opt/ros/humble/lib/x86_64-linux-gnu:/opt/ros/humble/lib:/usr/local/cuda-12.6/lib64:/usr/local/lib:/opt/TensorRT-8.6.1.6/lib:/opt/MVS/lib/64:/opt/MVS/lib/32:/opt/MVS/lib/64:/opt/MVS/lib/32:/usr/local/cuda-12.4/lib64:/opt/TensorRT-8.6.1.6/lib:/opt/TensorRT-8.6.1.6/lib:/opt/MVS/lib/64:/opt/MVS/lib/32:/opt/MVS/lib/64:/opt/MVS/lib/32:/usr/local/cuda-12.4/lib64 PYTHONPATH=/home/sb/pointlio_change/install/livox_ros_driver2/local/lib/python3.10/dist-packages:${PYTHONPATH} _=/usr/bin/env /home/sb/.local/bin/cmake --build /home/sb/pointlio_change/build/point_lio -- -j24 -l24
[39.688s] DEBUG:colcon.colcon_core.event_handler.log_command:Invoked command in '/home/sb/pointlio_change/build/odom_pointlio_wheel' returned '0': CMAKE_PREFIX_PATH=/opt/ros/humble _=/usr/bin/env /home/sb/.local/bin/cmake --build /home/sb/pointlio_change/build/odom_pointlio_wheel -- -j24 -l24
[39.692s] DEBUG:colcon.colcon_core.event_handler.log_command:Invoking command in '/home/sb/pointlio_change/build/odom_pointlio_wheel': CMAKE_PREFIX_PATH=/opt/ros/humble _=/usr/bin/env /home/sb/.local/bin/cmake --install /home/sb/pointlio_change/build/odom_pointlio_wheel
[39.836s] Level 1:colcon.colcon_core.environment:create_environment_scripts_only(odom_pointlio_wheel)
[39.837s] Level 1:colcon.colcon_core.environment:checking '/home/sb/pointlio_change/install/odom_pointlio_wheel' for CMake module files
[39.838s] DEBUG:colcon.colcon_core.event_handler.log_command:Invoked command in '/home/sb/pointlio_change/build/odom_pointlio_wheel' returned '0': CMAKE_PREFIX_PATH=/opt/ros/humble _=/usr/bin/env /home/sb/.local/bin/cmake --install /home/sb/pointlio_change/build/odom_pointlio_wheel
[39.839s] Level 1:colcon.colcon_core.environment:checking '/home/sb/pointlio_change/install/odom_pointlio_wheel' for CMake config files
[39.840s] Level 1:colcon.colcon_core.shell:create_environment_hook('odom_pointlio_wheel', 'cmake_prefix_path')
[39.840s] INFO:colcon.colcon_core.shell:Creating environment hook '/home/sb/pointlio_change/install/odom_pointlio_wheel/share/odom_pointlio_wheel/hook/cmake_prefix_path.ps1'
[39.841s] INFO:colcon.colcon_core.shell:Creating environment descriptor '/home/sb/pointlio_change/install/odom_pointlio_wheel/share/odom_pointlio_wheel/hook/cmake_prefix_path.dsv'
[39.842s] INFO:colcon.colcon_core.shell:Creating environment hook '/home/sb/pointlio_change/install/odom_pointlio_wheel/share/odom_pointlio_wheel/hook/cmake_prefix_path.sh'
[39.843s] Level 1:colcon.colcon_core.environment:checking '/home/sb/pointlio_change/install/odom_pointlio_wheel/lib'
[39.843s] Level 1:colcon.colcon_core.shell:create_environment_hook('odom_pointlio_wheel', 'ld_library_path_lib')
[39.843s] INFO:colcon.colcon_core.shell:Creating environment hook '/home/sb/pointlio_change/install/odom_pointlio_wheel/share/odom_pointlio_wheel/hook/ld_library_path_lib.ps1'
[39.844s] INFO:colcon.colcon_core.shell:Creating environment descriptor '/home/sb/pointlio_change/install/odom_pointlio_wheel/share/odom_pointlio_wheel/hook/ld_library_path_lib.dsv'
[39.845s] INFO:colcon.colcon_core.shell:Creating environment hook '/home/sb/pointlio_change/install/odom_pointlio_wheel/share/odom_pointlio_wheel/hook/ld_library_path_lib.sh'
[39.845s] Level 1:colcon.colcon_core.environment:checking '/home/sb/pointlio_change/install/odom_pointlio_wheel/bin'
[39.845s] Level 1:colcon.colcon_core.environment:checking '/home/sb/pointlio_change/install/odom_pointlio_wheel/lib/pkgconfig/odom_pointlio_wheel.pc'
[39.846s] Level 1:colcon.colcon_core.environment:checking '/home/sb/pointlio_change/install/odom_pointlio_wheel/lib/python3.10/site-packages'
[39.847s] Level 1:colcon.colcon_core.environment:checking '/home/sb/pointlio_change/install/odom_pointlio_wheel/bin'
[39.847s] INFO:colcon.colcon_core.shell:Creating package script '/home/sb/pointlio_change/install/odom_pointlio_wheel/share/odom_pointlio_wheel/package.ps1'
[39.848s] INFO:colcon.colcon_core.shell:Creating package descriptor '/home/sb/pointlio_change/install/odom_pointlio_wheel/share/odom_pointlio_wheel/package.dsv'
[39.849s] INFO:colcon.colcon_core.shell:Creating package script '/home/sb/pointlio_change/install/odom_pointlio_wheel/share/odom_pointlio_wheel/package.sh'
[39.850s] INFO:colcon.colcon_core.shell:Creating package script '/home/sb/pointlio_change/install/odom_pointlio_wheel/share/odom_pointlio_wheel/package.bash'
[39.851s] INFO:colcon.colcon_core.shell:Creating package script '/home/sb/pointlio_change/install/odom_pointlio_wheel/share/odom_pointlio_wheel/package.zsh'
[39.851s] Level 1:colcon.colcon_core.environment:create_file_with_runtime_dependencies(/home/sb/pointlio_change/install/odom_pointlio_wheel/share/colcon-core/packages/odom_pointlio_wheel)
[39.854s] Level 1:colcon.colcon_core.environment:create_environment_scripts_only(odom_pointlio_wheel)
[39.854s] Level 1:colcon.colcon_core.environment:checking '/home/sb/pointlio_change/install/odom_pointlio_wheel' for CMake module files
[39.855s] Level 1:colcon.colcon_core.environment:checking '/home/sb/pointlio_change/install/odom_pointlio_wheel' for CMake config files
[39.856s] Level 1:colcon.colcon_core.shell:create_environment_hook('odom_pointlio_wheel', 'cmake_prefix_path')
[39.856s] INFO:colcon.colcon_core.shell:Creating environment hook '/home/sb/pointlio_change/install/odom_pointlio_wheel/share/odom_pointlio_wheel/hook/cmake_prefix_path.ps1'
[39.857s] INFO:colcon.colcon_core.shell:Creating environment descriptor '/home/sb/pointlio_change/install/odom_pointlio_wheel/share/odom_pointlio_wheel/hook/cmake_prefix_path.dsv'
[39.858s] INFO:colcon.colcon_core.shell:Creating environment hook '/home/sb/pointlio_change/install/odom_pointlio_wheel/share/odom_pointlio_wheel/hook/cmake_prefix_path.sh'
[39.859s] Level 1:colcon.colcon_core.environment:checking '/home/sb/pointlio_change/install/odom_pointlio_wheel/lib'
[39.859s] Level 1:colcon.colcon_core.shell:create_environment_hook('odom_pointlio_wheel', 'ld_library_path_lib')
[39.859s] INFO:colcon.colcon_core.shell:Creating environment hook '/home/sb/pointlio_change/install/odom_pointlio_wheel/share/odom_pointlio_wheel/hook/ld_library_path_lib.ps1'
[39.860s] INFO:colcon.colcon_core.shell:Creating environment descriptor '/home/sb/pointlio_change/install/odom_pointlio_wheel/share/odom_pointlio_wheel/hook/ld_library_path_lib.dsv'
[39.860s] INFO:colcon.colcon_core.shell:Creating environment hook '/home/sb/pointlio_change/install/odom_pointlio_wheel/share/odom_pointlio_wheel/hook/ld_library_path_lib.sh'
[39.861s] Level 1:colcon.colcon_core.environment:checking '/home/sb/pointlio_change/install/odom_pointlio_wheel/bin'
[39.861s] Level 1:colcon.colcon_core.environment:checking '/home/sb/pointlio_change/install/odom_pointlio_wheel/lib/pkgconfig/odom_pointlio_wheel.pc'
[39.862s] Level 1:colcon.colcon_core.environment:checking '/home/sb/pointlio_change/install/odom_pointlio_wheel/lib/python3.10/site-packages'
[39.862s] Level 1:colcon.colcon_core.environment:checking '/home/sb/pointlio_change/install/odom_pointlio_wheel/bin'
[39.863s] INFO:colcon.colcon_core.shell:Creating package script '/home/sb/pointlio_change/install/odom_pointlio_wheel/share/odom_pointlio_wheel/package.ps1'
[39.864s] INFO:colcon.colcon_core.shell:Creating package descriptor '/home/sb/pointlio_change/install/odom_pointlio_wheel/share/odom_pointlio_wheel/package.dsv'
[39.865s] INFO:colcon.colcon_core.shell:Creating package script '/home/sb/pointlio_change/install/odom_pointlio_wheel/share/odom_pointlio_wheel/package.sh'
[39.866s] INFO:colcon.colcon_core.shell:Creating package script '/home/sb/pointlio_change/install/odom_pointlio_wheel/share/odom_pointlio_wheel/package.bash'
[39.867s] INFO:colcon.colcon_core.shell:Creating package script '/home/sb/pointlio_change/install/odom_pointlio_wheel/share/odom_pointlio_wheel/package.zsh'
[39.867s] Level 1:colcon.colcon_core.environment:create_file_with_runtime_dependencies(/home/sb/pointlio_change/install/odom_pointlio_wheel/share/colcon-core/packages/odom_pointlio_wheel)
[52.040s] DEBUG:colcon.colcon_core.event_handler.log_command:Invoked command in '/home/sb/pointlio_change/build/pointlio_bridge' returned '0': CMAKE_PREFIX_PATH=/opt/ros/humble _=/usr/bin/env /home/sb/.local/bin/cmake --build /home/sb/pointlio_change/build/pointlio_bridge -- -j24 -l24
[52.048s] DEBUG:colcon.colcon_core.event_handler.log_command:Invoking command in '/home/sb/pointlio_change/build/pointlio_bridge': CMAKE_PREFIX_PATH=/opt/ros/humble _=/usr/bin/env /home/sb/.local/bin/cmake --install /home/sb/pointlio_change/build/pointlio_bridge
[52.188s] Level 1:colcon.colcon_core.environment:create_environment_scripts_only(pointlio_bridge)
[52.189s] Level 1:colcon.colcon_core.environment:checking '/home/sb/pointlio_change/install/pointlio_bridge' for CMake module files
[52.190s] DEBUG:colcon.colcon_core.event_handler.log_command:Invoked command in '/home/sb/pointlio_change/build/pointlio_bridge' returned '0': CMAKE_PREFIX_PATH=/opt/ros/humble _=/usr/bin/env /home/sb/.local/bin/cmake --install /home/sb/pointlio_change/build/pointlio_bridge
[52.191s] Level 1:colcon.colcon_core.environment:checking '/home/sb/pointlio_change/install/pointlio_bridge' for CMake config files
[52.191s] Level 1:colcon.colcon_core.shell:create_environment_hook('pointlio_bridge', 'cmake_prefix_path')
[52.191s] INFO:colcon.colcon_core.shell:Creating environment hook '/home/sb/pointlio_change/install/pointlio_bridge/share/pointlio_bridge/hook/cmake_prefix_path.ps1'
[52.192s] INFO:colcon.colcon_core.shell:Creating environment descriptor '/home/sb/pointlio_change/install/pointlio_bridge/share/pointlio_bridge/hook/cmake_prefix_path.dsv'
[52.192s] INFO:colcon.colcon_core.shell:Creating environment hook '/home/sb/pointlio_change/install/pointlio_bridge/share/pointlio_bridge/hook/cmake_prefix_path.sh'
[52.193s] Level 1:colcon.colcon_core.environment:checking '/home/sb/pointlio_change/install/pointlio_bridge/lib'
[52.193s] Level 1:colcon.colcon_core.shell:create_environment_hook('pointlio_bridge', 'ld_library_path_lib')
[52.193s] INFO:colcon.colcon_core.shell:Creating environment hook '/home/sb/pointlio_change/install/pointlio_bridge/share/pointlio_bridge/hook/ld_library_path_lib.ps1'
[52.194s] INFO:colcon.colcon_core.shell:Creating environment descriptor '/home/sb/pointlio_change/install/pointlio_bridge/share/pointlio_bridge/hook/ld_library_path_lib.dsv'
[52.194s] INFO:colcon.colcon_core.shell:Creating environment hook '/home/sb/pointlio_change/install/pointlio_bridge/share/pointlio_bridge/hook/ld_library_path_lib.sh'
[52.194s] Level 1:colcon.colcon_core.environment:checking '/home/sb/pointlio_change/install/pointlio_bridge/bin'
[52.195s] Level 1:colcon.colcon_core.environment:checking '/home/sb/pointlio_change/install/pointlio_bridge/lib/pkgconfig/pointlio_bridge.pc'
[52.195s] Level 1:colcon.colcon_core.environment:checking '/home/sb/pointlio_change/install/pointlio_bridge/lib/python3.10/site-packages'
[52.195s] Level 1:colcon.colcon_core.environment:checking '/home/sb/pointlio_change/install/pointlio_bridge/bin'
[52.196s] INFO:colcon.colcon_core.shell:Creating package script '/home/sb/pointlio_change/install/pointlio_bridge/share/pointlio_bridge/package.ps1'
[52.196s] INFO:colcon.colcon_core.shell:Creating package descriptor '/home/sb/pointlio_change/install/pointlio_bridge/share/pointlio_bridge/package.dsv'
[52.197s] INFO:colcon.colcon_core.shell:Creating package script '/home/sb/pointlio_change/install/pointlio_bridge/share/pointlio_bridge/package.sh'
[52.198s] INFO:colcon.colcon_core.shell:Creating package script '/home/sb/pointlio_change/install/pointlio_bridge/share/pointlio_bridge/package.bash'
[52.198s] INFO:colcon.colcon_core.shell:Creating package script '/home/sb/pointlio_change/install/pointlio_bridge/share/pointlio_bridge/package.zsh'
[52.198s] Level 1:colcon.colcon_core.environment:create_file_with_runtime_dependencies(/home/sb/pointlio_change/install/pointlio_bridge/share/colcon-core/packages/pointlio_bridge)
[52.201s] Level 1:colcon.colcon_core.environment:create_environment_scripts_only(pointlio_bridge)
[52.202s] Level 1:colcon.colcon_core.environment:checking '/home/sb/pointlio_change/install/pointlio_bridge' for CMake module files
[52.202s] Level 1:colcon.colcon_core.environment:checking '/home/sb/pointlio_change/install/pointlio_bridge' for CMake config files
[52.203s] Level 1:colcon.colcon_core.shell:create_environment_hook('pointlio_bridge', 'cmake_prefix_path')
[52.203s] INFO:colcon.colcon_core.shell:Creating environment hook '/home/sb/pointlio_change/install/pointlio_bridge/share/pointlio_bridge/hook/cmake_prefix_path.ps1'
[52.203s] INFO:colcon.colcon_core.shell:Creating environment descriptor '/home/sb/pointlio_change/install/pointlio_bridge/share/pointlio_bridge/hook/cmake_prefix_path.dsv'
[52.204s] INFO:colcon.colcon_core.shell:Creating environment hook '/home/sb/pointlio_change/install/pointlio_bridge/share/pointlio_bridge/hook/cmake_prefix_path.sh'
[52.205s] Level 1:colcon.colcon_core.environment:checking '/home/sb/pointlio_change/install/pointlio_bridge/lib'
[52.205s] Level 1:colcon.colcon_core.shell:create_environment_hook('pointlio_bridge', 'ld_library_path_lib')
[52.205s] INFO:colcon.colcon_core.shell:Creating environment hook '/home/sb/pointlio_change/install/pointlio_bridge/share/pointlio_bridge/hook/ld_library_path_lib.ps1'
[52.205s] INFO:colcon.colcon_core.shell:Creating environment descriptor '/home/sb/pointlio_change/install/pointlio_bridge/share/pointlio_bridge/hook/ld_library_path_lib.dsv'
[52.206s] INFO:colcon.colcon_core.shell:Creating environment hook '/home/sb/pointlio_change/install/pointlio_bridge/share/pointlio_bridge/hook/ld_library_path_lib.sh'
[52.206s] Level 1:colcon.colcon_core.environment:checking '/home/sb/pointlio_change/install/pointlio_bridge/bin'
[52.206s] Level 1:colcon.colcon_core.environment:checking '/home/sb/pointlio_change/install/pointlio_bridge/lib/pkgconfig/pointlio_bridge.pc'
[52.207s] Level 1:colcon.colcon_core.environment:checking '/home/sb/pointlio_change/install/pointlio_bridge/lib/python3.10/site-packages'
[52.207s] Level 1:colcon.colcon_core.environment:checking '/home/sb/pointlio_change/install/pointlio_bridge/bin'
[52.208s] INFO:colcon.colcon_core.shell:Creating package script '/home/sb/pointlio_change/install/pointlio_bridge/share/pointlio_bridge/package.ps1'
[52.208s] INFO:colcon.colcon_core.shell:Creating package descriptor '/home/sb/pointlio_change/install/pointlio_bridge/share/pointlio_bridge/package.dsv'
[52.209s] INFO:colcon.colcon_core.shell:Creating package script '/home/sb/pointlio_change/install/pointlio_bridge/share/pointlio_bridge/package.sh'
[52.209s] INFO:colcon.colcon_core.shell:Creating package script '/home/sb/pointlio_change/install/pointlio_bridge/share/pointlio_bridge/package.bash'
[52.210s] INFO:colcon.colcon_core.shell:Creating package script '/home/sb/pointlio_change/install/pointlio_bridge/share/pointlio_bridge/package.zsh'
[52.210s] Level 1:colcon.colcon_core.environment:create_file_with_runtime_dependencies(/home/sb/pointlio_change/install/pointlio_bridge/share/colcon-core/packages/pointlio_bridge)
[99.893s] DEBUG:colcon.colcon_core.event_handler.log_command:Invoked command in '/home/sb/pointlio_change/build/point_lio' returned '0': AMENT_PREFIX_PATH=/home/sb/pointlio_change/install/livox_ros_driver2:${AMENT_PREFIX_PATH} CMAKE_PREFIX_PATH=/home/sb/pointlio_change/install/livox_ros_driver2:/opt/ros/humble LD_LIBRARY_PATH=/home/sb/pointlio_change/install/livox_ros_driver2/lib:/lib/x86_64-linux-gnu:/usr/local/cuda-12.4/lib64:/usr/local/cuda/lib64:/usr/local/cuda/lib64:/usr/local/cuda/lib64:/usr/local/cuda-12.4/lib64:/opt/ros/humble/opt/rviz_ogre_vendor/lib:/opt/ros/humble/lib/x86_64-linux-gnu:/opt/ros/humble/lib:/usr/local/cuda-12.6/lib64:/usr/local/lib:/opt/TensorRT-8.6.1.6/lib:/opt/MVS/lib/64:/opt/MVS/lib/32:/opt/MVS/lib/64:/opt/MVS/lib/32:/usr/local/cuda-12.4/lib64:/opt/TensorRT-8.6.1.6/lib:/opt/TensorRT-8.6.1.6/lib:/opt/MVS/lib/64:/opt/MVS/lib/32:/opt/MVS/lib/64:/opt/MVS/lib/32:/usr/local/cuda-12.4/lib64 PYTHONPATH=/home/sb/pointlio_change/install/livox_ros_driver2/local/lib/python3.10/dist-packages:${PYTHONPATH} _=/usr/bin/env /home/sb/.local/bin/cmake --build /home/sb/pointlio_change/build/point_lio -- -j24 -l24
[99.897s] DEBUG:colcon.colcon_core.event_handler.log_command:Invoking command in '/home/sb/pointlio_change/build/point_lio': AMENT_PREFIX_PATH=/home/sb/pointlio_change/install/livox_ros_driver2:${AMENT_PREFIX_PATH} CMAKE_PREFIX_PATH=/home/sb/pointlio_change/install/livox_ros_driver2:/opt/ros/humble LD_LIBRARY_PATH=/home/sb/pointlio_change/install/livox_ros_driver2/lib:/lib/x86_64-linux-gnu:/usr/local/cuda-12.4/lib64:/usr/local/cuda/lib64:/usr/local/cuda/lib64:/usr/local/cuda/lib64:/usr/local/cuda-12.4/lib64:/opt/ros/humble/opt/rviz_ogre_vendor/lib:/opt/ros/humble/lib/x86_64-linux-gnu:/opt/ros/humble/lib:/usr/local/cuda-12.6/lib64:/usr/local/lib:/opt/TensorRT-8.6.1.6/lib:/opt/MVS/lib/64:/opt/MVS/lib/32:/opt/MVS/lib/64:/opt/MVS/lib/32:/usr/local/cuda-12.4/lib64:/opt/TensorRT-8.6.1.6/lib:/opt/TensorRT-8.6.1.6/lib:/opt/MVS/lib/64:/opt/MVS/lib/32:/opt/MVS/lib/64:/opt/MVS/lib/32:/usr/local/cuda-12.4/lib64 PYTHONPATH=/home/sb/pointlio_change/install/livox_ros_driver2/local/lib/python3.10/dist-packages:${PYTHONPATH} _=/usr/bin/env /home/sb/.local/bin/cmake --install /home/sb/pointlio_change/build/point_lio
[100.007s] Level 1:colcon.colcon_core.environment:create_environment_scripts_only(point_lio)
[100.008s] Level 1:colcon.colcon_core.environment:checking '/home/sb/pointlio_change/install/point_lio' for CMake module files
[100.008s] DEBUG:colcon.colcon_core.event_handler.log_command:Invoked command in '/home/sb/pointlio_change/build/point_lio' returned '0': AMENT_PREFIX_PATH=/home/sb/pointlio_change/install/livox_ros_driver2:${AMENT_PREFIX_PATH} CMAKE_PREFIX_PATH=/home/sb/pointlio_change/install/livox_ros_driver2:/opt/ros/humble LD_LIBRARY_PATH=/home/sb/pointlio_change/install/livox_ros_driver2/lib:/lib/x86_64-linux-gnu:/usr/local/cuda-12.4/lib64:/usr/local/cuda/lib64:/usr/local/cuda/lib64:/usr/local/cuda/lib64:/usr/local/cuda-12.4/lib64:/opt/ros/humble/opt/rviz_ogre_vendor/lib:/opt/ros/humble/lib/x86_64-linux-gnu:/opt/ros/humble/lib:/usr/local/cuda-12.6/lib64:/usr/local/lib:/opt/TensorRT-8.6.1.6/lib:/opt/MVS/lib/64:/opt/MVS/lib/32:/opt/MVS/lib/64:/opt/MVS/lib/32:/usr/local/cuda-12.4/lib64:/opt/TensorRT-8.6.1.6/lib:/opt/TensorRT-8.6.1.6/lib:/opt/MVS/lib/64:/opt/MVS/lib/32:/opt/MVS/lib/64:/opt/MVS/lib/32:/usr/local/cuda-12.4/lib64 PYTHONPATH=/home/sb/pointlio_change/install/livox_ros_driver2/local/lib/python3.10/dist-packages:${PYTHONPATH} _=/usr/bin/env /home/sb/.local/bin/cmake --install /home/sb/pointlio_change/build/point_lio
[100.009s] Level 1:colcon.colcon_core.environment:checking '/home/sb/pointlio_change/install/point_lio' for CMake config files
[100.009s] Level 1:colcon.colcon_core.shell:create_environment_hook('point_lio', 'cmake_prefix_path')
[100.009s] INFO:colcon.colcon_core.shell:Creating environment hook '/home/sb/pointlio_change/install/point_lio/share/point_lio/hook/cmake_prefix_path.ps1'
[100.010s] INFO:colcon.colcon_core.shell:Creating environment descriptor '/home/sb/pointlio_change/install/point_lio/share/point_lio/hook/cmake_prefix_path.dsv'
[100.010s] INFO:colcon.colcon_core.shell:Creating environment hook '/home/sb/pointlio_change/install/point_lio/share/point_lio/hook/cmake_prefix_path.sh'
[100.011s] Level 1:colcon.colcon_core.environment:checking '/home/sb/pointlio_change/install/point_lio/lib'
[100.011s] Level 1:colcon.colcon_core.environment:checking '/home/sb/pointlio_change/install/point_lio/bin'
[100.011s] Level 1:colcon.colcon_core.environment:checking '/home/sb/pointlio_change/install/point_lio/lib/pkgconfig/point_lio.pc'
[100.011s] Level 1:colcon.colcon_core.environment:checking '/home/sb/pointlio_change/install/point_lio/lib/python3.10/site-packages'
[100.011s] Level 1:colcon.colcon_core.environment:checking '/home/sb/pointlio_change/install/point_lio/bin'
[100.012s] INFO:colcon.colcon_core.shell:Creating package script '/home/sb/pointlio_change/install/point_lio/share/point_lio/package.ps1'
[100.012s] INFO:colcon.colcon_core.shell:Creating package descriptor '/home/sb/pointlio_change/install/point_lio/share/point_lio/package.dsv'
[100.013s] INFO:colcon.colcon_core.shell:Creating package script '/home/sb/pointlio_change/install/point_lio/share/point_lio/package.sh'
[100.013s] INFO:colcon.colcon_core.shell:Creating package script '/home/sb/pointlio_change/install/point_lio/share/point_lio/package.bash'
[100.013s] INFO:colcon.colcon_core.shell:Creating package script '/home/sb/pointlio_change/install/point_lio/share/point_lio/package.zsh'
[100.014s] Level 1:colcon.colcon_core.environment:create_file_with_runtime_dependencies(/home/sb/pointlio_change/install/point_lio/share/colcon-core/packages/point_lio)
[100.016s] Level 1:colcon.colcon_core.environment:create_environment_scripts_only(point_lio)
[100.017s] Level 1:colcon.colcon_core.environment:checking '/home/sb/pointlio_change/install/point_lio' for CMake module files
[100.017s] Level 1:colcon.colcon_core.environment:checking '/home/sb/pointlio_change/install/point_lio' for CMake config files
[100.017s] Level 1:colcon.colcon_core.shell:create_environment_hook('point_lio', 'cmake_prefix_path')
[100.017s] INFO:colcon.colcon_core.shell:Creating environment hook '/home/sb/pointlio_change/install/point_lio/share/point_lio/hook/cmake_prefix_path.ps1'
[100.018s] INFO:colcon.colcon_core.shell:Creating environment descriptor '/home/sb/pointlio_change/install/point_lio/share/point_lio/hook/cmake_prefix_path.dsv'
[100.018s] INFO:colcon.colcon_core.shell:Creating environment hook '/home/sb/pointlio_change/install/point_lio/share/point_lio/hook/cmake_prefix_path.sh'
[100.019s] Level 1:colcon.colcon_core.environment:checking '/home/sb/pointlio_change/install/point_lio/lib'
[100.019s] Level 1:colcon.colcon_core.environment:checking '/home/sb/pointlio_change/install/point_lio/bin'
[100.019s] Level 1:colcon.colcon_core.environment:checking '/home/sb/pointlio_change/install/point_lio/lib/pkgconfig/point_lio.pc'
[100.019s] Level 1:colcon.colcon_core.environment:checking '/home/sb/pointlio_change/install/point_lio/lib/python3.10/site-packages'
[100.020s] Level 1:colcon.colcon_core.environment:checking '/home/sb/pointlio_change/install/point_lio/bin'
[100.020s] INFO:colcon.colcon_core.shell:Creating package script '/home/sb/pointlio_change/install/point_lio/share/point_lio/package.ps1'
[100.020s] INFO:colcon.colcon_core.shell:Creating package descriptor '/home/sb/pointlio_change/install/point_lio/share/point_lio/package.dsv'
[100.021s] INFO:colcon.colcon_core.shell:Creating package script '/home/sb/pointlio_change/install/point_lio/share/point_lio/package.sh'
[100.021s] INFO:colcon.colcon_core.shell:Creating package script '/home/sb/pointlio_change/install/point_lio/share/point_lio/package.bash'
[100.022s] INFO:colcon.colcon_core.shell:Creating package script '/home/sb/pointlio_change/install/point_lio/share/point_lio/package.zsh'
[100.022s] Level 1:colcon.colcon_core.environment:create_file_with_runtime_dependencies(/home/sb/pointlio_change/install/point_lio/share/colcon-core/packages/point_lio)
[100.022s] DEBUG:colcon.colcon_parallel_executor.executor.parallel:closing loop
[100.023s] DEBUG:colcon.colcon_parallel_executor.executor.parallel:loop closed
[100.023s] DEBUG:colcon.colcon_parallel_executor.executor.parallel:run_until_complete finished with '0'
[100.023s] DEBUG:colcon.colcon_core.event_reactor:joining thread
[100.035s] INFO:colcon.colcon_core.plugin_system:Skipping extension 'colcon_notification.desktop_notification.terminal_notifier': Not used on non-Darwin systems
[100.035s] INFO:colcon.colcon_core.plugin_system:Skipping extension 'colcon_notification.desktop_notification.win32': Not used on non-Windows systems
[100.035s] INFO:colcon.colcon_notification.desktop_notification:Sending desktop notification using 'notify2'
[100.110s] DEBUG:colcon.colcon_core.event_reactor:joined thread
[100.111s] INFO:colcon.colcon_core.shell:Creating prefix script '/home/sb/pointlio_change/install/local_setup.ps1'
[100.112s] INFO:colcon.colcon_core.shell:Creating prefix util module '/home/sb/pointlio_change/install/_local_setup_util_ps1.py'
[100.114s] INFO:colcon.colcon_core.shell:Creating prefix chain script '/home/sb/pointlio_change/install/setup.ps1'
[100.115s] INFO:colcon.colcon_core.shell:Creating prefix script '/home/sb/pointlio_change/install/local_setup.sh'
[100.116s] INFO:colcon.colcon_core.shell:Creating prefix util module '/home/sb/pointlio_change/install/_local_setup_util_sh.py'
[100.117s] INFO:colcon.colcon_core.shell:Creating prefix chain script '/home/sb/pointlio_change/install/setup.sh'
[100.118s] INFO:colcon.colcon_core.shell:Creating prefix script '/home/sb/pointlio_change/install/local_setup.bash'
[100.119s] INFO:colcon.colcon_core.shell:Creating prefix chain script '/home/sb/pointlio_change/install/setup.bash'
[100.120s] INFO:colcon.colcon_core.shell:Creating prefix script '/home/sb/pointlio_change/install/local_setup.zsh'
[100.121s] INFO:colcon.colcon_core.shell:Creating prefix chain script '/home/sb/pointlio_change/install/setup.zsh'
