[0.473s] Invoking command in '/home/sb/pointlio_change/build/livox_ros_driver2': CMAKE_PREFIX_PATH=/opt/ros/humble _=/usr/bin/env /home/sb/.local/bin/cmake /home/sb/pointlio_change/src/livox_ros_driver2 -DCMAKE_INSTALL_PREFIX=/home/sb/pointlio_change/install/livox_ros_driver2
[0.751s] -- The C compiler identification is GNU 11.4.0
[0.889s] -- The CXX compiler identification is GNU 11.4.0
[0.909s] -- Detecting C compiler ABI info
[1.008s] -- Detecting C compiler ABI info - done
[1.035s] -- Check for working C compiler: /usr/bin/cc - skipped
[1.035s] -- Detecting C compile features
[1.036s] -- Detecting C compile features - done
[1.056s] -- Detecting CXX compiler ABI info
[1.168s] -- Detecting CXX compiler ABI info - done
[1.194s] -- Check for working CXX compiler: /usr/bin/c++ - skipped
[1.195s] -- Detecting CXX compile features
[1.196s] -- Detecting CXX compile features - done
[1.208s] -- livox_ros_driver2 version: 1.2.4
[1.216s] -- Found ament_cmake_auto: 1.3.14 (/opt/ros/humble/share/ament_cmake_auto/cmake)
[1.443s] -- Found Python3: /usr/bin/python3 (found version "3.10.12") found components: Interpreter
[1.723s] -- Using all available rosidl_typesupport_c: rosidl_typesupport_fastrtps_c;rosidl_typesupport_introspection_c
[1.740s] -- Found rosidl_adapter: 3.1.8 (/opt/ros/humble/share/rosidl_adapter/cmake)
[1.830s] -- Using all available rosidl_typesupport_cpp: rosidl_typesupport_fastrtps_cpp;rosidl_typesupport_introspection_cpp
[2.023s] -- Found rmw_implementation_cmake: 6.1.2 (/opt/ros/humble/share/rmw_implementation_cmake/cmake)
[2.028s] -- Found rmw_cyclonedds_cpp: 1.3.4 (/opt/ros/humble/share/rmw_cyclonedds_cpp/cmake)
[2.074s] -- Using RMW implementation 'rmw_cyclonedds_cpp' as default
[2.094s] -- Performing Test CMAKE_HAVE_LIBC_PTHREAD
[2.187s] -- Performing Test CMAKE_HAVE_LIBC_PTHREAD - Success
[2.188s] -- Found Threads: TRUE
[2.559s] [33mCMake Warning (dev) at /usr/lib/x86_64-linux-gnu/cmake/pcl/PCLConfig.cmake:146 (find_package):
[2.559s]   Policy CMP0144 is not set: find_package uses upper-case <PACKAGENAME>_ROOT
[2.560s]   variables.  Run "cmake --help-policy CMP0144" for policy details.  Use the
[2.560s]   cmake_policy command to set the policy and suppress this warning.
[2.560s] 
[2.560s]   CMake variable EIGEN_ROOT is set to:
[2.560s] 
[2.560s]     /usr/include/eigen3
[2.560s] 
[2.560s]   For compatibility, find_package is ignoring the variable, but code in a
[2.560s]   .cmake module might still use it.
[2.561s] Call Stack (most recent call first):
[2.561s]   /usr/lib/x86_64-linux-gnu/cmake/pcl/PCLConfig.cmake:299 (find_eigen)
[2.561s]   /usr/lib/x86_64-linux-gnu/cmake/pcl/PCLConfig.cmake:543 (find_external_library)
[2.561s]   /opt/ros/humble/share/pcl_conversions/cmake/ament_cmake_export_dependencies-extras.cmake:21 (find_package)
[2.561s]   /opt/ros/humble/share/pcl_conversions/cmake/pcl_conversionsConfig.cmake:41 (include)
[2.561s]   /opt/ros/humble/share/ament_cmake_auto/cmake/ament_auto_find_build_dependencies.cmake:67 (find_package)
[2.561s]   CMakeLists.txt:35 (ament_auto_find_build_dependencies)
[2.561s] This warning is for project developers.  Use -Wno-dev to suppress it.
[2.561s] [0m
[2.567s] -- Checking for module 'eigen3'
[2.585s] --   Found eigen3, version 3.4.0
[2.629s] -- Found Eigen: /usr/include/eigen3 (Required is at least version "3.1")
[2.629s] -- Eigen found (include: /usr/include/eigen3, version: 3.4.0)
[2.629s] [33mCMake Warning (dev) at /usr/lib/x86_64-linux-gnu/cmake/pcl/PCLConfig.cmake:128 (find_package):
[2.629s]   Policy CMP0167 is not set: The FindBoost module is removed.  Run "cmake
[2.630s]   --help-policy CMP0167" for policy details.  Use the cmake_policy command to
[2.630s]   set the policy and suppress this warning.
[2.630s] 
[2.630s] Call Stack (most recent call first):
[2.630s]   /usr/lib/x86_64-linux-gnu/cmake/pcl/PCLConfig.cmake:297 (find_boost)
[2.630s]   /usr/lib/x86_64-linux-gnu/cmake/pcl/PCLConfig.cmake:543 (find_external_library)
[2.630s]   /opt/ros/humble/share/pcl_conversions/cmake/ament_cmake_export_dependencies-extras.cmake:21 (find_package)
[2.630s]   /opt/ros/humble/share/pcl_conversions/cmake/pcl_conversionsConfig.cmake:41 (include)
[2.630s]   /opt/ros/humble/share/ament_cmake_auto/cmake/ament_auto_find_build_dependencies.cmake:67 (find_package)
[2.630s]   CMakeLists.txt:35 (ament_auto_find_build_dependencies)
[2.630s] This warning is for project developers.  Use -Wno-dev to suppress it.
[2.630s] [0m
[2.699s] [33mCMake Warning (dev) at /usr/lib/x86_64-linux-gnu/cmake/pcl/Modules/FindFLANN.cmake:44 (find_package):
[2.699s]   Policy CMP0144 is not set: find_package uses upper-case <PACKAGENAME>_ROOT
[2.700s]   variables.  Run "cmake --help-policy CMP0144" for policy details.  Use the
[2.700s]   cmake_policy command to set the policy and suppress this warning.
[2.700s] 
[2.700s]   CMake variable FLANN_ROOT is set to:
[2.700s] 
[2.700s]     /usr
[2.700s] 
[2.700s]   For compatibility, find_package is ignoring the variable, but code in a
[2.701s]   .cmake module might still use it.
[2.701s] Call Stack (most recent call first):
[2.701s]   /usr/lib/x86_64-linux-gnu/cmake/pcl/PCLConfig.cmake:256 (find_package)
[2.701s]   /usr/lib/x86_64-linux-gnu/cmake/pcl/PCLConfig.cmake:301 (find_flann)
[2.701s]   /usr/lib/x86_64-linux-gnu/cmake/pcl/PCLConfig.cmake:543 (find_external_library)
[2.701s]   /opt/ros/humble/share/pcl_conversions/cmake/ament_cmake_export_dependencies-extras.cmake:21 (find_package)
[2.701s]   /opt/ros/humble/share/pcl_conversions/cmake/pcl_conversionsConfig.cmake:41 (include)
[2.701s]   /opt/ros/humble/share/ament_cmake_auto/cmake/ament_auto_find_build_dependencies.cmake:67 (find_package)
[2.701s]   CMakeLists.txt:35 (ament_auto_find_build_dependencies)
[2.702s] This warning is for project developers.  Use -Wno-dev to suppress it.
[2.702s] [0m
[2.737s] -- Checking for module 'flann'
[2.757s] --   Found flann, version 1.9.1
[2.834s] -- Found FLANN: /usr/lib/x86_64-linux-gnu/libflann_cpp.so
[2.835s] -- FLANN found (include: /usr/include, lib: /usr/lib/x86_64-linux-gnu/libflann_cpp.so)
[4.613s] -- Checking for module 'libusb-1.0'
[4.635s] --   Found libusb-1.0, version 1.0.25
[4.694s] -- Found libusb: /usr/lib/x86_64-linux-gnu/libusb-1.0.so
[4.697s] -- OpenNI found (version: 1.5.4.0, include: /usr/include/ni, lib: /usr/lib/libOpenNI.so;libusb::libusb)
[4.792s] -- OpenNI2 found (version: 2.2.0.33, include: /usr/include/openni2, lib: /usr/lib/x86_64-linux-gnu/libOpenNI2.so;libusb::libusb)
[5.140s] [33mCMake Warning (dev) at /usr/lib/x86_64-linux-gnu/cmake/pcl/PCLConfig.cmake:128 (find_package):
[5.140s]   Policy CMP0167 is not set: The FindBoost module is removed.  Run "cmake
[5.141s]   --help-policy CMP0167" for policy details.  Use the cmake_policy command to
[5.141s]   set the policy and suppress this warning.
[5.141s] 
[5.141s] Call Stack (most recent call first):
[5.141s]   /usr/lib/x86_64-linux-gnu/cmake/pcl/PCLConfig.cmake:297 (find_boost)
[5.141s]   /usr/lib/x86_64-linux-gnu/cmake/pcl/PCLConfig.cmake:543 (find_external_library)
[5.141s]   /opt/ros/humble/share/pcl_conversions/cmake/ament_cmake_export_dependencies-extras.cmake:21 (find_package)
[5.141s]   /opt/ros/humble/share/pcl_conversions/cmake/pcl_conversionsConfig.cmake:41 (include)
[5.141s]   /opt/ros/humble/share/ament_cmake_auto/cmake/ament_auto_find_build_dependencies.cmake:67 (find_package)
[5.142s]   CMakeLists.txt:35 (ament_auto_find_build_dependencies)
[5.142s] This warning is for project developers.  Use -Wno-dev to suppress it.
[5.142s] [0m
[5.166s] -- Eigen found (include: /usr/include/eigen3, version: 3.4.0)
[5.180s] -- OpenNI found (version: 1.5.4.0, include: /usr/include/ni, lib: /usr/lib/libOpenNI.so;libusb::libusb)
[5.195s] -- OpenNI2 found (version: 2.2.0.33, include: /usr/include/openni2, lib: /usr/lib/x86_64-linux-gnu/libOpenNI2.so;libusb::libusb)
[5.565s] -- Found Qhull version 8.0.2
[5.936s] -- OpenNI found (version: 1.5.4.0, include: /usr/include/ni, lib: /usr/lib/libOpenNI.so;libusb::libusb)
[6.297s] -- Found PCL_COMMON: /usr/lib/x86_64-linux-gnu/libpcl_common.so
[6.300s] -- Found PCL_KDTREE: /usr/lib/x86_64-linux-gnu/libpcl_kdtree.so
[6.302s] -- Found PCL_OCTREE: /usr/lib/x86_64-linux-gnu/libpcl_octree.so
[6.305s] -- Found PCL_SEARCH: /usr/lib/x86_64-linux-gnu/libpcl_search.so
[6.308s] -- Found PCL_SAMPLE_CONSENSUS: /usr/lib/x86_64-linux-gnu/libpcl_sample_consensus.so
[6.312s] -- Found PCL_FILTERS: /usr/lib/x86_64-linux-gnu/libpcl_filters.so
[6.313s] -- Found PCL_2D: /usr/include/pcl-1.12
[6.314s] -- Found PCL_GEOMETRY: /usr/include/pcl-1.12
[6.316s] -- Found PCL_IO: /usr/lib/x86_64-linux-gnu/libpcl_io.so
[6.320s] -- Found PCL_FEATURES: /usr/lib/x86_64-linux-gnu/libpcl_features.so
[6.323s] -- Found PCL_ML: /usr/lib/x86_64-linux-gnu/libpcl_ml.so
[6.326s] -- Found PCL_SEGMENTATION: /usr/lib/x86_64-linux-gnu/libpcl_segmentation.so
[6.329s] -- Found PCL_VISUALIZATION: /usr/lib/x86_64-linux-gnu/libpcl_visualization.so
[6.332s] -- Found PCL_SURFACE: /usr/lib/x86_64-linux-gnu/libpcl_surface.so
[6.335s] -- Found PCL_REGISTRATION: /usr/lib/x86_64-linux-gnu/libpcl_registration.so
[6.338s] -- Found PCL_KEYPOINTS: /usr/lib/x86_64-linux-gnu/libpcl_keypoints.so
[6.341s] -- Found PCL_TRACKING: /usr/lib/x86_64-linux-gnu/libpcl_tracking.so
[6.344s] -- Found PCL_RECOGNITION: /usr/lib/x86_64-linux-gnu/libpcl_recognition.so
[6.347s] -- Found PCL_STEREO: /usr/lib/x86_64-linux-gnu/libpcl_stereo.so
[6.350s] -- Found PCL_APPS: /usr/lib/x86_64-linux-gnu/libpcl_apps.so
[6.352s] -- Found PCL_IN_HAND_SCANNER: /usr/include/pcl-1.12
[6.353s] -- Found PCL_MODELER: /usr/include/pcl-1.12
[6.354s] -- Found PCL_POINT_CLOUD_EDITOR: /usr/include/pcl-1.12
[6.357s] -- Found PCL_OUTOFCORE: /usr/lib/x86_64-linux-gnu/libpcl_outofcore.so
[6.360s] -- Found PCL_PEOPLE: /usr/lib/x86_64-linux-gnu/libpcl_people.so
[6.475s] -- Found PkgConfig: /usr/bin/pkg-config (found version "0.29.2")
[6.477s] -- Checking for module 'apr-1'
[6.500s] --   Found apr-1, version 1.7.0
[6.552s] [0m/usr/include/apr-1.0[0m
[6.552s] [0mapr-1[0m
[7.156s] -- Found ament_cmake_ros: 0.10.0 (/opt/ros/humble/share/ament_cmake_ros/cmake)
[7.931s] -- Using all available rosidl_typesupport_c: rosidl_typesupport_fastrtps_c;rosidl_typesupport_introspection_c
[8.961s] -- Using all available rosidl_typesupport_cpp: rosidl_typesupport_fastrtps_cpp;rosidl_typesupport_introspection_cpp
[8.965s] [33mCMake Warning (dev) at /opt/ros/humble/share/rosidl_generator_py/cmake/rosidl_generator_py_generate_interfaces.cmake:20 (find_package):
[8.965s]   Policy CMP0148 is not set: The FindPythonInterp and FindPythonLibs modules
[8.965s]   are removed.  Run "cmake --help-policy CMP0148" for policy details.  Use
[8.965s]   the cmake_policy command to set the policy and suppress this warning.
[8.966s] 
[8.966s] Call Stack (most recent call first):
[8.966s]   /opt/ros/humble/share/ament_cmake_core/cmake/core/ament_execute_extensions.cmake:48 (include)
[8.966s]   /opt/ros/humble/share/rosidl_cmake/cmake/rosidl_generate_interfaces.cmake:286 (ament_execute_extensions)
[8.966s]   CMakeLists.txt:51 (rosidl_generate_interfaces)
[8.966s] This warning is for project developers.  Use -Wno-dev to suppress it.
[8.966s] [0m
[9.004s] -- Found PythonInterp: /usr/bin/python3 (found suitable version "3.10.12", minimum required is "3.6")
[9.007s] -- Found python_cmake_module: 0.10.0 (/opt/ros/humble/share/python_cmake_module/cmake)
[9.009s] [33mCMake Warning (dev) at /opt/ros/humble/share/python_cmake_module/cmake/Modules/FindPythonExtra.cmake:52 (find_package):
[9.009s]   Policy CMP0148 is not set: The FindPythonInterp and FindPythonLibs modules
[9.009s]   are removed.  Run "cmake --help-policy CMP0148" for policy details.  Use
[9.009s]   the cmake_policy command to set the policy and suppress this warning.
[9.009s] 
[9.009s] Call Stack (most recent call first):
[9.009s]   /opt/ros/humble/share/rosidl_generator_py/cmake/rosidl_generator_py_generate_interfaces.cmake:23 (find_package)
[9.009s]   /opt/ros/humble/share/ament_cmake_core/cmake/core/ament_execute_extensions.cmake:48 (include)
[9.009s]   /opt/ros/humble/share/rosidl_cmake/cmake/rosidl_generate_interfaces.cmake:286 (ament_execute_extensions)
[9.009s]   CMakeLists.txt:51 (rosidl_generate_interfaces)
[9.009s] This warning is for project developers.  Use -Wno-dev to suppress it.
[9.009s] [0m
[9.042s] [33mCMake Warning (dev) at /opt/ros/humble/share/python_cmake_module/cmake/Modules/FindPythonExtra.cmake:140 (find_package):
[9.042s]   Policy CMP0148 is not set: The FindPythonInterp and FindPythonLibs modules
[9.042s]   are removed.  Run "cmake --help-policy CMP0148" for policy details.  Use
[9.042s]   the cmake_policy command to set the policy and suppress this warning.
[9.042s] 
[9.043s] Call Stack (most recent call first):
[9.043s]   /opt/ros/humble/share/rosidl_generator_py/cmake/rosidl_generator_py_generate_interfaces.cmake:23 (find_package)
[9.043s]   /opt/ros/humble/share/ament_cmake_core/cmake/core/ament_execute_extensions.cmake:48 (include)
[9.043s]   /opt/ros/humble/share/rosidl_cmake/cmake/rosidl_generate_interfaces.cmake:286 (ament_execute_extensions)
[9.043s]   CMakeLists.txt:51 (rosidl_generate_interfaces)
[9.043s] This warning is for project developers.  Use -Wno-dev to suppress it.
[9.043s] [0m
[9.059s] -- Found PythonLibs: /usr/lib/x86_64-linux-gnu/libpython3.10.so (found suitable version "3.10.12", minimum required is "3.5")
[9.059s] -- Using PYTHON_EXECUTABLE: /usr/bin/python3
[9.059s] -- Using PYTHON_INCLUDE_DIRS: /usr/include/python3.10
[9.059s] -- Using PYTHON_LIBRARIES: /usr/lib/x86_64-linux-gnu/libpython3.10.so
[9.093s] -- Found PythonExtra: .so
[9.464s] -- Found ament_lint_auto: 0.12.15 (/opt/ros/humble/share/ament_lint_auto/cmake)
[9.516s] -- Added test 'copyright' to check source files copyright and LICENSE
[9.522s] -- Added test 'cppcheck' to perform static code analysis on C / C++ code
[9.523s] -- Configured cppcheck include dirs: /home/sb/pointlio_change/src/livox_ros_driver2/3rdparty;/home/sb/pointlio_change/src/livox_ros_driver2/src
[9.523s] -- Configured cppcheck exclude dirs and/or files: 
[9.529s] -- Added test 'cpplint' to check C / C++ code against the Google style
[9.529s] -- Configured cpplint exclude dirs and/or files: 
[9.530s] -- Added test 'flake8' to check Python code syntax and style conventions
[9.532s] -- Added test 'lint_cmake' to check CMake code style
[9.534s] -- Added test 'pep257' to check Python code against some of the docstring style conventions in PEP 257
[9.539s] -- Added test 'uncrustify' to check C / C++ code style
[9.539s] -- Configured uncrustify additional arguments: 
[9.540s] -- Added test 'xmllint' to check XML markup files
[9.544s] -- Configuring done (8.9s)
[9.663s] -- Generating done (0.1s)
[9.836s] -- Build files have been written to: /home/sb/pointlio_change/build/livox_ros_driver2
[9.871s] Invoked command in '/home/sb/pointlio_change/build/livox_ros_driver2' returned '0': CMAKE_PREFIX_PATH=/opt/ros/humble _=/usr/bin/env /home/sb/.local/bin/cmake /home/sb/pointlio_change/src/livox_ros_driver2 -DCMAKE_INSTALL_PREFIX=/home/sb/pointlio_change/install/livox_ros_driver2
[9.875s] Invoking command in '/home/sb/pointlio_change/build/livox_ros_driver2': CMAKE_PREFIX_PATH=/opt/ros/humble _=/usr/bin/env /home/sb/.local/bin/cmake --build /home/sb/pointlio_change/build/livox_ros_driver2 -- -j24 -l24
[10.029s] [  1%] [1m[34mGenerating C code for ROS interfaces[0m
[10.037s] [  3%] [1m[34mGenerating Rust code for ROS interfaces[0m
[10.037s] [  5%] [1m[34mGenerating C++ code for ROS interfaces[0m
[10.038s] [  6%] [32mBuilding CXX object CMakeFiles/livox_ros_driver2_node.dir/rclcpp_components/node_main_livox_ros_driver2_node.cpp.o[0m
[10.044s] [  6%] Built target ament_cmake_python_copy_livox_ros_driver2
[10.467s] running egg_info
[10.468s] creating livox_ros_driver2.egg-info
[10.468s] writing livox_ros_driver2.egg-info/PKG-INFO
[10.469s] writing dependency_links to livox_ros_driver2.egg-info/dependency_links.txt
[10.469s] writing top-level names to livox_ros_driver2.egg-info/top_level.txt
[10.469s] writing manifest file 'livox_ros_driver2.egg-info/SOURCES.txt'
[10.473s] reading manifest file 'livox_ros_driver2.egg-info/SOURCES.txt'
[10.474s] writing manifest file 'livox_ros_driver2.egg-info/SOURCES.txt'
[10.509s] [  6%] Built target ament_cmake_python_build_livox_ros_driver2_egg
[10.593s] [  6%] Built target livox_interfaces2__rs
[10.668s] [  8%] [32mBuilding C object CMakeFiles/livox_interfaces2__rosidl_generator_c.dir/rosidl_generator_c/livox_ros_driver2/msg/detail/custom_point__functions.c.o[0m
[10.668s] [ 10%] [32mBuilding C object CMakeFiles/livox_interfaces2__rosidl_generator_c.dir/rosidl_generator_c/livox_ros_driver2/msg/detail/custom_msg__functions.c.o[0m
[10.677s] [ 10%] Built target livox_interfaces2__cpp
[10.687s] [ 12%] [1m[34mGenerating C++ type support for eProsima Fast-RTPS[0m
[10.688s] [ 15%] [1m[34mGenerating C++ type support dispatch for ROS interfaces[0m
[10.688s] [ 15%] [1m[34mGenerating C++ introspection for ROS interfaces[0m
[10.750s] [ 17%] [1m[32mLinking C shared library liblivox_ros_driver2__rosidl_generator_c.so[0m
[10.799s] [ 17%] Built target livox_interfaces2__rosidl_generator_c
[10.809s] [ 18%] [1m[34mGenerating C type support for eProsima Fast-RTPS[0m
[10.809s] [ 20%] [1m[34mGenerating C type support dispatch for ROS interfaces[0m
[10.810s] [ 22%] [1m[34mGenerating C introspection for ROS interfaces[0m
[11.250s] [ 24%] [32mBuilding CXX object CMakeFiles/livox_interfaces2__rosidl_typesupport_cpp.dir/rosidl_typesupport_cpp/livox_ros_driver2/msg/custom_point__type_support.cpp.o[0m
[11.251s] [ 25%] [32mBuilding CXX object CMakeFiles/livox_interfaces2__rosidl_typesupport_cpp.dir/rosidl_typesupport_cpp/livox_ros_driver2/msg/custom_msg__type_support.cpp.o[0m
[11.284s] [ 27%] [32mBuilding CXX object CMakeFiles/livox_interfaces2__rosidl_typesupport_introspection_cpp.dir/rosidl_typesupport_introspection_cpp/livox_ros_driver2/msg/detail/custom_point__type_support.cpp.o[0m
[11.284s] [ 29%] [32mBuilding CXX object CMakeFiles/livox_interfaces2__rosidl_typesupport_introspection_cpp.dir/rosidl_typesupport_introspection_cpp/livox_ros_driver2/msg/detail/custom_msg__type_support.cpp.o[0m
[11.290s] [ 31%] [32mBuilding CXX object CMakeFiles/livox_interfaces2__rosidl_typesupport_fastrtps_cpp.dir/rosidl_typesupport_fastrtps_cpp/livox_ros_driver2/msg/detail/dds_fastrtps/custom_point__type_support.cpp.o[0m
[11.292s] [ 32%] [32mBuilding CXX object CMakeFiles/livox_interfaces2__rosidl_typesupport_fastrtps_cpp.dir/rosidl_typesupport_fastrtps_cpp/livox_ros_driver2/msg/detail/dds_fastrtps/custom_msg__type_support.cpp.o[0m
[11.408s] [ 34%] [32mBuilding C object CMakeFiles/livox_interfaces2__rosidl_typesupport_introspection_c.dir/rosidl_typesupport_introspection_c/livox_ros_driver2/msg/detail/custom_msg__type_support.c.o[0m
[11.408s] [ 36%] [32mBuilding C object CMakeFiles/livox_interfaces2__rosidl_typesupport_introspection_c.dir/rosidl_typesupport_introspection_c/livox_ros_driver2/msg/detail/custom_point__type_support.c.o[0m
[11.411s] [ 37%] [32mBuilding CXX object CMakeFiles/livox_interfaces2__rosidl_typesupport_c.dir/rosidl_typesupport_c/livox_ros_driver2/msg/custom_point__type_support.cpp.o[0m
[11.412s] [ 39%] [32mBuilding CXX object CMakeFiles/livox_interfaces2__rosidl_typesupport_c.dir/rosidl_typesupport_c/livox_ros_driver2/msg/custom_msg__type_support.cpp.o[0m
[11.464s] [ 41%] [1m[32mLinking CXX shared library liblivox_ros_driver2__rosidl_typesupport_c.so[0m
[11.464s] [ 43%] [1m[32mLinking C shared library liblivox_ros_driver2__rosidl_typesupport_introspection_c.so[0m
[11.501s] [ 43%] Built target livox_interfaces2__rosidl_typesupport_introspection_c
[11.528s] [ 43%] Built target livox_interfaces2__rosidl_typesupport_c
[11.531s] [ 44%] [32mBuilding CXX object CMakeFiles/livox_interfaces2__rosidl_typesupport_fastrtps_c.dir/rosidl_typesupport_fastrtps_c/livox_ros_driver2/msg/detail/custom_msg__type_support_c.cpp.o[0m
[11.532s] [ 46%] [32mBuilding CXX object CMakeFiles/livox_interfaces2__rosidl_typesupport_fastrtps_c.dir/rosidl_typesupport_fastrtps_c/livox_ros_driver2/msg/detail/custom_point__type_support_c.cpp.o[0m
[11.630s] [ 48%] [1m[32mLinking CXX shared library liblivox_ros_driver2__rosidl_typesupport_cpp.so[0m
[11.680s] [ 48%] Built target livox_interfaces2__rosidl_typesupport_cpp
[11.703s] [ 50%] [32mBuilding CXX object CMakeFiles/livox_ros_driver2.dir/src/livox_ros_driver2.cpp.o[0m
[11.703s] [ 51%] [32mBuilding CXX object CMakeFiles/livox_ros_driver2.dir/src/lddc.cpp.o[0m
[11.704s] [ 53%] [32mBuilding CXX object CMakeFiles/livox_ros_driver2.dir/src/driver_node.cpp.o[0m
[11.704s] [ 55%] [32mBuilding CXX object CMakeFiles/livox_ros_driver2.dir/src/lds.cpp.o[0m
[11.705s] [ 56%] [32mBuilding CXX object CMakeFiles/livox_ros_driver2.dir/src/lds_lidar.cpp.o[0m
[11.705s] [ 58%] [32mBuilding CXX object CMakeFiles/livox_ros_driver2.dir/src/comm/comm.cpp.o[0m
[11.706s] [ 60%] [32mBuilding CXX object CMakeFiles/livox_ros_driver2.dir/src/comm/ldq.cpp.o[0m
[11.706s] [ 62%] [32mBuilding CXX object CMakeFiles/livox_ros_driver2.dir/src/comm/semaphore.cpp.o[0m
[11.707s] [ 63%] [32mBuilding CXX object CMakeFiles/livox_ros_driver2.dir/src/comm/lidar_imu_data_queue.cpp.o[0m
[11.707s] [ 65%] [32mBuilding CXX object CMakeFiles/livox_ros_driver2.dir/src/comm/cache_index.cpp.o[0m
[11.708s] [ 67%] [32mBuilding CXX object CMakeFiles/livox_ros_driver2.dir/src/comm/pub_handler.cpp.o[0m
[11.708s] [ 68%] [32mBuilding CXX object CMakeFiles/livox_ros_driver2.dir/src/parse_cfg_file/parse_cfg_file.cpp.o[0m
[11.709s] [ 70%] [32mBuilding CXX object CMakeFiles/livox_ros_driver2.dir/src/parse_cfg_file/parse_livox_lidar_cfg.cpp.o[0m
[11.729s] [ 72%] [32mBuilding CXX object CMakeFiles/livox_ros_driver2.dir/src/call_back/lidar_common_callback.cpp.o[0m
[11.729s] [ 74%] [32mBuilding CXX object CMakeFiles/livox_ros_driver2.dir/src/call_back/livox_lidar_callback.cpp.o[0m
[12.061s] [ 75%] [1m[32mLinking CXX shared library liblivox_ros_driver2__rosidl_typesupport_introspection_cpp.so[0m
[12.177s] [ 77%] [1m[32mLinking CXX shared library liblivox_ros_driver2__rosidl_typesupport_fastrtps_c.so[0m
[12.201s] [ 79%] [1m[32mLinking CXX shared library liblivox_ros_driver2__rosidl_typesupport_fastrtps_cpp.so[0m
[12.245s] [ 79%] Built target livox_interfaces2__rosidl_typesupport_introspection_cpp
[12.337s] [ 79%] Built target livox_interfaces2__rosidl_typesupport_fastrtps_c
[12.372s] [ 79%] Built target livox_interfaces2__rosidl_typesupport_fastrtps_cpp
[12.399s] [ 79%] Built target livox_interfaces2
[12.425s] [ 81%] [1m[34mGenerating Python code for ROS interfaces[0m
[13.671s] [ 81%] Built target livox_interfaces2__py
[13.692s] [ 82%] [32mBuilding C object CMakeFiles/livox_interfaces2__rosidl_generator_py.dir/rosidl_generator_py/livox_ros_driver2/msg/_custom_msg_s.c.o[0m
[13.693s] [ 84%] [32mBuilding C object CMakeFiles/livox_interfaces2__rosidl_generator_py.dir/rosidl_generator_py/livox_ros_driver2/msg/_custom_point_s.c.o[0m
[13.869s] [ 86%] [1m[32mLinking C shared library rosidl_generator_py/livox_ros_driver2/liblivox_interfaces2__rosidl_generator_py.so[0m
[13.924s] [ 86%] Built target livox_interfaces2__rosidl_generator_py
[13.943s] [ 87%] [32mBuilding C object CMakeFiles/livox_ros_driver2__rosidl_typesupport_fastrtps_c__pyext.dir/rosidl_generator_py/livox_ros_driver2/_livox_ros_driver2_s.ep.rosidl_typesupport_fastrtps_c.c.o[0m
[13.944s] [ 89%] [32mBuilding C object CMakeFiles/livox_ros_driver2__rosidl_typesupport_introspection_c__pyext.dir/rosidl_generator_py/livox_ros_driver2/_livox_ros_driver2_s.ep.rosidl_typesupport_introspection_c.c.o[0m
[13.945s] [ 91%] [32mBuilding C object CMakeFiles/livox_ros_driver2__rosidl_typesupport_c__pyext.dir/rosidl_generator_py/livox_ros_driver2/_livox_ros_driver2_s.ep.rosidl_typesupport_c.c.o[0m
[14.087s] [ 93%] [1m[32mLinking C shared library rosidl_generator_py/livox_ros_driver2/livox_ros_driver2_s__rosidl_typesupport_fastrtps_c.cpython-310-x86_64-linux-gnu.so[0m
[14.125s] [ 94%] [1m[32mLinking C shared library rosidl_generator_py/livox_ros_driver2/livox_ros_driver2_s__rosidl_typesupport_introspection_c.cpython-310-x86_64-linux-gnu.so[0m
[14.125s] [ 96%] [1m[32mLinking C shared library rosidl_generator_py/livox_ros_driver2/livox_ros_driver2_s__rosidl_typesupport_c.cpython-310-x86_64-linux-gnu.so[0m
[14.135s] [ 96%] Built target livox_ros_driver2__rosidl_typesupport_fastrtps_c__pyext
[14.171s] [ 96%] Built target livox_ros_driver2__rosidl_typesupport_introspection_c__pyext
[14.172s] [ 96%] Built target livox_ros_driver2__rosidl_typesupport_c__pyext
[15.023s] [ 98%] [1m[32mLinking CXX executable livox_ros_driver2_node[0m
[15.217s] [ 98%] Built target livox_ros_driver2_node
[23.267s] [100%] [1m[32mLinking CXX shared library liblivox_ros_driver2.so[0m
[24.417s] [100%] Built target livox_ros_driver2
[24.428s] Invoked command in '/home/sb/pointlio_change/build/livox_ros_driver2' returned '0': CMAKE_PREFIX_PATH=/opt/ros/humble _=/usr/bin/env /home/sb/.local/bin/cmake --build /home/sb/pointlio_change/build/livox_ros_driver2 -- -j24 -l24
[24.552s] Invoking command in '/home/sb/pointlio_change/build/livox_ros_driver2': CMAKE_PREFIX_PATH=/opt/ros/humble _=/usr/bin/env /home/sb/.local/bin/cmake --install /home/sb/pointlio_change/build/livox_ros_driver2
[24.671s] -- Install configuration: ""
[24.671s] -- Installing: /home/sb/pointlio_change/install/livox_ros_driver2/share/ament_index/resource_index/rosidl_interfaces/livox_ros_driver2
[24.671s] -- Installing: /home/sb/pointlio_change/install/livox_ros_driver2/include/livox_ros_driver2/livox_ros_driver2
[24.672s] -- Installing: /home/sb/pointlio_change/install/livox_ros_driver2/include/livox_ros_driver2/livox_ros_driver2/msg
[24.672s] -- Installing: /home/sb/pointlio_change/install/livox_ros_driver2/include/livox_ros_driver2/livox_ros_driver2/msg/detail
[24.672s] -- Installing: /home/sb/pointlio_change/install/livox_ros_driver2/include/livox_ros_driver2/livox_ros_driver2/msg/detail/custom_point__struct.h
[24.672s] -- Installing: /home/sb/pointlio_change/install/livox_ros_driver2/include/livox_ros_driver2/livox_ros_driver2/msg/detail/custom_msg__struct.h
[24.672s] -- Installing: /home/sb/pointlio_change/install/livox_ros_driver2/include/livox_ros_driver2/livox_ros_driver2/msg/detail/custom_point__type_support.h
[24.672s] -- Installing: /home/sb/pointlio_change/install/livox_ros_driver2/include/livox_ros_driver2/livox_ros_driver2/msg/detail/custom_point__functions.c
[24.672s] -- Installing: /home/sb/pointlio_change/install/livox_ros_driver2/include/livox_ros_driver2/livox_ros_driver2/msg/detail/custom_msg__functions.h
[24.672s] -- Installing: /home/sb/pointlio_change/install/livox_ros_driver2/include/livox_ros_driver2/livox_ros_driver2/msg/detail/custom_point__functions.h
[24.672s] -- Installing: /home/sb/pointlio_change/install/livox_ros_driver2/include/livox_ros_driver2/livox_ros_driver2/msg/detail/custom_msg__functions.c
[24.672s] -- Installing: /home/sb/pointlio_change/install/livox_ros_driver2/include/livox_ros_driver2/livox_ros_driver2/msg/detail/custom_msg__type_support.h
[24.672s] -- Installing: /home/sb/pointlio_change/install/livox_ros_driver2/include/livox_ros_driver2/livox_ros_driver2/msg/custom_msg.h
[24.672s] -- Installing: /home/sb/pointlio_change/install/livox_ros_driver2/include/livox_ros_driver2/livox_ros_driver2/msg/rosidl_generator_c__visibility_control.h
[24.673s] -- Installing: /home/sb/pointlio_change/install/livox_ros_driver2/include/livox_ros_driver2/livox_ros_driver2/msg/custom_point.h
[24.673s] -- Installing: /home/sb/pointlio_change/install/livox_ros_driver2/share/livox_ros_driver2/environment/library_path.sh
[24.673s] -- Installing: /home/sb/pointlio_change/install/livox_ros_driver2/share/livox_ros_driver2/environment/library_path.dsv
[24.673s] -- Installing: /home/sb/pointlio_change/install/livox_ros_driver2/lib/liblivox_ros_driver2__rosidl_generator_c.so
[24.673s] -- Set non-toolchain portion of runtime path of "/home/sb/pointlio_change/install/livox_ros_driver2/lib/liblivox_ros_driver2__rosidl_generator_c.so" to ""
[24.674s] -- Up-to-date: /home/sb/pointlio_change/install/livox_ros_driver2/include/livox_ros_driver2/livox_ros_driver2
[24.674s] -- Up-to-date: /home/sb/pointlio_change/install/livox_ros_driver2/include/livox_ros_driver2/livox_ros_driver2/msg
[24.674s] -- Installing: /home/sb/pointlio_change/install/livox_ros_driver2/include/livox_ros_driver2/livox_ros_driver2/msg/rosidl_typesupport_fastrtps_c__visibility_control.h
[24.674s] -- Up-to-date: /home/sb/pointlio_change/install/livox_ros_driver2/include/livox_ros_driver2/livox_ros_driver2/msg/detail
[24.674s] -- Installing: /home/sb/pointlio_change/install/livox_ros_driver2/include/livox_ros_driver2/livox_ros_driver2/msg/detail/custom_point__rosidl_typesupport_fastrtps_c.h
[24.674s] -- Installing: /home/sb/pointlio_change/install/livox_ros_driver2/include/livox_ros_driver2/livox_ros_driver2/msg/detail/custom_msg__rosidl_typesupport_fastrtps_c.h
[24.674s] -- Installing: /home/sb/pointlio_change/install/livox_ros_driver2/lib/liblivox_ros_driver2__rosidl_typesupport_fastrtps_c.so
[24.674s] -- Set non-toolchain portion of runtime path of "/home/sb/pointlio_change/install/livox_ros_driver2/lib/liblivox_ros_driver2__rosidl_typesupport_fastrtps_c.so" to ""
[24.674s] -- Up-to-date: /home/sb/pointlio_change/install/livox_ros_driver2/include/livox_ros_driver2/livox_ros_driver2
[24.675s] -- Up-to-date: /home/sb/pointlio_change/install/livox_ros_driver2/include/livox_ros_driver2/livox_ros_driver2/msg
[24.675s] -- Up-to-date: /home/sb/pointlio_change/install/livox_ros_driver2/include/livox_ros_driver2/livox_ros_driver2/msg/detail
[24.675s] -- Installing: /home/sb/pointlio_change/install/livox_ros_driver2/include/livox_ros_driver2/livox_ros_driver2/msg/detail/custom_point__type_support.c
[24.675s] -- Installing: /home/sb/pointlio_change/install/livox_ros_driver2/include/livox_ros_driver2/livox_ros_driver2/msg/detail/custom_msg__rosidl_typesupport_introspection_c.h
[24.675s] -- Installing: /home/sb/pointlio_change/install/livox_ros_driver2/include/livox_ros_driver2/livox_ros_driver2/msg/detail/custom_msg__type_support.c
[24.675s] -- Installing: /home/sb/pointlio_change/install/livox_ros_driver2/include/livox_ros_driver2/livox_ros_driver2/msg/detail/custom_point__rosidl_typesupport_introspection_c.h
[24.675s] -- Installing: /home/sb/pointlio_change/install/livox_ros_driver2/include/livox_ros_driver2/livox_ros_driver2/msg/rosidl_typesupport_introspection_c__visibility_control.h
[24.675s] -- Installing: /home/sb/pointlio_change/install/livox_ros_driver2/lib/liblivox_ros_driver2__rosidl_typesupport_introspection_c.so
[24.675s] -- Set non-toolchain portion of runtime path of "/home/sb/pointlio_change/install/livox_ros_driver2/lib/liblivox_ros_driver2__rosidl_typesupport_introspection_c.so" to ""
[24.675s] -- Installing: /home/sb/pointlio_change/install/livox_ros_driver2/lib/liblivox_ros_driver2__rosidl_typesupport_c.so
[24.675s] -- Set non-toolchain portion of runtime path of "/home/sb/pointlio_change/install/livox_ros_driver2/lib/liblivox_ros_driver2__rosidl_typesupport_c.so" to ""
[24.675s] -- Up-to-date: /home/sb/pointlio_change/install/livox_ros_driver2/include/livox_ros_driver2/livox_ros_driver2
[24.675s] -- Up-to-date: /home/sb/pointlio_change/install/livox_ros_driver2/include/livox_ros_driver2/livox_ros_driver2/msg
[24.676s] -- Installing: /home/sb/pointlio_change/install/livox_ros_driver2/include/livox_ros_driver2/livox_ros_driver2/msg/rosidl_generator_cpp__visibility_control.hpp
[24.676s] -- Up-to-date: /home/sb/pointlio_change/install/livox_ros_driver2/include/livox_ros_driver2/livox_ros_driver2/msg/detail
[24.676s] -- Installing: /home/sb/pointlio_change/install/livox_ros_driver2/include/livox_ros_driver2/livox_ros_driver2/msg/detail/custom_msg__type_support.hpp
[24.676s] -- Installing: /home/sb/pointlio_change/install/livox_ros_driver2/include/livox_ros_driver2/livox_ros_driver2/msg/detail/custom_point__builder.hpp
[24.676s] -- Installing: /home/sb/pointlio_change/install/livox_ros_driver2/include/livox_ros_driver2/livox_ros_driver2/msg/detail/custom_msg__builder.hpp
[24.676s] -- Installing: /home/sb/pointlio_change/install/livox_ros_driver2/include/livox_ros_driver2/livox_ros_driver2/msg/detail/custom_point__type_support.hpp
[24.676s] -- Installing: /home/sb/pointlio_change/install/livox_ros_driver2/include/livox_ros_driver2/livox_ros_driver2/msg/detail/custom_point__struct.hpp
[24.676s] -- Installing: /home/sb/pointlio_change/install/livox_ros_driver2/include/livox_ros_driver2/livox_ros_driver2/msg/detail/custom_msg__struct.hpp
[24.676s] -- Installing: /home/sb/pointlio_change/install/livox_ros_driver2/include/livox_ros_driver2/livox_ros_driver2/msg/detail/custom_msg__traits.hpp
[24.676s] -- Installing: /home/sb/pointlio_change/install/livox_ros_driver2/include/livox_ros_driver2/livox_ros_driver2/msg/detail/custom_point__traits.hpp
[24.676s] -- Installing: /home/sb/pointlio_change/install/livox_ros_driver2/include/livox_ros_driver2/livox_ros_driver2/msg/custom_point.hpp
[24.676s] -- Installing: /home/sb/pointlio_change/install/livox_ros_driver2/include/livox_ros_driver2/livox_ros_driver2/msg/custom_msg.hpp
[24.676s] -- Up-to-date: /home/sb/pointlio_change/install/livox_ros_driver2/include/livox_ros_driver2/livox_ros_driver2
[24.677s] -- Up-to-date: /home/sb/pointlio_change/install/livox_ros_driver2/include/livox_ros_driver2/livox_ros_driver2/msg
[24.677s] -- Installing: /home/sb/pointlio_change/install/livox_ros_driver2/include/livox_ros_driver2/livox_ros_driver2/msg/rosidl_typesupport_fastrtps_cpp__visibility_control.h
[24.677s] -- Up-to-date: /home/sb/pointlio_change/install/livox_ros_driver2/include/livox_ros_driver2/livox_ros_driver2/msg/detail
[24.677s] -- Installing: /home/sb/pointlio_change/install/livox_ros_driver2/include/livox_ros_driver2/livox_ros_driver2/msg/detail/dds_fastrtps
[24.677s] -- Installing: /home/sb/pointlio_change/install/livox_ros_driver2/include/livox_ros_driver2/livox_ros_driver2/msg/detail/custom_point__rosidl_typesupport_fastrtps_cpp.hpp
[24.677s] -- Installing: /home/sb/pointlio_change/install/livox_ros_driver2/include/livox_ros_driver2/livox_ros_driver2/msg/detail/custom_msg__rosidl_typesupport_fastrtps_cpp.hpp
[24.677s] -- Installing: /home/sb/pointlio_change/install/livox_ros_driver2/lib/liblivox_ros_driver2__rosidl_typesupport_fastrtps_cpp.so
[24.677s] -- Set non-toolchain portion of runtime path of "/home/sb/pointlio_change/install/livox_ros_driver2/lib/liblivox_ros_driver2__rosidl_typesupport_fastrtps_cpp.so" to ""
[24.677s] -- Up-to-date: /home/sb/pointlio_change/install/livox_ros_driver2/include/livox_ros_driver2/livox_ros_driver2
[24.677s] -- Up-to-date: /home/sb/pointlio_change/install/livox_ros_driver2/include/livox_ros_driver2/livox_ros_driver2/msg
[24.677s] -- Up-to-date: /home/sb/pointlio_change/install/livox_ros_driver2/include/livox_ros_driver2/livox_ros_driver2/msg/detail
[24.677s] -- Installing: /home/sb/pointlio_change/install/livox_ros_driver2/include/livox_ros_driver2/livox_ros_driver2/msg/detail/custom_point__rosidl_typesupport_introspection_cpp.hpp
[24.677s] -- Installing: /home/sb/pointlio_change/install/livox_ros_driver2/include/livox_ros_driver2/livox_ros_driver2/msg/detail/custom_msg__type_support.cpp
[24.678s] -- Installing: /home/sb/pointlio_change/install/livox_ros_driver2/include/livox_ros_driver2/livox_ros_driver2/msg/detail/custom_point__type_support.cpp
[24.678s] -- Installing: /home/sb/pointlio_change/install/livox_ros_driver2/include/livox_ros_driver2/livox_ros_driver2/msg/detail/custom_msg__rosidl_typesupport_introspection_cpp.hpp
[24.678s] -- Installing: /home/sb/pointlio_change/install/livox_ros_driver2/lib/liblivox_ros_driver2__rosidl_typesupport_introspection_cpp.so
[24.678s] -- Set non-toolchain portion of runtime path of "/home/sb/pointlio_change/install/livox_ros_driver2/lib/liblivox_ros_driver2__rosidl_typesupport_introspection_cpp.so" to ""
[24.678s] -- Installing: /home/sb/pointlio_change/install/livox_ros_driver2/lib/liblivox_ros_driver2__rosidl_typesupport_cpp.so
[24.678s] -- Set non-toolchain portion of runtime path of "/home/sb/pointlio_change/install/livox_ros_driver2/lib/liblivox_ros_driver2__rosidl_typesupport_cpp.so" to ""
[24.678s] -- Installing: /home/sb/pointlio_change/install/livox_ros_driver2/share/livox_ros_driver2/environment/pythonpath.sh
[24.678s] -- Installing: /home/sb/pointlio_change/install/livox_ros_driver2/share/livox_ros_driver2/environment/pythonpath.dsv
[24.678s] -- Installing: /home/sb/pointlio_change/install/livox_ros_driver2/local/lib/python3.10/dist-packages/livox_ros_driver2-1.0.0-py3.10.egg-info
[24.678s] -- Installing: /home/sb/pointlio_change/install/livox_ros_driver2/local/lib/python3.10/dist-packages/livox_ros_driver2-1.0.0-py3.10.egg-info/SOURCES.txt
[24.678s] -- Installing: /home/sb/pointlio_change/install/livox_ros_driver2/local/lib/python3.10/dist-packages/livox_ros_driver2-1.0.0-py3.10.egg-info/PKG-INFO
[24.678s] -- Installing: /home/sb/pointlio_change/install/livox_ros_driver2/local/lib/python3.10/dist-packages/livox_ros_driver2-1.0.0-py3.10.egg-info/dependency_links.txt
[24.679s] -- Installing: /home/sb/pointlio_change/install/livox_ros_driver2/local/lib/python3.10/dist-packages/livox_ros_driver2-1.0.0-py3.10.egg-info/top_level.txt
[24.679s] -- Installing: /home/sb/pointlio_change/install/livox_ros_driver2/local/lib/python3.10/dist-packages/livox_ros_driver2
[24.679s] -- Installing: /home/sb/pointlio_change/install/livox_ros_driver2/local/lib/python3.10/dist-packages/livox_ros_driver2/livox_ros_driver2_s__rosidl_typesupport_fastrtps_c.cpython-310-x86_64-linux-gnu.so
[24.679s] -- Installing: /home/sb/pointlio_change/install/livox_ros_driver2/local/lib/python3.10/dist-packages/livox_ros_driver2/livox_ros_driver2_s__rosidl_typesupport_introspection_c.cpython-310-x86_64-linux-gnu.so
[24.679s] -- Installing: /home/sb/pointlio_change/install/livox_ros_driver2/local/lib/python3.10/dist-packages/livox_ros_driver2/liblivox_interfaces2__rosidl_generator_py.so
[24.679s] -- Installing: /home/sb/pointlio_change/install/livox_ros_driver2/local/lib/python3.10/dist-packages/livox_ros_driver2/livox_ros_driver2_s__rosidl_typesupport_c.cpython-310-x86_64-linux-gnu.so
[24.679s] -- Installing: /home/sb/pointlio_change/install/livox_ros_driver2/local/lib/python3.10/dist-packages/livox_ros_driver2/_livox_ros_driver2_s.ep.rosidl_typesupport_introspection_c.c
[24.679s] -- Installing: /home/sb/pointlio_change/install/livox_ros_driver2/local/lib/python3.10/dist-packages/livox_ros_driver2/_livox_ros_driver2_s.ep.rosidl_typesupport_fastrtps_c.c
[24.679s] -- Installing: /home/sb/pointlio_change/install/livox_ros_driver2/local/lib/python3.10/dist-packages/livox_ros_driver2/__init__.py
[24.679s] -- Installing: /home/sb/pointlio_change/install/livox_ros_driver2/local/lib/python3.10/dist-packages/livox_ros_driver2/_livox_ros_driver2_s.ep.rosidl_typesupport_c.c
[24.679s] -- Installing: /home/sb/pointlio_change/install/livox_ros_driver2/local/lib/python3.10/dist-packages/livox_ros_driver2/msg
[24.680s] -- Installing: /home/sb/pointlio_change/install/livox_ros_driver2/local/lib/python3.10/dist-packages/livox_ros_driver2/msg/_custom_msg.py
[24.680s] -- Installing: /home/sb/pointlio_change/install/livox_ros_driver2/local/lib/python3.10/dist-packages/livox_ros_driver2/msg/_custom_point.py
[24.680s] -- Installing: /home/sb/pointlio_change/install/livox_ros_driver2/local/lib/python3.10/dist-packages/livox_ros_driver2/msg/_custom_point_s.c
[24.680s] -- Installing: /home/sb/pointlio_change/install/livox_ros_driver2/local/lib/python3.10/dist-packages/livox_ros_driver2/msg/__init__.py
[24.680s] -- Installing: /home/sb/pointlio_change/install/livox_ros_driver2/local/lib/python3.10/dist-packages/livox_ros_driver2/msg/_custom_msg_s.c
[24.737s] Listing '/home/sb/pointlio_change/install/livox_ros_driver2/local/lib/python3.10/dist-packages/livox_ros_driver2'...
[24.737s] Compiling '/home/sb/pointlio_change/install/livox_ros_driver2/local/lib/python3.10/dist-packages/livox_ros_driver2/__init__.py'...
[24.737s] Listing '/home/sb/pointlio_change/install/livox_ros_driver2/local/lib/python3.10/dist-packages/livox_ros_driver2/msg'...
[24.737s] Compiling '/home/sb/pointlio_change/install/livox_ros_driver2/local/lib/python3.10/dist-packages/livox_ros_driver2/msg/__init__.py'...
[24.737s] Compiling '/home/sb/pointlio_change/install/livox_ros_driver2/local/lib/python3.10/dist-packages/livox_ros_driver2/msg/_custom_msg.py'...
[24.737s] Compiling '/home/sb/pointlio_change/install/livox_ros_driver2/local/lib/python3.10/dist-packages/livox_ros_driver2/msg/_custom_point.py'...
[24.744s] -- Installing: /home/sb/pointlio_change/install/livox_ros_driver2/local/lib/python3.10/dist-packages/livox_ros_driver2/livox_ros_driver2_s__rosidl_typesupport_fastrtps_c.cpython-310-x86_64-linux-gnu.so
[24.744s] -- Set non-toolchain portion of runtime path of "/home/sb/pointlio_change/install/livox_ros_driver2/local/lib/python3.10/dist-packages/livox_ros_driver2/livox_ros_driver2_s__rosidl_typesupport_fastrtps_c.cpython-310-x86_64-linux-gnu.so" to ""
[24.744s] -- Installing: /home/sb/pointlio_change/install/livox_ros_driver2/local/lib/python3.10/dist-packages/livox_ros_driver2/livox_ros_driver2_s__rosidl_typesupport_introspection_c.cpython-310-x86_64-linux-gnu.so
[24.744s] -- Set non-toolchain portion of runtime path of "/home/sb/pointlio_change/install/livox_ros_driver2/local/lib/python3.10/dist-packages/livox_ros_driver2/livox_ros_driver2_s__rosidl_typesupport_introspection_c.cpython-310-x86_64-linux-gnu.so" to ""
[24.744s] -- Installing: /home/sb/pointlio_change/install/livox_ros_driver2/local/lib/python3.10/dist-packages/livox_ros_driver2/livox_ros_driver2_s__rosidl_typesupport_c.cpython-310-x86_64-linux-gnu.so
[24.745s] -- Set non-toolchain portion of runtime path of "/home/sb/pointlio_change/install/livox_ros_driver2/local/lib/python3.10/dist-packages/livox_ros_driver2/livox_ros_driver2_s__rosidl_typesupport_c.cpython-310-x86_64-linux-gnu.so" to ""
[24.745s] -- Installing: /home/sb/pointlio_change/install/livox_ros_driver2/lib/liblivox_interfaces2__rosidl_generator_py.so
[24.745s] -- Set non-toolchain portion of runtime path of "/home/sb/pointlio_change/install/livox_ros_driver2/lib/liblivox_interfaces2__rosidl_generator_py.so" to ""
[24.745s] -- Installing: /home/sb/pointlio_change/install/livox_ros_driver2/share/ament_index/resource_index/rust_packages/livox_ros_driver2
[24.745s] -- Installing: /home/sb/pointlio_change/install/livox_ros_driver2/share/livox_ros_driver2/rust
[24.746s] -- Installing: /home/sb/pointlio_change/install/livox_ros_driver2/share/livox_ros_driver2/rust/build.rs
[24.746s] -- Installing: /home/sb/pointlio_change/install/livox_ros_driver2/share/livox_ros_driver2/rust/src
[24.746s] -- Installing: /home/sb/pointlio_change/install/livox_ros_driver2/share/livox_ros_driver2/rust/src/msg.rs
[24.746s] -- Installing: /home/sb/pointlio_change/install/livox_ros_driver2/share/livox_ros_driver2/rust/src/msg
[24.746s] -- Installing: /home/sb/pointlio_change/install/livox_ros_driver2/share/livox_ros_driver2/rust/src/msg/rmw.rs
[24.746s] -- Installing: /home/sb/pointlio_change/install/livox_ros_driver2/share/livox_ros_driver2/rust/src/lib.rs
[24.746s] -- Installing: /home/sb/pointlio_change/install/livox_ros_driver2/share/livox_ros_driver2/rust/Cargo.toml
[24.746s] -- Installing: /home/sb/pointlio_change/install/livox_ros_driver2/share/livox_ros_driver2/msg/CustomPoint.idl
[24.746s] -- Installing: /home/sb/pointlio_change/install/livox_ros_driver2/share/livox_ros_driver2/msg/CustomMsg.idl
[24.746s] -- Installing: /home/sb/pointlio_change/install/livox_ros_driver2/share/livox_ros_driver2/msg/CustomPoint.msg
[24.747s] -- Installing: /home/sb/pointlio_change/install/livox_ros_driver2/share/livox_ros_driver2/msg/CustomMsg.msg
[24.747s] -- Installing: /home/sb/pointlio_change/install/livox_ros_driver2/lib/livox_ros_driver2/livox_ros_driver2_node
[24.747s] -- Set non-toolchain portion of runtime path of "/home/sb/pointlio_change/install/livox_ros_driver2/lib/livox_ros_driver2/livox_ros_driver2_node" to "/usr/lib/x86_64-linux-gnu:/usr/local/lib:/opt/ros/humble/lib"
[24.747s] -- Installing: /home/sb/pointlio_change/install/livox_ros_driver2/lib/liblivox_ros_driver2.so
[24.751s] -- Set non-toolchain portion of runtime path of "/home/sb/pointlio_change/install/livox_ros_driver2/lib/liblivox_ros_driver2.so" to "/usr/lib/x86_64-linux-gnu:/usr/local/lib:/opt/ros/humble/lib"
[24.751s] -- Installing: /home/sb/pointlio_change/install/livox_ros_driver2/share/livox_ros_driver2/config
[24.751s] -- Installing: /home/sb/pointlio_change/install/livox_ros_driver2/share/livox_ros_driver2/config/MID360_config.json
[24.751s] -- Installing: /home/sb/pointlio_change/install/livox_ros_driver2/share/livox_ros_driver2/config/mixed_HAP_MID360_config.json
[24.751s] -- Installing: /home/sb/pointlio_change/install/livox_ros_driver2/share/livox_ros_driver2/config/HAP_config.json
[24.752s] -- Installing: /home/sb/pointlio_change/install/livox_ros_driver2/share/livox_ros_driver2/config/display_point_cloud_ROS2.rviz
[24.752s] -- Installing: /home/sb/pointlio_change/install/livox_ros_driver2/share/livox_ros_driver2/config/display_point_cloud_ROS1.rviz
[24.752s] -- Installing: /home/sb/pointlio_change/install/livox_ros_driver2/share/livox_ros_driver2/launch_ROS2
[24.752s] -- Installing: /home/sb/pointlio_change/install/livox_ros_driver2/share/livox_ros_driver2/launch_ROS2/msg_MID360_launch.py
[24.753s] -- Installing: /home/sb/pointlio_change/install/livox_ros_driver2/share/livox_ros_driver2/launch_ROS2/msg_HAP_launch.py
[24.753s] -- Installing: /home/sb/pointlio_change/install/livox_ros_driver2/share/livox_ros_driver2/launch_ROS2/rviz_MID360_launch.py
[24.753s] -- Installing: /home/sb/pointlio_change/install/livox_ros_driver2/share/livox_ros_driver2/launch_ROS2/rviz_mixed.py
[24.753s] -- Installing: /home/sb/pointlio_change/install/livox_ros_driver2/share/livox_ros_driver2/launch_ROS2/rviz_HAP_launch.py
[24.754s] -- Installing: /home/sb/pointlio_change/install/livox_ros_driver2/share/ament_index/resource_index/package_run_dependencies/livox_ros_driver2
[24.754s] -- Installing: /home/sb/pointlio_change/install/livox_ros_driver2/share/ament_index/resource_index/parent_prefix_path/livox_ros_driver2
[24.754s] -- Installing: /home/sb/pointlio_change/install/livox_ros_driver2/share/livox_ros_driver2/environment/ament_prefix_path.sh
[24.754s] -- Installing: /home/sb/pointlio_change/install/livox_ros_driver2/share/livox_ros_driver2/environment/ament_prefix_path.dsv
[24.754s] -- Installing: /home/sb/pointlio_change/install/livox_ros_driver2/share/livox_ros_driver2/environment/path.sh
[24.754s] -- Installing: /home/sb/pointlio_change/install/livox_ros_driver2/share/livox_ros_driver2/environment/path.dsv
[24.754s] -- Installing: /home/sb/pointlio_change/install/livox_ros_driver2/share/livox_ros_driver2/local_setup.bash
[24.754s] -- Installing: /home/sb/pointlio_change/install/livox_ros_driver2/share/livox_ros_driver2/local_setup.sh
[24.755s] -- Installing: /home/sb/pointlio_change/install/livox_ros_driver2/share/livox_ros_driver2/local_setup.zsh
[24.755s] -- Installing: /home/sb/pointlio_change/install/livox_ros_driver2/share/livox_ros_driver2/local_setup.dsv
[24.755s] -- Installing: /home/sb/pointlio_change/install/livox_ros_driver2/share/livox_ros_driver2/package.dsv
[24.755s] -- Installing: /home/sb/pointlio_change/install/livox_ros_driver2/share/ament_index/resource_index/packages/livox_ros_driver2
[24.755s] -- Installing: /home/sb/pointlio_change/install/livox_ros_driver2/share/livox_ros_driver2/cmake/export_livox_interfaces2__rosidl_generator_cExport.cmake
[24.755s] -- Installing: /home/sb/pointlio_change/install/livox_ros_driver2/share/livox_ros_driver2/cmake/export_livox_interfaces2__rosidl_generator_cExport-noconfig.cmake
[24.755s] -- Installing: /home/sb/pointlio_change/install/livox_ros_driver2/share/livox_ros_driver2/cmake/export_livox_interfaces2__rosidl_typesupport_fastrtps_cExport.cmake
[24.755s] -- Installing: /home/sb/pointlio_change/install/livox_ros_driver2/share/livox_ros_driver2/cmake/export_livox_interfaces2__rosidl_typesupport_fastrtps_cExport-noconfig.cmake
[24.755s] -- Installing: /home/sb/pointlio_change/install/livox_ros_driver2/share/livox_ros_driver2/cmake/livox_interfaces2__rosidl_typesupport_introspection_cExport.cmake
[24.756s] -- Installing: /home/sb/pointlio_change/install/livox_ros_driver2/share/livox_ros_driver2/cmake/livox_interfaces2__rosidl_typesupport_introspection_cExport-noconfig.cmake
[24.756s] -- Installing: /home/sb/pointlio_change/install/livox_ros_driver2/share/livox_ros_driver2/cmake/livox_interfaces2__rosidl_typesupport_cExport.cmake
[24.756s] -- Installing: /home/sb/pointlio_change/install/livox_ros_driver2/share/livox_ros_driver2/cmake/livox_interfaces2__rosidl_typesupport_cExport-noconfig.cmake
[24.756s] -- Installing: /home/sb/pointlio_change/install/livox_ros_driver2/share/livox_ros_driver2/cmake/export_livox_interfaces2__rosidl_generator_cppExport.cmake
[24.756s] -- Installing: /home/sb/pointlio_change/install/livox_ros_driver2/share/livox_ros_driver2/cmake/export_livox_interfaces2__rosidl_typesupport_fastrtps_cppExport.cmake
[24.756s] -- Installing: /home/sb/pointlio_change/install/livox_ros_driver2/share/livox_ros_driver2/cmake/export_livox_interfaces2__rosidl_typesupport_fastrtps_cppExport-noconfig.cmake
[24.756s] -- Installing: /home/sb/pointlio_change/install/livox_ros_driver2/share/livox_ros_driver2/cmake/livox_interfaces2__rosidl_typesupport_introspection_cppExport.cmake
[24.756s] -- Installing: /home/sb/pointlio_change/install/livox_ros_driver2/share/livox_ros_driver2/cmake/livox_interfaces2__rosidl_typesupport_introspection_cppExport-noconfig.cmake
[24.757s] -- Installing: /home/sb/pointlio_change/install/livox_ros_driver2/share/livox_ros_driver2/cmake/livox_interfaces2__rosidl_typesupport_cppExport.cmake
[24.757s] -- Installing: /home/sb/pointlio_change/install/livox_ros_driver2/share/livox_ros_driver2/cmake/livox_interfaces2__rosidl_typesupport_cppExport-noconfig.cmake
[24.757s] -- Installing: /home/sb/pointlio_change/install/livox_ros_driver2/share/livox_ros_driver2/cmake/export_livox_interfaces2__rosidl_generator_pyExport.cmake
[24.757s] -- Installing: /home/sb/pointlio_change/install/livox_ros_driver2/share/livox_ros_driver2/cmake/export_livox_interfaces2__rosidl_generator_pyExport-noconfig.cmake
[24.757s] -- Installing: /home/sb/pointlio_change/install/livox_ros_driver2/share/ament_index/resource_index/rclcpp_components/livox_ros_driver2
[24.757s] -- Installing: /home/sb/pointlio_change/install/livox_ros_driver2/share/livox_ros_driver2/cmake/rosidl_cmake-extras.cmake
[24.757s] -- Installing: /home/sb/pointlio_change/install/livox_ros_driver2/share/livox_ros_driver2/cmake/ament_cmake_export_dependencies-extras.cmake
[24.757s] -- Installing: /home/sb/pointlio_change/install/livox_ros_driver2/share/livox_ros_driver2/cmake/ament_cmake_export_include_directories-extras.cmake
[24.757s] -- Installing: /home/sb/pointlio_change/install/livox_ros_driver2/share/livox_ros_driver2/cmake/ament_cmake_export_libraries-extras.cmake
[24.758s] -- Installing: /home/sb/pointlio_change/install/livox_ros_driver2/share/livox_ros_driver2/cmake/ament_cmake_export_targets-extras.cmake
[24.758s] -- Installing: /home/sb/pointlio_change/install/livox_ros_driver2/share/livox_ros_driver2/cmake/rosidl_cmake_export_typesupport_targets-extras.cmake
[24.758s] -- Installing: /home/sb/pointlio_change/install/livox_ros_driver2/share/livox_ros_driver2/cmake/rosidl_cmake_export_typesupport_libraries-extras.cmake
[24.758s] -- Installing: /home/sb/pointlio_change/install/livox_ros_driver2/share/livox_ros_driver2/cmake/livox_ros_driver2Config.cmake
[24.758s] -- Installing: /home/sb/pointlio_change/install/livox_ros_driver2/share/livox_ros_driver2/cmake/livox_ros_driver2Config-version.cmake
[24.758s] -- Installing: /home/sb/pointlio_change/install/livox_ros_driver2/share/livox_ros_driver2/package.xml
[24.761s] Invoked command in '/home/sb/pointlio_change/build/livox_ros_driver2' returned '0': CMAKE_PREFIX_PATH=/opt/ros/humble _=/usr/bin/env /home/sb/.local/bin/cmake --install /home/sb/pointlio_change/build/livox_ros_driver2
